2021-10-01 00:00:21.201 +06:00 [INF] Application Starting up
2021-10-01 00:00:22.982 +06:00 [INF] no file to delete
2021-10-01 00:00:22.984 +06:00 [INF] Worker running at: "2021-10-01T00:00:22.9838914+06:00"
2021-10-01 00:00:43.006 +06:00 [INF] no file to delete
2021-10-01 00:00:43.006 +06:00 [INF] Worker running at: "2021-10-01T00:00:43.0062355+06:00"
2021-10-01 00:01:03.012 +06:00 [INF] no file to delete
2021-10-01 00:01:03.012 +06:00 [INF] Worker running at: "2021-10-01T00:01:03.0124542+06:00"
2021-10-01 00:01:23.020 +06:00 [INF] no file to delete
2021-10-01 00:01:23.020 +06:00 [INF] Worker running at: "2021-10-01T00:01:23.0202355+06:00"
2021-10-01 00:01:43.064 +06:00 [INF] no file to delete
2021-10-01 00:01:43.064 +06:00 [INF] Worker running at: "2021-10-01T00:01:43.0645887+06:00"
2021-10-01 00:02:03.065 +06:00 [INF] no file to delete
2021-10-01 00:02:03.065 +06:00 [INF] Worker running at: "2021-10-01T00:02:03.0652448+06:00"
2021-10-01 00:02:23.079 +06:00 [INF] no file to delete
2021-10-01 00:02:23.079 +06:00 [INF] Worker running at: "2021-10-01T00:02:23.0795764+06:00"
2021-10-01 00:02:43.092 +06:00 [INF] no file to delete
2021-10-01 00:02:43.092 +06:00 [INF] Worker running at: "2021-10-01T00:02:43.0921413+06:00"
2021-10-01 00:03:03.107 +06:00 [INF] no file to delete
2021-10-01 00:03:03.107 +06:00 [INF] Worker running at: "2021-10-01T00:03:03.1074440+06:00"
2021-10-01 00:03:23.109 +06:00 [INF] no file to delete
2021-10-01 00:03:23.109 +06:00 [INF] Worker running at: "2021-10-01T00:03:23.1096081+06:00"
2021-10-01 00:03:43.313 +06:00 [INF] Deleted 
2021-10-01 00:03:43.313 +06:00 [INF] Worker running at: "2021-10-01T00:03:43.3134556+06:00"
2021-10-01 00:07:19.244 +06:00 [INF] Application Starting up
2021-10-01 00:07:20.789 +06:00 [INF] no file to delete
2021-10-01 00:07:20.790 +06:00 [INF] Worker running at: "2021-10-01T00:07:20.7899696+06:00"
2021-10-01 00:07:40.801 +06:00 [INF] no file to delete
2021-10-01 00:07:40.801 +06:00 [INF] Worker running at: "2021-10-01T00:07:40.8010827+06:00"
2021-10-01 00:08:00.816 +06:00 [INF] no file to delete
2021-10-01 00:08:00.816 +06:00 [INF] Worker running at: "2021-10-01T00:08:00.8161313+06:00"
2021-10-01 00:08:21.019 +06:00 [INF] Deleted 
2021-10-01 00:08:21.019 +06:00 [INF] Worker running at: "2021-10-01T00:08:21.0197928+06:00"
2021-10-01 00:19:59.299 +06:00 [INF] Application Starting up
2021-10-01 00:20:00.862 +06:00 [INF] no file to delete
2021-10-01 00:20:00.864 +06:00 [INF] Worker running at: "2021-10-01T00:20:00.8638943+06:00"
2021-10-01 00:20:20.887 +06:00 [INF] no file to delete
2021-10-01 00:20:20.887 +06:00 [INF] Worker running at: "2021-10-01T00:20:20.8876397+06:00"
2021-10-01 00:20:40.904 +06:00 [INF] no file to delete
2021-10-01 00:20:40.905 +06:00 [INF] Worker running at: "2021-10-01T00:20:40.9050821+06:00"
2021-10-01 00:21:00.916 +06:00 [INF] no file to delete
2021-10-01 00:21:00.916 +06:00 [INF] Worker running at: "2021-10-01T00:21:00.9166417+06:00"
2021-10-01 00:27:03.141 +06:00 [INF] Application Starting up
2021-10-01 00:27:04.719 +06:00 [FTL] Application start-up failed
System.IO.FileNotFoundException: Could not find file 'D:\#FinalProject\3\DataImporter\wwwroot\ExcelFiles\NAPE.xlsx'.
File name: 'D:\#FinalProject\3\DataImporter\wwwroot\ExcelFiles\NAPE.xlsx'
   at System.IO.FileStream.ValidateFileHandle(SafeFileHandle fileHandle)
   at System.IO.FileStream.CreateFileOpenHandle(FileMode mode, FileShare share, FileOptions options)
   at System.IO.FileStream..ctor(String path, FileMode mode, FileAccess access, FileShare share, Int32 bufferSize, FileOptions options)
   at System.IO.FileStream..ctor(String path, FileMode mode, FileAccess access, FileShare share)
   at System.IO.File.Open(String path, FileMode mode, FileAccess access)
   at DataImporter.Info.Services.DataImporterService.SaveExcelDatatoDb() in D:\#FinalProject\3\DataImporter.Info\Services\DataImporterService.cs:line 205
   at DataImporter.ImportWorker.Worker.ExecuteAsync(CancellationToken stoppingToken) in D:\#FinalProject\3\DataImporter.ImportWorker\Worker.cs:line 30
   at Microsoft.Extensions.Hosting.Internal.Host.StartAsync(CancellationToken cancellationToken)
   at Microsoft.Extensions.Hosting.HostingAbstractionsHostExtensions.RunAsync(IHost host, CancellationToken token)
   at Microsoft.Extensions.Hosting.HostingAbstractionsHostExtensions.RunAsync(IHost host, CancellationToken token)
   at Microsoft.Extensions.Hosting.HostingAbstractionsHostExtensions.Run(IHost host)
   at DataImporter.ImportWorker.Program.Main(String[] args) in D:\#FinalProject\3\DataImporter.ImportWorker\Program.cs:line 48
2021-10-01 00:28:01.674 +06:00 [INF] Application Starting up
2021-10-01 00:28:03.172 +06:00 [INF] no file to delete
2021-10-01 00:28:03.174 +06:00 [INF] Worker running at: "2021-10-01T00:28:03.1736974+06:00"
2021-10-01 00:28:28.178 +06:00 [INF] no file to delete
2021-10-01 00:28:28.178 +06:00 [INF] Worker running at: "2021-10-01T00:28:28.1787949+06:00"
2021-10-01 00:29:49.905 +06:00 [INF] Application Starting up
2021-10-01 00:29:51.441 +06:00 [INF] no file to delete
2021-10-01 00:29:51.443 +06:00 [INF] Worker running at: "2021-10-01T00:29:51.4428901+06:00"
2021-10-01 00:30:11.663 +06:00 [INF] Deleted 
2021-10-01 00:30:11.663 +06:00 [INF] Worker running at: "2021-10-01T00:30:11.6639269+06:00"
2021-10-01 00:30:31.728 +06:00 [INF] Deleted 
2021-10-01 00:30:31.728 +06:00 [INF] Worker running at: "2021-10-01T00:30:31.7289004+06:00"
2021-10-01 00:33:45.531 +06:00 [INF] Application Starting up
2021-10-01 00:33:47.275 +06:00 [INF] Deleted 
2021-10-01 00:33:47.276 +06:00 [INF] Worker running at: "2021-10-01T00:33:47.2763511+06:00"
2021-10-01 00:34:07.287 +06:00 [INF] no file to delete
2021-10-01 00:34:07.287 +06:00 [INF] Worker running at: "2021-10-01T00:34:07.2873573+06:00"
2021-10-01 00:34:27.299 +06:00 [INF] no file to delete
2021-10-01 00:34:27.299 +06:00 [INF] Worker running at: "2021-10-01T00:34:27.2996474+06:00"
2021-10-01 00:34:47.311 +06:00 [INF] no file to delete
2021-10-01 00:34:47.311 +06:00 [INF] Worker running at: "2021-10-01T00:34:47.3114153+06:00"
2021-10-01 00:35:07.326 +06:00 [INF] no file to delete
2021-10-01 00:35:07.326 +06:00 [INF] Worker running at: "2021-10-01T00:35:07.3266699+06:00"
2021-10-01 00:35:27.339 +06:00 [INF] no file to delete
2021-10-01 00:35:27.339 +06:00 [INF] Worker running at: "2021-10-01T00:35:27.3393926+06:00"
2021-10-01 00:35:47.359 +06:00 [INF] no file to delete
2021-10-01 00:35:47.359 +06:00 [INF] Worker running at: "2021-10-01T00:35:47.3592457+06:00"
2021-10-01 00:36:07.395 +06:00 [INF] no file to delete
2021-10-01 00:36:07.395 +06:00 [INF] Worker running at: "2021-10-01T00:36:07.3953840+06:00"
2021-10-01 00:36:27.434 +06:00 [INF] no file to delete
2021-10-01 00:36:27.434 +06:00 [INF] Worker running at: "2021-10-01T00:36:27.4341593+06:00"
2021-10-01 00:36:47.449 +06:00 [INF] no file to delete
2021-10-01 00:36:47.449 +06:00 [INF] Worker running at: "2021-10-01T00:36:47.4491626+06:00"
2021-10-01 00:37:07.467 +06:00 [INF] no file to delete
2021-10-01 00:37:07.467 +06:00 [INF] Worker running at: "2021-10-01T00:37:07.4677555+06:00"
2021-10-01 00:37:27.477 +06:00 [INF] no file to delete
2021-10-01 00:37:27.477 +06:00 [INF] Worker running at: "2021-10-01T00:37:27.4770928+06:00"
2021-10-01 00:37:47.484 +06:00 [INF] no file to delete
2021-10-01 00:37:47.484 +06:00 [INF] Worker running at: "2021-10-01T00:37:47.4841614+06:00"
2021-10-01 00:38:07.499 +06:00 [INF] no file to delete
2021-10-01 00:38:07.499 +06:00 [INF] Worker running at: "2021-10-01T00:38:07.4994946+06:00"
2021-10-01 00:38:27.516 +06:00 [INF] no file to delete
2021-10-01 00:38:27.516 +06:00 [INF] Worker running at: "2021-10-01T00:38:27.5165468+06:00"
2021-10-01 00:38:47.533 +06:00 [INF] no file to delete
2021-10-01 00:38:47.534 +06:00 [INF] Worker running at: "2021-10-01T00:38:47.5339236+06:00"
2021-10-01 00:39:07.569 +06:00 [INF] no file to delete
2021-10-01 00:39:07.569 +06:00 [INF] Worker running at: "2021-10-01T00:39:07.5694003+06:00"
2021-10-01 00:39:27.578 +06:00 [INF] no file to delete
2021-10-01 00:39:27.578 +06:00 [INF] Worker running at: "2021-10-01T00:39:27.5780769+06:00"
2021-10-01 00:39:47.621 +06:00 [INF] no file to delete
2021-10-01 00:39:47.621 +06:00 [INF] Worker running at: "2021-10-01T00:39:47.6213688+06:00"
2021-10-01 00:40:07.640 +06:00 [INF] no file to delete
2021-10-01 00:40:07.641 +06:00 [INF] Worker running at: "2021-10-01T00:40:07.6410161+06:00"
2021-10-01 00:40:27.683 +06:00 [INF] no file to delete
2021-10-01 00:40:27.683 +06:00 [INF] Worker running at: "2021-10-01T00:40:27.6833358+06:00"
2021-10-01 00:41:31.050 +06:00 [INF] no file to delete
2021-10-01 00:41:31.050 +06:00 [INF] Worker running at: "2021-10-01T00:41:31.0507630+06:00"
2021-10-01 00:43:02.473 +06:00 [INF] Application Starting up
2021-10-01 00:43:04.116 +06:00 [INF] no file to delete
2021-10-01 00:43:04.118 +06:00 [INF] Worker running at: "2021-10-01T00:43:04.1177420+06:00"
2021-10-01 00:43:28.214 +06:00 [INF] no file to delete
2021-10-01 00:43:28.214 +06:00 [INF] Worker running at: "2021-10-01T00:43:28.2148027+06:00"
2021-10-01 00:45:06.785 +06:00 [INF] Application Starting up
2021-10-01 00:45:08.627 +06:00 [INF] Deleted 
2021-10-01 00:45:08.629 +06:00 [INF] Worker running at: "2021-10-01T00:45:08.6285799+06:00"
2021-10-01 00:45:33.733 +06:00 [INF] no file to delete
2021-10-01 00:45:33.733 +06:00 [INF] Worker running at: "2021-10-01T00:45:33.7335802+06:00"
2021-10-01 00:45:53.786 +06:00 [INF] Deleted 
2021-10-01 00:45:53.786 +06:00 [INF] Worker running at: "2021-10-01T00:45:53.7869499+06:00"
2021-10-01 00:46:13.832 +06:00 [INF] Deleted 
2021-10-01 00:46:13.832 +06:00 [INF] Worker running at: "2021-10-01T00:46:13.8321313+06:00"
2021-10-01 00:46:33.886 +06:00 [INF] Deleted 
2021-10-01 00:46:33.886 +06:00 [INF] Worker running at: "2021-10-01T00:46:33.8867426+06:00"
2021-10-01 00:47:00.381 +06:00 [INF] Application Starting up
2021-10-01 00:47:01.859 +06:00 [INF] no file to delete
2021-10-01 00:47:01.861 +06:00 [INF] Worker running at: "2021-10-01T00:47:01.8607644+06:00"
2021-10-01 00:47:21.890 +06:00 [INF] no file to delete
2021-10-01 00:47:21.891 +06:00 [INF] Worker running at: "2021-10-01T00:47:21.8910413+06:00"
2021-10-01 00:48:51.039 +06:00 [INF] Application Starting up
2021-10-01 00:48:52.772 +06:00 [INF] Deleted 
2021-10-01 00:48:52.774 +06:00 [INF] Worker running at: "2021-10-01T00:48:52.7741073+06:00"
2021-10-01 00:49:12.834 +06:00 [INF] Deleted 
2021-10-01 00:49:12.834 +06:00 [INF] Worker running at: "2021-10-01T00:49:12.8346850+06:00"
2021-10-01 00:49:32.883 +06:00 [INF] Deleted 
2021-10-01 00:49:32.883 +06:00 [INF] Worker running at: "2021-10-01T00:49:32.8831846+06:00"
2021-10-01 00:50:25.736 +06:00 [INF] Deleted 
2021-10-01 00:50:25.736 +06:00 [INF] Worker running at: "2021-10-01T00:50:25.7362235+06:00"
2021-10-01 00:50:45.744 +06:00 [INF] no file to delete
2021-10-01 00:50:45.744 +06:00 [INF] Worker running at: "2021-10-01T00:50:45.7448920+06:00"
2021-10-01 00:51:05.816 +06:00 [INF] Deleted 
2021-10-01 00:51:05.817 +06:00 [INF] Worker running at: "2021-10-01T00:51:05.8169407+06:00"
2021-10-01 00:52:55.256 +06:00 [INF] Application Starting up
2021-10-01 00:52:57.128 +06:00 [INF] Deleted 
2021-10-01 00:52:57.129 +06:00 [INF] Worker running at: "2021-10-01T00:52:57.1293275+06:00"
2021-10-01 00:53:17.148 +06:00 [INF] no file to delete
2021-10-01 00:53:17.148 +06:00 [INF] Worker running at: "2021-10-01T00:53:17.1484395+06:00"
2021-10-01 00:53:37.165 +06:00 [INF] no file to delete
2021-10-01 00:53:37.165 +06:00 [INF] Worker running at: "2021-10-01T00:53:37.1655613+06:00"
2021-10-01 00:53:57.215 +06:00 [INF] Deleted 
2021-10-01 00:53:57.215 +06:00 [INF] Worker running at: "2021-10-01T00:53:57.2155148+06:00"
2021-10-01 00:54:17.220 +06:00 [INF] no file to delete
2021-10-01 00:54:17.220 +06:00 [INF] Worker running at: "2021-10-01T00:54:17.2203290+06:00"
2021-10-01 00:54:42.171 +06:00 [INF] no file to delete
2021-10-01 00:54:42.171 +06:00 [INF] Worker running at: "2021-10-01T00:54:42.1715674+06:00"
2021-10-01 00:55:21.411 +06:00 [INF] Application Starting up
2021-10-01 00:55:23.037 +06:00 [INF] no file to delete
2021-10-01 00:55:23.038 +06:00 [INF] Worker running at: "2021-10-01T00:55:23.0385222+06:00"
2021-10-01 00:55:43.070 +06:00 [INF] no file to delete
2021-10-01 00:55:43.070 +06:00 [INF] Worker running at: "2021-10-01T00:55:43.0708140+06:00"
2021-10-01 00:56:03.296 +06:00 [INF] Deleted 
2021-10-01 00:56:03.296 +06:00 [INF] Worker running at: "2021-10-01T00:56:03.2967900+06:00"
2021-10-01 00:56:23.894 +06:00 [INF] no file to delete
2021-10-01 00:56:23.897 +06:00 [INF] Worker running at: "2021-10-01T00:56:23.8954622+06:00"
2021-10-01 00:56:51.288 +06:00 [INF] Deleted 
2021-10-01 00:56:51.289 +06:00 [INF] Worker running at: "2021-10-01T00:56:51.2890512+06:00"
2021-10-01 00:57:12.828 +06:00 [INF] no file to delete
2021-10-01 00:57:12.828 +06:00 [INF] Worker running at: "2021-10-01T00:57:12.8284847+06:00"
2021-10-01 00:57:32.908 +06:00 [INF] Deleted 
2021-10-01 00:57:32.908 +06:00 [INF] Worker running at: "2021-10-01T00:57:32.9081461+06:00"
2021-10-01 00:57:52.965 +06:00 [INF] Deleted 
2021-10-01 00:57:52.965 +06:00 [INF] Worker running at: "2021-10-01T00:57:52.9652985+06:00"
2021-10-01 00:58:12.983 +06:00 [INF] no file to delete
2021-10-01 00:58:12.983 +06:00 [INF] Worker running at: "2021-10-01T00:58:12.9836512+06:00"
2021-10-01 00:58:33.003 +06:00 [INF] no file to delete
2021-10-01 00:58:33.003 +06:00 [INF] Worker running at: "2021-10-01T00:58:33.0031435+06:00"
2021-10-01 00:58:53.008 +06:00 [INF] no file to delete
2021-10-01 00:58:53.008 +06:00 [INF] Worker running at: "2021-10-01T00:58:53.0081871+06:00"
2021-10-01 01:07:13.156 +06:00 [INF] Application Starting up
2021-10-01 01:07:14.742 +06:00 [INF] no file to delete
2021-10-01 01:07:14.743 +06:00 [INF] Worker running at: "2021-10-01T01:07:14.7434482+06:00"
2021-10-01 01:07:44.766 +06:00 [INF] no file to delete
2021-10-01 01:07:44.766 +06:00 [INF] Worker running at: "2021-10-01T01:07:44.7666601+06:00"
2021-10-01 01:08:29.720 +06:00 [INF] no file to delete
2021-10-01 01:08:29.720 +06:00 [INF] Worker running at: "2021-10-01T01:08:29.7209513+06:00"
2021-10-01 01:08:59.972 +06:00 [INF] Deleted 
2021-10-01 01:08:59.973 +06:00 [INF] Worker running at: "2021-10-01T01:08:59.9730185+06:00"
2021-10-01 01:09:29.984 +06:00 [INF] no file to delete
2021-10-01 01:09:29.984 +06:00 [INF] Worker running at: "2021-10-01T01:09:29.9848871+06:00"
2021-10-01 01:10:26.914 +06:00 [INF] no file to delete
2021-10-01 01:10:26.914 +06:00 [INF] Worker running at: "2021-10-01T01:10:26.9147028+06:00"
2021-10-01 13:48:08.123 +06:00 [INF] Application Starting up
2021-10-01 13:48:10.422 +06:00 [INF] no file to delete
2021-10-01 13:48:10.424 +06:00 [INF] Worker running at: "2021-10-01T13:48:10.4236060+06:00"
2021-10-01 13:48:43.324 +06:00 [INF] no file to delete
2021-10-01 13:48:43.325 +06:00 [INF] Worker running at: "2021-10-01T13:48:43.3254658+06:00"
2021-10-01 13:49:13.338 +06:00 [INF] no file to delete
2021-10-01 13:49:13.339 +06:00 [INF] Worker running at: "2021-10-01T13:49:13.3389923+06:00"
2021-10-01 13:51:13.092 +06:00 [INF] Application Starting up
2021-10-01 13:51:14.505 +06:00 [INF] no file to delete
2021-10-01 13:51:14.508 +06:00 [INF] Worker running at: "2021-10-01T13:51:14.5079489+06:00"
2021-10-01 13:51:45.072 +06:00 [INF] no file to delete
2021-10-01 13:51:45.072 +06:00 [INF] Worker running at: "2021-10-01T13:51:45.0723068+06:00"
2021-10-01 13:52:04.396 +06:00 [INF] Application Starting up
2021-10-01 13:52:05.777 +06:00 [INF] no file to delete
2021-10-01 13:52:05.779 +06:00 [INF] Worker running at: "2021-10-01T13:52:05.7790229+06:00"
2021-10-01 13:52:35.790 +06:00 [INF] no file to delete
2021-10-01 13:52:35.790 +06:00 [INF] Worker running at: "2021-10-01T13:52:35.7907276+06:00"
2021-10-01 13:53:05.814 +06:00 [INF] no file to delete
2021-10-01 13:53:05.815 +06:00 [INF] Worker running at: "2021-10-01T13:53:05.8151406+06:00"
2021-10-01 13:54:32.891 +06:00 [INF] Application Starting up
2021-10-01 13:54:34.354 +06:00 [INF] no file to delete
2021-10-01 13:54:34.356 +06:00 [INF] Worker running at: "2021-10-01T13:54:34.3558285+06:00"
2021-10-01 13:55:24.576 +06:00 [INF] no file to delete
2021-10-01 13:55:24.577 +06:00 [INF] Worker running at: "2021-10-01T13:55:24.5770427+06:00"
2021-10-01 13:55:56.564 +06:00 [INF] Application Starting up
2021-10-01 13:55:58.017 +06:00 [INF] no file to delete
2021-10-01 13:55:58.018 +06:00 [INF] Worker running at: "2021-10-01T13:55:58.0181085+06:00"
2021-10-01 13:56:28.052 +06:00 [INF] no file to delete
2021-10-01 13:56:28.052 +06:00 [INF] Worker running at: "2021-10-01T13:56:28.0523074+06:00"
2021-10-01 13:56:58.067 +06:00 [INF] no file to delete
2021-10-01 13:56:58.068 +06:00 [INF] Worker running at: "2021-10-01T13:56:58.0683717+06:00"
2021-10-01 13:57:28.074 +06:00 [INF] no file to delete
2021-10-01 13:57:28.074 +06:00 [INF] Worker running at: "2021-10-01T13:57:28.0745433+06:00"
2021-10-01 13:59:07.993 +06:00 [INF] Application Starting up
2021-10-01 13:59:09.471 +06:00 [INF] no file to delete
2021-10-01 13:59:09.472 +06:00 [INF] Worker running at: "2021-10-01T13:59:09.4722425+06:00"
2021-10-01 13:59:39.495 +06:00 [INF] no file to delete
2021-10-01 13:59:39.495 +06:00 [INF] Worker running at: "2021-10-01T13:59:39.4951976+06:00"
2021-10-01 14:15:29.698 +06:00 [INF] Application Starting up
2021-10-01 14:16:06.450 +06:00 [INF] Application Starting up
2021-10-01 14:16:07.947 +06:00 [INF] no file to delete
2021-10-01 14:16:07.949 +06:00 [INF] Worker running at: "2021-10-01T14:16:07.9490679+06:00"
2021-10-01 14:16:37.968 +06:00 [INF] no file to delete
2021-10-01 14:16:37.968 +06:00 [INF] Worker running at: "2021-10-01T14:16:37.9689648+06:00"
2021-10-01 14:17:37.807 +06:00 [INF] no file to delete
2021-10-01 14:17:37.807 +06:00 [INF] Worker running at: "2021-10-01T14:17:37.8079730+06:00"
2021-10-01 14:24:00.712 +06:00 [INF] Application Starting up
2021-10-01 14:24:02.175 +06:00 [INF] no file to delete
2021-10-01 14:24:02.177 +06:00 [INF] Worker running at: "2021-10-01T14:24:02.1766160+06:00"
2021-10-01 14:24:32.205 +06:00 [INF] no file to delete
2021-10-01 14:24:32.205 +06:00 [INF] Worker running at: "2021-10-01T14:24:32.2056941+06:00"
2021-10-01 14:25:02.218 +06:00 [INF] no file to delete
2021-10-01 14:25:02.218 +06:00 [INF] Worker running at: "2021-10-01T14:25:02.2184757+06:00"
2021-10-01 14:25:32.232 +06:00 [INF] no file to delete
2021-10-01 14:25:32.232 +06:00 [INF] Worker running at: "2021-10-01T14:25:32.2321030+06:00"
2021-10-01 14:26:02.246 +06:00 [INF] no file to delete
2021-10-01 14:26:02.246 +06:00 [INF] Worker running at: "2021-10-01T14:26:02.2468078+06:00"
2021-10-01 14:26:32.266 +06:00 [INF] no file to delete
2021-10-01 14:26:32.267 +06:00 [INF] Worker running at: "2021-10-01T14:26:32.2669419+06:00"
2021-10-01 14:27:11.756 +06:00 [INF] no file to delete
2021-10-01 14:27:11.756 +06:00 [INF] Worker running at: "2021-10-01T14:27:11.7565199+06:00"
2021-10-01 14:27:44.843 +06:00 [INF] no file to delete
2021-10-01 14:27:44.843 +06:00 [INF] Worker running at: "2021-10-01T14:27:44.8436204+06:00"
2021-10-01 14:31:05.329 +06:00 [INF] Application Starting up
2021-10-01 14:31:06.818 +06:00 [INF] no file to delete
2021-10-01 14:31:06.820 +06:00 [INF] Worker running at: "2021-10-01T14:31:06.8198102+06:00"
2021-10-01 14:31:37.892 +06:00 [INF] no file to delete
2021-10-01 14:31:37.892 +06:00 [INF] Worker running at: "2021-10-01T14:31:37.8927972+06:00"
2021-10-01 14:32:08.384 +06:00 [INF] no file to delete
2021-10-01 14:32:08.385 +06:00 [INF] Worker running at: "2021-10-01T14:32:08.3853889+06:00"
2021-10-01 14:34:14.641 +06:00 [INF] Application Starting up
2021-10-01 14:34:16.189 +06:00 [INF] no file to delete
2021-10-01 14:34:16.190 +06:00 [INF] Worker running at: "2021-10-01T14:34:16.1902867+06:00"
2021-10-01 14:34:46.214 +06:00 [INF] no file to delete
2021-10-01 14:34:46.214 +06:00 [INF] Worker running at: "2021-10-01T14:34:46.2146188+06:00"
2021-10-01 14:35:16.235 +06:00 [INF] no file to delete
2021-10-01 14:35:16.235 +06:00 [INF] Worker running at: "2021-10-01T14:35:16.2358815+06:00"
2021-10-01 14:35:46.250 +06:00 [INF] no file to delete
2021-10-01 14:35:46.250 +06:00 [INF] Worker running at: "2021-10-01T14:35:46.2502245+06:00"
2021-10-01 14:36:16.265 +06:00 [INF] no file to delete
2021-10-01 14:36:16.265 +06:00 [INF] Worker running at: "2021-10-01T14:36:16.2654479+06:00"
2021-10-01 14:36:46.274 +06:00 [INF] no file to delete
2021-10-01 14:36:46.274 +06:00 [INF] Worker running at: "2021-10-01T14:36:46.2744230+06:00"
2021-10-01 14:37:16.526 +06:00 [INF] Deleted 
2021-10-01 14:37:16.526 +06:00 [INF] Worker running at: "2021-10-01T14:37:16.5264694+06:00"
2021-10-01 14:37:46.543 +06:00 [INF] no file to delete
2021-10-01 14:37:46.543 +06:00 [INF] Worker running at: "2021-10-01T14:37:46.5433249+06:00"
2021-10-01 14:38:16.557 +06:00 [INF] no file to delete
2021-10-01 14:38:16.559 +06:00 [INF] Worker running at: "2021-10-01T14:38:16.5592569+06:00"
2021-10-01 14:38:46.578 +06:00 [INF] no file to delete
2021-10-01 14:38:46.578 +06:00 [INF] Worker running at: "2021-10-01T14:38:46.5780614+06:00"
2021-10-01 14:39:16.588 +06:00 [INF] no file to delete
2021-10-01 14:39:16.588 +06:00 [INF] Worker running at: "2021-10-01T14:39:16.5886452+06:00"
2021-10-01 14:39:46.604 +06:00 [INF] no file to delete
2021-10-01 14:39:46.604 +06:00 [INF] Worker running at: "2021-10-01T14:39:46.6049612+06:00"
2021-10-01 14:40:16.624 +06:00 [INF] no file to delete
2021-10-01 14:40:16.626 +06:00 [INF] Worker running at: "2021-10-01T14:40:16.6262946+06:00"
2021-10-01 14:41:49.467 +06:00 [INF] no file to delete
2021-10-01 14:41:49.467 +06:00 [INF] Worker running at: "2021-10-01T14:41:49.4676388+06:00"
2021-10-01 14:43:46.427 +06:00 [INF] Application Starting up
2021-10-01 14:43:47.881 +06:00 [INF] no file to delete
2021-10-01 14:43:47.883 +06:00 [INF] Worker running at: "2021-10-01T14:43:47.8828054+06:00"
2021-10-01 14:44:17.905 +06:00 [INF] no file to delete
2021-10-01 14:44:17.905 +06:00 [INF] Worker running at: "2021-10-01T14:44:17.9057614+06:00"
2021-10-01 14:44:47.921 +06:00 [INF] no file to delete
2021-10-01 14:44:47.921 +06:00 [INF] Worker running at: "2021-10-01T14:44:47.9211182+06:00"
2021-10-01 14:47:04.583 +06:00 [INF] Application Starting up
2021-10-01 14:47:06.895 +06:00 [INF] no file to delete
2021-10-01 14:47:06.896 +06:00 [INF] Worker running at: "2021-10-01T14:47:06.8962527+06:00"
2021-10-01 14:47:36.925 +06:00 [INF] no file to delete
2021-10-01 14:47:36.925 +06:00 [INF] Worker running at: "2021-10-01T14:47:36.9253617+06:00"
2021-10-01 14:48:06.941 +06:00 [INF] no file to delete
2021-10-01 14:48:06.941 +06:00 [INF] Worker running at: "2021-10-01T14:48:06.9416105+06:00"
2021-10-01 14:49:07.240 +06:00 [INF] Application Starting up
2021-10-01 14:49:08.752 +06:00 [INF] no file to delete
2021-10-01 14:49:08.753 +06:00 [INF] Worker running at: "2021-10-01T14:49:08.7533682+06:00"
2021-10-01 14:49:38.773 +06:00 [INF] no file to delete
2021-10-01 14:49:38.773 +06:00 [INF] Worker running at: "2021-10-01T14:49:38.7738684+06:00"
2021-10-01 14:50:08.792 +06:00 [INF] no file to delete
2021-10-01 14:50:08.792 +06:00 [INF] Worker running at: "2021-10-01T14:50:08.7923331+06:00"
2021-10-01 14:50:41.359 +06:00 [INF] no file to delete
2021-10-01 14:50:41.359 +06:00 [INF] Worker running at: "2021-10-01T14:50:41.3597902+06:00"
2021-10-01 14:51:36.079 +06:00 [INF] Application Starting up
2021-10-01 14:51:37.597 +06:00 [INF] no file to delete
2021-10-01 14:51:37.598 +06:00 [INF] Worker running at: "2021-10-01T14:51:37.5982014+06:00"
2021-10-01 14:52:12.281 +06:00 [INF] no file to delete
2021-10-01 14:52:12.281 +06:00 [INF] Worker running at: "2021-10-01T14:52:12.2817827+06:00"
2021-10-01 14:52:42.294 +06:00 [INF] no file to delete
2021-10-01 14:52:42.294 +06:00 [INF] Worker running at: "2021-10-01T14:52:42.2949192+06:00"
2021-10-01 14:55:37.048 +06:00 [INF] Application Starting up
2021-10-01 14:55:38.593 +06:00 [INF] no file to delete
2021-10-01 14:55:38.594 +06:00 [INF] Worker running at: "2021-10-01T14:55:38.5940509+06:00"
2021-10-01 14:56:09.755 +06:00 [INF] no file to delete
2021-10-01 14:56:09.755 +06:00 [INF] Worker running at: "2021-10-01T14:56:09.7553942+06:00"
2021-10-01 14:56:51.053 +06:00 [INF] no file to delete
2021-10-01 14:56:51.053 +06:00 [INF] Worker running at: "2021-10-01T14:56:51.0534103+06:00"
2021-10-01 14:57:45.658 +06:00 [INF] no file to delete
2021-10-01 14:57:45.658 +06:00 [INF] Worker running at: "2021-10-01T14:57:45.6587511+06:00"
2021-10-01 14:59:00.559 +06:00 [INF] Application Starting up
2021-10-01 14:59:02.149 +06:00 [INF] no file to delete
2021-10-01 14:59:02.151 +06:00 [INF] Worker running at: "2021-10-01T14:59:02.1505804+06:00"
2021-10-01 14:59:32.170 +06:00 [INF] no file to delete
2021-10-01 14:59:32.170 +06:00 [INF] Worker running at: "2021-10-01T14:59:32.1703004+06:00"
2021-10-01 15:00:02.787 +06:00 [INF] no file to delete
2021-10-01 15:00:02.788 +06:00 [INF] Worker running at: "2021-10-01T15:00:02.7888529+06:00"
2021-10-01 15:00:32.803 +06:00 [INF] no file to delete
2021-10-01 15:00:32.803 +06:00 [INF] Worker running at: "2021-10-01T15:00:32.8032616+06:00"
2021-10-01 15:01:05.303 +06:00 [INF] Application Starting up
2021-10-01 15:01:06.808 +06:00 [INF] no file to delete
2021-10-01 15:01:06.809 +06:00 [INF] Worker running at: "2021-10-01T15:01:06.8093889+06:00"
2021-10-01 15:01:36.829 +06:00 [INF] no file to delete
2021-10-01 15:01:36.829 +06:00 [INF] Worker running at: "2021-10-01T15:01:36.8296832+06:00"
2021-10-01 15:02:06.845 +06:00 [INF] no file to delete
2021-10-01 15:02:06.845 +06:00 [INF] Worker running at: "2021-10-01T15:02:06.8453044+06:00"
2021-10-01 15:02:36.849 +06:00 [INF] no file to delete
2021-10-01 15:02:36.849 +06:00 [INF] Worker running at: "2021-10-01T15:02:36.8494079+06:00"
2021-10-01 15:03:58.788 +06:00 [INF] Application Starting up
2021-10-01 15:04:00.239 +06:00 [INF] no file to delete
2021-10-01 15:04:00.240 +06:00 [INF] Worker running at: "2021-10-01T15:04:00.2404776+06:00"
2021-10-01 15:04:42.462 +06:00 [INF] Application Starting up
2021-10-01 15:04:43.928 +06:00 [INF] no file to delete
2021-10-01 15:04:43.931 +06:00 [INF] Worker running at: "2021-10-01T15:04:43.9308998+06:00"
2021-10-01 15:05:13.948 +06:00 [INF] no file to delete
2021-10-01 15:05:13.948 +06:00 [INF] Worker running at: "2021-10-01T15:05:13.9481978+06:00"
2021-10-01 15:05:43.955 +06:00 [INF] no file to delete
2021-10-01 15:05:43.956 +06:00 [INF] Worker running at: "2021-10-01T15:05:43.9560257+06:00"
2021-10-01 15:06:13.960 +06:00 [INF] no file to delete
2021-10-01 15:06:13.960 +06:00 [INF] Worker running at: "2021-10-01T15:06:13.9606341+06:00"
2021-10-01 15:06:44.019 +06:00 [INF] no file to delete
2021-10-01 15:06:44.019 +06:00 [INF] Worker running at: "2021-10-01T15:06:44.0197591+06:00"
2021-10-01 15:07:14.025 +06:00 [INF] no file to delete
2021-10-01 15:07:14.025 +06:00 [INF] Worker running at: "2021-10-01T15:07:14.0251024+06:00"
2021-10-01 15:07:44.041 +06:00 [INF] no file to delete
2021-10-01 15:07:44.041 +06:00 [INF] Worker running at: "2021-10-01T15:07:44.0412533+06:00"
2021-10-01 15:08:14.049 +06:00 [INF] no file to delete
2021-10-01 15:08:14.049 +06:00 [INF] Worker running at: "2021-10-01T15:08:14.0496246+06:00"
2021-10-01 15:08:44.054 +06:00 [INF] no file to delete
2021-10-01 15:08:44.055 +06:00 [INF] Worker running at: "2021-10-01T15:08:44.0558764+06:00"
2021-10-01 15:09:14.057 +06:00 [INF] no file to delete
2021-10-01 15:09:14.057 +06:00 [INF] Worker running at: "2021-10-01T15:09:14.0578507+06:00"
2021-10-01 15:09:44.083 +06:00 [INF] no file to delete
2021-10-01 15:09:44.083 +06:00 [INF] Worker running at: "2021-10-01T15:09:44.0832678+06:00"
2021-10-01 15:10:14.087 +06:00 [INF] no file to delete
2021-10-01 15:10:14.087 +06:00 [INF] Worker running at: "2021-10-01T15:10:14.0873045+06:00"
2021-10-01 15:10:44.095 +06:00 [INF] no file to delete
2021-10-01 15:10:44.095 +06:00 [INF] Worker running at: "2021-10-01T15:10:44.0956665+06:00"
2021-10-01 15:11:14.098 +06:00 [INF] no file to delete
2021-10-01 15:11:14.098 +06:00 [INF] Worker running at: "2021-10-01T15:11:14.0981792+06:00"
2021-10-01 15:11:44.100 +06:00 [INF] no file to delete
2021-10-01 15:11:44.100 +06:00 [INF] Worker running at: "2021-10-01T15:11:44.1006832+06:00"
2021-10-01 15:12:14.113 +06:00 [INF] no file to delete
2021-10-01 15:12:14.113 +06:00 [INF] Worker running at: "2021-10-01T15:12:14.1138899+06:00"
2021-10-01 15:12:44.122 +06:00 [INF] no file to delete
2021-10-01 15:12:44.123 +06:00 [INF] Worker running at: "2021-10-01T15:12:44.1230507+06:00"
2021-10-01 15:13:14.129 +06:00 [INF] no file to delete
2021-10-01 15:13:14.129 +06:00 [INF] Worker running at: "2021-10-01T15:13:14.1292010+06:00"
2021-10-01 15:13:44.136 +06:00 [INF] no file to delete
2021-10-01 15:13:44.136 +06:00 [INF] Worker running at: "2021-10-01T15:13:44.1362176+06:00"
2021-10-01 15:14:14.143 +06:00 [INF] no file to delete
2021-10-01 15:14:14.143 +06:00 [INF] Worker running at: "2021-10-01T15:14:14.1431207+06:00"
2021-10-01 15:14:44.158 +06:00 [INF] no file to delete
2021-10-01 15:14:44.158 +06:00 [INF] Worker running at: "2021-10-01T15:14:44.1581436+06:00"
2021-10-01 15:15:14.162 +06:00 [INF] no file to delete
2021-10-01 15:15:14.162 +06:00 [INF] Worker running at: "2021-10-01T15:15:14.1623114+06:00"
2021-10-01 15:15:44.174 +06:00 [INF] no file to delete
2021-10-01 15:15:44.174 +06:00 [INF] Worker running at: "2021-10-01T15:15:44.1747649+06:00"
2021-10-01 15:16:14.194 +06:00 [INF] no file to delete
2021-10-01 15:16:14.194 +06:00 [INF] Worker running at: "2021-10-01T15:16:14.1942202+06:00"
2021-10-01 15:16:44.206 +06:00 [INF] no file to delete
2021-10-01 15:16:44.206 +06:00 [INF] Worker running at: "2021-10-01T15:16:44.2064992+06:00"
2021-10-01 15:17:14.217 +06:00 [INF] no file to delete
2021-10-01 15:17:14.217 +06:00 [INF] Worker running at: "2021-10-01T15:17:14.2178085+06:00"
2021-10-01 15:17:44.220 +06:00 [INF] no file to delete
2021-10-01 15:17:44.220 +06:00 [INF] Worker running at: "2021-10-01T15:17:44.2207236+06:00"
2021-10-01 15:18:14.223 +06:00 [INF] no file to delete
2021-10-01 15:18:14.223 +06:00 [INF] Worker running at: "2021-10-01T15:18:14.2231879+06:00"
2021-10-01 15:18:44.239 +06:00 [INF] no file to delete
2021-10-01 15:18:44.239 +06:00 [INF] Worker running at: "2021-10-01T15:18:44.2399373+06:00"
2021-10-01 15:19:14.252 +06:00 [INF] no file to delete
2021-10-01 15:19:14.252 +06:00 [INF] Worker running at: "2021-10-01T15:19:14.2524685+06:00"
2021-10-01 15:19:44.258 +06:00 [INF] no file to delete
2021-10-01 15:19:44.258 +06:00 [INF] Worker running at: "2021-10-01T15:19:44.2585244+06:00"
2021-10-01 15:20:14.276 +06:00 [INF] no file to delete
2021-10-01 15:20:14.276 +06:00 [INF] Worker running at: "2021-10-01T15:20:14.2768426+06:00"
2021-10-01 15:20:44.293 +06:00 [INF] no file to delete
2021-10-01 15:20:44.293 +06:00 [INF] Worker running at: "2021-10-01T15:20:44.2937040+06:00"
2021-10-01 15:21:14.311 +06:00 [INF] no file to delete
2021-10-01 15:21:14.311 +06:00 [INF] Worker running at: "2021-10-01T15:21:14.3117725+06:00"
2021-10-01 15:21:44.326 +06:00 [INF] no file to delete
2021-10-01 15:21:44.328 +06:00 [INF] Worker running at: "2021-10-01T15:21:44.3283608+06:00"
2021-10-01 16:22:07.113 +06:00 [INF] Application Starting up
2021-10-01 16:22:09.290 +06:00 [INF] no file to delete
2021-10-01 16:22:09.291 +06:00 [INF] Worker running at: "2021-10-01T16:22:09.2911408+06:00"
2021-10-01 16:22:39.306 +06:00 [INF] no file to delete
2021-10-01 16:22:39.306 +06:00 [INF] Worker running at: "2021-10-01T16:22:39.3064976+06:00"
2021-10-01 16:23:09.318 +06:00 [INF] no file to delete
2021-10-01 16:23:09.318 +06:00 [INF] Worker running at: "2021-10-01T16:23:09.3188484+06:00"
2021-10-01 16:23:39.322 +06:00 [INF] no file to delete
2021-10-01 16:23:39.322 +06:00 [INF] Worker running at: "2021-10-01T16:23:39.3224984+06:00"
2021-10-01 16:24:09.534 +06:00 [INF] Deleted 
2021-10-01 16:24:09.534 +06:00 [INF] Worker running at: "2021-10-01T16:24:09.5345905+06:00"
2021-10-01 16:24:39.539 +06:00 [INF] no file to delete
2021-10-01 16:24:39.540 +06:00 [INF] Worker running at: "2021-10-01T16:24:39.5399183+06:00"
2021-10-01 16:25:09.563 +06:00 [INF] no file to delete
2021-10-01 16:25:09.563 +06:00 [INF] Worker running at: "2021-10-01T16:25:09.5637595+06:00"
2021-10-01 16:31:34.119 +06:00 [INF] Application Starting up
2021-10-01 16:31:35.666 +06:00 [INF] no file to delete
2021-10-01 16:31:35.668 +06:00 [INF] Worker running at: "2021-10-01T16:31:35.6676968+06:00"
2021-10-01 16:32:05.695 +06:00 [INF] no file to delete
2021-10-01 16:32:05.695 +06:00 [INF] Worker running at: "2021-10-01T16:32:05.6958607+06:00"
2021-10-01 16:32:35.714 +06:00 [INF] no file to delete
2021-10-01 16:32:35.714 +06:00 [INF] Worker running at: "2021-10-01T16:32:35.7144905+06:00"
2021-10-01 16:33:05.731 +06:00 [INF] no file to delete
2021-10-01 16:33:05.731 +06:00 [INF] Worker running at: "2021-10-01T16:33:05.7317154+06:00"
