2021-10-08 00:10:18.556 +06:00 [INF] Application Starting up
2021-10-08 00:10:20.861 +06:00 [INF] no file to delete
2021-10-08 00:10:20.862 +06:00 [INF] Worker running at: "2021-10-08T00:10:20.8623776+06:00"
2021-10-08 00:10:50.879 +06:00 [INF] no file to delete
2021-10-08 00:10:50.879 +06:00 [INF] Worker running at: "2021-10-08T00:10:50.8792026+06:00"
2021-10-08 00:11:20.884 +06:00 [INF] no file to delete
2021-10-08 00:11:20.885 +06:00 [INF] Worker running at: "2021-10-08T00:11:20.8856638+06:00"
2021-10-08 01:33:23.083 +06:00 [INF] Application Starting up
2021-10-08 01:33:25.975 +06:00 [FTL] Application start-up failed
Microsoft.Data.SqlClient.SqlException (0x80131904): Invalid object name 'FilePaths'.
   at Microsoft.Data.SqlClient.SqlConnection.OnError(SqlException exception, Boolean breakConnection, Action`1 wrapCloseInAction)
   at Microsoft.Data.SqlClient.SqlInternalConnection.OnError(SqlException exception, Boolean breakConnection, Action`1 wrapCloseInAction)
   at Microsoft.Data.SqlClient.TdsParser.ThrowExceptionAndWarning(TdsParserStateObject stateObj, Boolean callerHasConnectionLock, Boolean asyncClose)
   at Microsoft.Data.SqlClient.TdsParser.TryRun(RunBehavior runBehavior, SqlCommand cmdHandler, SqlDataReader dataStream, BulkCopySimpleResultSet bulkCopyHandler, TdsParserStateObject stateObj, Boolean& dataReady)
   at Microsoft.Data.SqlClient.SqlDataReader.TryConsumeMetaData()
   at Microsoft.Data.SqlClient.SqlDataReader.get_MetaData()
   at Microsoft.Data.SqlClient.SqlCommand.FinishExecuteReader(SqlDataReader ds, RunBehavior runBehavior, String resetOptionsString, Boolean isInternal, Boolean forDescribeParameterEncryption, Boolean shouldCacheForAlwaysEncrypted)
   at Microsoft.Data.SqlClient.SqlCommand.RunExecuteReaderTds(CommandBehavior cmdBehavior, RunBehavior runBehavior, Boolean returnStream, Boolean isAsync, Int32 timeout, Task& task, Boolean asyncWrite, Boolean inRetry, SqlDataReader ds, Boolean describeParameterEncryptionRequest)
   at Microsoft.Data.SqlClient.SqlCommand.RunExecuteReader(CommandBehavior cmdBehavior, RunBehavior runBehavior, Boolean returnStream, TaskCompletionSource`1 completion, Int32 timeout, Task& task, Boolean& usedCache, Boolean asyncWrite, Boolean inRetry, String method)
   at Microsoft.Data.SqlClient.SqlCommand.RunExecuteReader(CommandBehavior cmdBehavior, RunBehavior runBehavior, Boolean returnStream, String method)
   at Microsoft.Data.SqlClient.SqlCommand.ExecuteReader(CommandBehavior behavior)
   at Microsoft.Data.SqlClient.SqlCommand.ExecuteDbDataReader(CommandBehavior behavior)
   at System.Data.Common.DbCommand.ExecuteReader()
   at Microsoft.EntityFrameworkCore.Storage.RelationalCommand.ExecuteReader(RelationalCommandParameterObject parameterObject)
   at Microsoft.EntityFrameworkCore.Query.Internal.SingleQueryingEnumerable`1.Enumerator.InitializeReader(DbContext _, Boolean result)
   at Microsoft.EntityFrameworkCore.SqlServer.Storage.Internal.SqlServerExecutionStrategy.Execute[TState,TResult](TState state, Func`3 operation, Func`3 verifySucceeded)
   at Microsoft.EntityFrameworkCore.Query.Internal.SingleQueryingEnumerable`1.Enumerator.MoveNext()
   at System.Collections.Generic.List`1..ctor(IEnumerable`1 collection)
   at System.Linq.Enumerable.ToList[TSource](IEnumerable`1 source)
   at DataImporter.Data.Repository`2.GetAll() in D:\#FinalProject\3\DataImporter.Data\Repository.cs:line 93
   at DataImporter.Info.Services.DataImporterService.SaveExcelDatatoDb() in D:\#FinalProject\2\DataImporter.Info\Services\DataImporterService.cs:line 259
   at DataImporter.ImportWorker.Worker.ExecuteAsync(CancellationToken stoppingToken) in D:\#FinalProject\2\DataImporter.ImportWorker\Worker.cs:line 30
   at Microsoft.Extensions.Hosting.Internal.Host.StartAsync(CancellationToken cancellationToken)
   at Microsoft.Extensions.Hosting.HostingAbstractionsHostExtensions.RunAsync(IHost host, CancellationToken token)
   at Microsoft.Extensions.Hosting.HostingAbstractionsHostExtensions.RunAsync(IHost host, CancellationToken token)
   at Microsoft.Extensions.Hosting.HostingAbstractionsHostExtensions.Run(IHost host)
   at DataImporter.ImportWorker.Program.Main(String[] args) in D:\#FinalProject\2\DataImporter.ImportWorker\Program.cs:line 48
ClientConnectionId:b345462c-f12e-421e-801e-9158a0d66220
Error Number:208,State:1,Class:16
2021-10-08 01:34:20.467 +06:00 [INF] Application Starting up
2021-10-08 01:34:21.870 +06:00 [FTL] Application start-up failed
Microsoft.Data.SqlClient.SqlException (0x80131904): Invalid object name 'FilePaths'.
   at Microsoft.Data.SqlClient.SqlConnection.OnError(SqlException exception, Boolean breakConnection, Action`1 wrapCloseInAction)
   at Microsoft.Data.SqlClient.SqlInternalConnection.OnError(SqlException exception, Boolean breakConnection, Action`1 wrapCloseInAction)
   at Microsoft.Data.SqlClient.TdsParser.ThrowExceptionAndWarning(TdsParserStateObject stateObj, Boolean callerHasConnectionLock, Boolean asyncClose)
   at Microsoft.Data.SqlClient.TdsParser.TryRun(RunBehavior runBehavior, SqlCommand cmdHandler, SqlDataReader dataStream, BulkCopySimpleResultSet bulkCopyHandler, TdsParserStateObject stateObj, Boolean& dataReady)
   at Microsoft.Data.SqlClient.SqlDataReader.TryConsumeMetaData()
   at Microsoft.Data.SqlClient.SqlDataReader.get_MetaData()
   at Microsoft.Data.SqlClient.SqlCommand.FinishExecuteReader(SqlDataReader ds, RunBehavior runBehavior, String resetOptionsString, Boolean isInternal, Boolean forDescribeParameterEncryption, Boolean shouldCacheForAlwaysEncrypted)
   at Microsoft.Data.SqlClient.SqlCommand.RunExecuteReaderTds(CommandBehavior cmdBehavior, RunBehavior runBehavior, Boolean returnStream, Boolean isAsync, Int32 timeout, Task& task, Boolean asyncWrite, Boolean inRetry, SqlDataReader ds, Boolean describeParameterEncryptionRequest)
   at Microsoft.Data.SqlClient.SqlCommand.RunExecuteReader(CommandBehavior cmdBehavior, RunBehavior runBehavior, Boolean returnStream, TaskCompletionSource`1 completion, Int32 timeout, Task& task, Boolean& usedCache, Boolean asyncWrite, Boolean inRetry, String method)
   at Microsoft.Data.SqlClient.SqlCommand.RunExecuteReader(CommandBehavior cmdBehavior, RunBehavior runBehavior, Boolean returnStream, String method)
   at Microsoft.Data.SqlClient.SqlCommand.ExecuteReader(CommandBehavior behavior)
   at Microsoft.Data.SqlClient.SqlCommand.ExecuteDbDataReader(CommandBehavior behavior)
   at System.Data.Common.DbCommand.ExecuteReader()
   at Microsoft.EntityFrameworkCore.Storage.RelationalCommand.ExecuteReader(RelationalCommandParameterObject parameterObject)
   at Microsoft.EntityFrameworkCore.Query.Internal.SingleQueryingEnumerable`1.Enumerator.InitializeReader(DbContext _, Boolean result)
   at Microsoft.EntityFrameworkCore.SqlServer.Storage.Internal.SqlServerExecutionStrategy.Execute[TState,TResult](TState state, Func`3 operation, Func`3 verifySucceeded)
   at Microsoft.EntityFrameworkCore.Query.Internal.SingleQueryingEnumerable`1.Enumerator.MoveNext()
   at System.Collections.Generic.List`1..ctor(IEnumerable`1 collection)
   at System.Linq.Enumerable.ToList[TSource](IEnumerable`1 source)
   at DataImporter.Data.Repository`2.GetAll() in D:\#FinalProject\3\DataImporter.Data\Repository.cs:line 93
   at DataImporter.Info.Services.DataImporterService.SaveExcelDatatoDb() in D:\#FinalProject\2\DataImporter.Info\Services\DataImporterService.cs:line 259
   at DataImporter.ImportWorker.Worker.ExecuteAsync(CancellationToken stoppingToken) in D:\#FinalProject\2\DataImporter.ImportWorker\Worker.cs:line 30
   at Microsoft.Extensions.Hosting.Internal.Host.StartAsync(CancellationToken cancellationToken)
   at Microsoft.Extensions.Hosting.HostingAbstractionsHostExtensions.RunAsync(IHost host, CancellationToken token)
   at Microsoft.Extensions.Hosting.HostingAbstractionsHostExtensions.RunAsync(IHost host, CancellationToken token)
   at Microsoft.Extensions.Hosting.HostingAbstractionsHostExtensions.Run(IHost host)
   at DataImporter.ImportWorker.Program.Main(String[] args) in D:\#FinalProject\2\DataImporter.ImportWorker\Program.cs:line 48
ClientConnectionId:0e0caa83-b162-4cbe-9011-5497bf6d7b55
Error Number:208,State:1,Class:16
2021-10-08 02:22:05.248 +06:00 [INF] Application Starting up
2021-10-08 02:22:06.788 +06:00 [INF] no file to delete
2021-10-08 02:22:06.789 +06:00 [INF] Worker running at: "2021-10-08T02:22:06.7894383+06:00"
2021-10-08 02:24:21.539 +06:00 [INF] Application Starting up
2021-10-08 02:24:22.949 +06:00 [INF] no file to delete
2021-10-08 02:24:22.951 +06:00 [INF] Worker running at: "2021-10-08T02:24:22.9506123+06:00"
2021-10-08 02:26:15.082 +06:00 [INF] Application Starting up
2021-10-08 02:26:16.637 +06:00 [INF] no file to delete
2021-10-08 02:26:16.639 +06:00 [INF] Worker running at: "2021-10-08T02:26:16.6386980+06:00"
2021-10-08 02:26:51.627 +06:00 [INF] no file to delete
2021-10-08 02:26:51.627 +06:00 [INF] Worker running at: "2021-10-08T02:26:51.6274948+06:00"
2021-10-08 02:27:21.642 +06:00 [INF] no file to delete
2021-10-08 02:27:21.643 +06:00 [INF] Worker running at: "2021-10-08T02:27:21.6438550+06:00"
2021-10-08 02:50:38.854 +06:00 [INF] Application Starting up
2021-10-08 02:50:40.489 +06:00 [INF] no file to delete
2021-10-08 02:50:40.490 +06:00 [INF] Worker running at: "2021-10-08T02:50:40.4903298+06:00"
