2021-10-04 00:02:27.770 +06:00 [INF] Application Starting up
2021-10-04 00:02:29.457 +06:00 [INF] no file to delete
2021-10-04 00:02:29.458 +06:00 [INF] Worker running at: "2021-10-04T00:02:29.4584468+06:00"
2021-10-04 00:02:59.490 +06:00 [INF] no file to delete
2021-10-04 00:02:59.490 +06:00 [INF] Worker running at: "2021-10-04T00:02:59.4906518+06:00"
2021-10-04 00:03:29.515 +06:00 [INF] no file to delete
2021-10-04 00:03:29.515 +06:00 [INF] Worker running at: "2021-10-04T00:03:29.5151561+06:00"
2021-10-04 00:03:59.517 +06:00 [INF] no file to delete
2021-10-04 00:03:59.517 +06:00 [INF] Worker running at: "2021-10-04T00:03:59.5177502+06:00"
2021-10-04 00:04:29.529 +06:00 [INF] no file to delete
2021-10-04 00:04:29.529 +06:00 [INF] Worker running at: "2021-10-04T00:04:29.5299510+06:00"
2021-10-04 00:04:59.538 +06:00 [INF] no file to delete
2021-10-04 00:04:59.538 +06:00 [INF] Worker running at: "2021-10-04T00:04:59.5387870+06:00"
2021-10-04 00:05:29.556 +06:00 [INF] no file to delete
2021-10-04 00:05:29.556 +06:00 [INF] Worker running at: "2021-10-04T00:05:29.5564024+06:00"
2021-10-04 00:05:59.568 +06:00 [INF] no file to delete
2021-10-04 00:05:59.568 +06:00 [INF] Worker running at: "2021-10-04T00:05:59.5683206+06:00"
2021-10-04 00:06:29.582 +06:00 [INF] no file to delete
2021-10-04 00:06:29.583 +06:00 [INF] Worker running at: "2021-10-04T00:06:29.5838727+06:00"
2021-10-04 00:06:59.608 +06:00 [INF] no file to delete
2021-10-04 00:06:59.608 +06:00 [INF] Worker running at: "2021-10-04T00:06:59.6086618+06:00"
2021-10-04 00:07:29.620 +06:00 [INF] no file to delete
2021-10-04 00:07:29.621 +06:00 [INF] Worker running at: "2021-10-04T00:07:29.6209332+06:00"
2021-10-04 00:07:59.625 +06:00 [INF] no file to delete
2021-10-04 00:07:59.625 +06:00 [INF] Worker running at: "2021-10-04T00:07:59.6251986+06:00"
2021-10-04 00:08:29.631 +06:00 [INF] no file to delete
2021-10-04 00:08:29.631 +06:00 [INF] Worker running at: "2021-10-04T00:08:29.6313284+06:00"
2021-10-04 00:08:59.642 +06:00 [INF] no file to delete
2021-10-04 00:08:59.642 +06:00 [INF] Worker running at: "2021-10-04T00:08:59.6428713+06:00"
2021-10-04 00:09:29.953 +06:00 [INF] Deleted 
2021-10-04 00:09:29.953 +06:00 [INF] Worker running at: "2021-10-04T00:09:29.9532013+06:00"
2021-10-04 00:09:59.966 +06:00 [INF] no file to delete
2021-10-04 00:09:59.966 +06:00 [INF] Worker running at: "2021-10-04T00:09:59.9666625+06:00"
2021-10-04 00:10:29.982 +06:00 [INF] no file to delete
2021-10-04 00:10:30.015 +06:00 [INF] Worker running at: "2021-10-04T00:10:30.0150014+06:00"
2021-10-04 00:11:00.023 +06:00 [INF] no file to delete
2021-10-04 00:11:00.023 +06:00 [INF] Worker running at: "2021-10-04T00:11:00.0237754+06:00"
2021-10-04 00:11:30.035 +06:00 [INF] no file to delete
2021-10-04 00:11:30.036 +06:00 [INF] Worker running at: "2021-10-04T00:11:30.0360942+06:00"
2021-10-04 00:12:00.042 +06:00 [INF] no file to delete
2021-10-04 00:12:00.042 +06:00 [INF] Worker running at: "2021-10-04T00:12:00.0421199+06:00"
2021-10-04 00:12:30.046 +06:00 [INF] no file to delete
2021-10-04 00:12:30.046 +06:00 [INF] Worker running at: "2021-10-04T00:12:30.0463839+06:00"
2021-10-04 00:13:00.059 +06:00 [INF] no file to delete
2021-10-04 00:13:00.059 +06:00 [INF] Worker running at: "2021-10-04T00:13:00.0591650+06:00"
2021-10-04 00:13:30.076 +06:00 [INF] no file to delete
2021-10-04 00:13:30.077 +06:00 [INF] Worker running at: "2021-10-04T00:13:30.0770170+06:00"
2021-10-04 00:14:00.086 +06:00 [INF] no file to delete
2021-10-04 00:14:00.086 +06:00 [INF] Worker running at: "2021-10-04T00:14:00.0865823+06:00"
2021-10-04 00:14:30.097 +06:00 [INF] no file to delete
2021-10-04 00:14:30.097 +06:00 [INF] Worker running at: "2021-10-04T00:14:30.0979365+06:00"
2021-10-04 00:15:00.108 +06:00 [INF] no file to delete
2021-10-04 00:15:00.108 +06:00 [INF] Worker running at: "2021-10-04T00:15:00.1086685+06:00"
2021-10-04 00:15:30.115 +06:00 [INF] no file to delete
2021-10-04 00:15:30.116 +06:00 [INF] Worker running at: "2021-10-04T00:15:30.1166022+06:00"
2021-10-04 00:16:00.127 +06:00 [INF] no file to delete
2021-10-04 00:16:00.127 +06:00 [INF] Worker running at: "2021-10-04T00:16:00.1279471+06:00"
2021-10-04 00:16:30.150 +06:00 [INF] no file to delete
2021-10-04 00:16:30.152 +06:00 [INF] Worker running at: "2021-10-04T00:16:30.1524877+06:00"
2021-10-04 00:17:00.166 +06:00 [INF] no file to delete
2021-10-04 00:17:00.166 +06:00 [INF] Worker running at: "2021-10-04T00:17:00.1667845+06:00"
2021-10-04 00:17:30.185 +06:00 [INF] no file to delete
2021-10-04 00:17:30.185 +06:00 [INF] Worker running at: "2021-10-04T00:17:30.1854673+06:00"
2021-10-04 00:18:00.202 +06:00 [INF] no file to delete
2021-10-04 00:18:00.202 +06:00 [INF] Worker running at: "2021-10-04T00:18:00.2021865+06:00"
2021-10-04 00:18:30.204 +06:00 [INF] no file to delete
2021-10-04 00:18:30.205 +06:00 [INF] Worker running at: "2021-10-04T00:18:30.2057983+06:00"
2021-10-04 00:19:00.214 +06:00 [INF] no file to delete
2021-10-04 00:19:00.214 +06:00 [INF] Worker running at: "2021-10-04T00:19:00.2148047+06:00"
2021-10-04 00:19:30.215 +06:00 [INF] no file to delete
2021-10-04 00:19:30.217 +06:00 [INF] Worker running at: "2021-10-04T00:19:30.2169834+06:00"
2021-10-04 00:20:00.228 +06:00 [INF] no file to delete
2021-10-04 00:20:00.228 +06:00 [INF] Worker running at: "2021-10-04T00:20:00.2287771+06:00"
2021-10-04 00:20:30.247 +06:00 [INF] no file to delete
2021-10-04 00:20:30.248 +06:00 [INF] Worker running at: "2021-10-04T00:20:30.2480178+06:00"
2021-10-04 00:21:00.259 +06:00 [INF] no file to delete
2021-10-04 00:21:00.259 +06:00 [INF] Worker running at: "2021-10-04T00:21:00.2592566+06:00"
2021-10-04 00:21:30.265 +06:00 [INF] no file to delete
2021-10-04 00:21:30.267 +06:00 [INF] Worker running at: "2021-10-04T00:21:30.2669903+06:00"
2021-10-04 00:22:00.280 +06:00 [INF] no file to delete
2021-10-04 00:22:00.281 +06:00 [INF] Worker running at: "2021-10-04T00:22:00.2809955+06:00"
2021-10-04 00:22:30.294 +06:00 [INF] no file to delete
2021-10-04 00:22:30.294 +06:00 [INF] Worker running at: "2021-10-04T00:22:30.2940894+06:00"
2021-10-04 00:23:00.310 +06:00 [INF] no file to delete
2021-10-04 00:23:00.310 +06:00 [INF] Worker running at: "2021-10-04T00:23:00.3105311+06:00"
2021-10-04 00:23:30.320 +06:00 [INF] no file to delete
2021-10-04 00:23:30.320 +06:00 [INF] Worker running at: "2021-10-04T00:23:30.3206219+06:00"
2021-10-04 00:24:00.332 +06:00 [INF] no file to delete
2021-10-04 00:24:00.332 +06:00 [INF] Worker running at: "2021-10-04T00:24:00.3320822+06:00"
2021-10-04 00:24:30.358 +06:00 [INF] no file to delete
2021-10-04 00:24:30.359 +06:00 [INF] Worker running at: "2021-10-04T00:24:30.3590444+06:00"
2021-10-04 00:25:00.376 +06:00 [INF] no file to delete
2021-10-04 00:25:00.376 +06:00 [INF] Worker running at: "2021-10-04T00:25:00.3768075+06:00"
2021-10-04 00:25:30.379 +06:00 [INF] no file to delete
2021-10-04 00:25:30.379 +06:00 [INF] Worker running at: "2021-10-04T00:25:30.3796157+06:00"
2021-10-04 00:26:00.403 +06:00 [INF] no file to delete
2021-10-04 00:26:00.403 +06:00 [INF] Worker running at: "2021-10-04T00:26:00.4031520+06:00"
2021-10-04 00:26:30.423 +06:00 [INF] no file to delete
2021-10-04 00:26:30.423 +06:00 [INF] Worker running at: "2021-10-04T00:26:30.4231239+06:00"
2021-10-04 00:27:00.433 +06:00 [INF] no file to delete
2021-10-04 00:27:00.433 +06:00 [INF] Worker running at: "2021-10-04T00:27:00.4332264+06:00"
2021-10-04 00:27:30.441 +06:00 [INF] no file to delete
2021-10-04 00:27:30.443 +06:00 [INF] Worker running at: "2021-10-04T00:27:30.4432970+06:00"
2021-10-04 00:28:00.456 +06:00 [INF] no file to delete
2021-10-04 00:28:00.456 +06:00 [INF] Worker running at: "2021-10-04T00:28:00.4561956+06:00"
2021-10-04 00:28:30.475 +06:00 [INF] no file to delete
2021-10-04 00:28:30.475 +06:00 [INF] Worker running at: "2021-10-04T00:28:30.4753737+06:00"
2021-10-04 00:37:38.780 +06:00 [INF] Application Starting up
2021-10-04 00:37:40.348 +06:00 [INF] no file to delete
2021-10-04 00:37:40.350 +06:00 [INF] Worker running at: "2021-10-04T00:37:40.3498246+06:00"
2021-10-04 00:38:10.364 +06:00 [INF] no file to delete
2021-10-04 00:38:10.364 +06:00 [INF] Worker running at: "2021-10-04T00:38:10.3645878+06:00"
2021-10-04 00:38:40.388 +06:00 [INF] no file to delete
2021-10-04 00:38:40.388 +06:00 [INF] Worker running at: "2021-10-04T00:38:40.3887504+06:00"
2021-10-04 00:39:10.398 +06:00 [INF] no file to delete
2021-10-04 00:39:10.398 +06:00 [INF] Worker running at: "2021-10-04T00:39:10.3986837+06:00"
2021-10-04 00:39:40.407 +06:00 [INF] no file to delete
2021-10-04 00:39:40.407 +06:00 [INF] Worker running at: "2021-10-04T00:39:40.4075330+06:00"
2021-10-04 00:40:10.418 +06:00 [INF] no file to delete
2021-10-04 00:40:10.418 +06:00 [INF] Worker running at: "2021-10-04T00:40:10.4183526+06:00"
2021-10-04 00:40:40.432 +06:00 [INF] no file to delete
2021-10-04 00:40:40.432 +06:00 [INF] Worker running at: "2021-10-04T00:40:40.4327663+06:00"
2021-10-04 00:41:10.448 +06:00 [INF] no file to delete
2021-10-04 00:41:10.448 +06:00 [INF] Worker running at: "2021-10-04T00:41:10.4487510+06:00"
2021-10-04 00:41:40.459 +06:00 [INF] no file to delete
2021-10-04 00:41:40.459 +06:00 [INF] Worker running at: "2021-10-04T00:41:40.4591978+06:00"
2021-10-04 00:42:10.475 +06:00 [INF] no file to delete
2021-10-04 00:42:10.475 +06:00 [INF] Worker running at: "2021-10-04T00:42:10.4756889+06:00"
2021-10-04 00:44:40.810 +06:00 [INF] Application Starting up
2021-10-04 00:44:42.384 +06:00 [INF] no file to delete
2021-10-04 00:44:42.385 +06:00 [INF] Worker running at: "2021-10-04T00:44:42.3850001+06:00"
2021-10-04 00:45:12.408 +06:00 [INF] no file to delete
2021-10-04 00:45:12.409 +06:00 [INF] Worker running at: "2021-10-04T00:45:12.4090167+06:00"
2021-10-04 00:45:42.425 +06:00 [INF] no file to delete
2021-10-04 00:45:42.425 +06:00 [INF] Worker running at: "2021-10-04T00:45:42.4252471+06:00"
2021-10-04 00:46:12.451 +06:00 [INF] no file to delete
2021-10-04 00:46:12.451 +06:00 [INF] Worker running at: "2021-10-04T00:46:12.4511306+06:00"
2021-10-04 00:46:42.456 +06:00 [INF] no file to delete
2021-10-04 00:46:42.456 +06:00 [INF] Worker running at: "2021-10-04T00:46:42.4562673+06:00"
2021-10-04 00:47:12.471 +06:00 [INF] no file to delete
2021-10-04 00:47:12.471 +06:00 [INF] Worker running at: "2021-10-04T00:47:12.4712244+06:00"
2021-10-04 00:52:53.928 +06:00 [INF] Application Starting up
2021-10-04 00:52:55.535 +06:00 [INF] no file to delete
2021-10-04 00:52:55.537 +06:00 [INF] Worker running at: "2021-10-04T00:52:55.5365684+06:00"
2021-10-04 00:53:25.559 +06:00 [INF] no file to delete
2021-10-04 00:53:25.559 +06:00 [INF] Worker running at: "2021-10-04T00:53:25.5596383+06:00"
2021-10-04 00:53:55.578 +06:00 [INF] no file to delete
2021-10-04 00:53:55.580 +06:00 [INF] Worker running at: "2021-10-04T00:53:55.5801770+06:00"
2021-10-04 01:07:05.467 +06:00 [INF] Application Starting up
2021-10-04 01:07:07.005 +06:00 [INF] no file to delete
2021-10-04 01:07:07.007 +06:00 [INF] Worker running at: "2021-10-04T01:07:07.0066600+06:00"
2021-10-04 01:07:24.700 +06:00 [INF] Application Starting up
2021-10-04 01:07:26.300 +06:00 [INF] no file to delete
2021-10-04 01:07:26.302 +06:00 [INF] Worker running at: "2021-10-04T01:07:26.3017434+06:00"
2021-10-04 01:07:56.327 +06:00 [INF] no file to delete
2021-10-04 01:07:56.328 +06:00 [INF] Worker running at: "2021-10-04T01:07:56.3280287+06:00"
2021-10-04 01:08:26.377 +06:00 [INF] no file to delete
2021-10-04 01:08:26.377 +06:00 [INF] Worker running at: "2021-10-04T01:08:26.3771044+06:00"
2021-10-04 01:08:56.385 +06:00 [INF] no file to delete
2021-10-04 01:08:56.385 +06:00 [INF] Worker running at: "2021-10-04T01:08:56.3854975+06:00"
2021-10-04 01:09:26.398 +06:00 [INF] no file to delete
2021-10-04 01:09:26.427 +06:00 [INF] Worker running at: "2021-10-04T01:09:26.4278166+06:00"
2021-10-04 01:09:56.437 +06:00 [INF] no file to delete
2021-10-04 01:09:56.437 +06:00 [INF] Worker running at: "2021-10-04T01:09:56.4377451+06:00"
2021-10-04 01:10:26.452 +06:00 [INF] no file to delete
2021-10-04 01:10:26.452 +06:00 [INF] Worker running at: "2021-10-04T01:10:26.4526399+06:00"
2021-10-04 01:10:56.468 +06:00 [INF] no file to delete
2021-10-04 01:10:56.468 +06:00 [INF] Worker running at: "2021-10-04T01:10:56.4687922+06:00"
2021-10-04 01:11:26.490 +06:00 [INF] no file to delete
2021-10-04 01:11:26.490 +06:00 [INF] Worker running at: "2021-10-04T01:11:26.4901775+06:00"
2021-10-04 01:11:56.503 +06:00 [INF] no file to delete
2021-10-04 01:11:56.503 +06:00 [INF] Worker running at: "2021-10-04T01:11:56.5032900+06:00"
2021-10-04 01:12:26.517 +06:00 [INF] no file to delete
2021-10-04 01:12:26.518 +06:00 [INF] Worker running at: "2021-10-04T01:12:26.5186140+06:00"
2021-10-04 01:12:56.533 +06:00 [INF] no file to delete
2021-10-04 01:12:56.533 +06:00 [INF] Worker running at: "2021-10-04T01:12:56.5332013+06:00"
2021-10-04 01:13:26.545 +06:00 [INF] no file to delete
2021-10-04 01:13:26.545 +06:00 [INF] Worker running at: "2021-10-04T01:13:26.5454467+06:00"
2021-10-04 01:13:56.547 +06:00 [INF] no file to delete
2021-10-04 01:13:56.547 +06:00 [INF] Worker running at: "2021-10-04T01:13:56.5479396+06:00"
2021-10-04 01:14:26.556 +06:00 [INF] no file to delete
2021-10-04 01:14:26.556 +06:00 [INF] Worker running at: "2021-10-04T01:14:26.5569569+06:00"
2021-10-04 01:14:56.567 +06:00 [INF] no file to delete
2021-10-04 01:14:56.567 +06:00 [INF] Worker running at: "2021-10-04T01:14:56.5677662+06:00"
2021-10-04 01:15:26.596 +06:00 [INF] no file to delete
2021-10-04 01:15:26.596 +06:00 [INF] Worker running at: "2021-10-04T01:15:26.5968949+06:00"
2021-10-04 01:15:56.617 +06:00 [INF] no file to delete
2021-10-04 01:15:56.617 +06:00 [INF] Worker running at: "2021-10-04T01:15:56.6175006+06:00"
2021-10-04 01:16:26.631 +06:00 [INF] no file to delete
2021-10-04 01:16:26.631 +06:00 [INF] Worker running at: "2021-10-04T01:16:26.6313646+06:00"
2021-10-04 01:16:41.979 +06:00 [INF] Application Starting up
2021-10-04 01:16:43.545 +06:00 [INF] no file to delete
2021-10-04 01:16:43.547 +06:00 [INF] Worker running at: "2021-10-04T01:16:43.5465804+06:00"
2021-10-04 01:17:13.568 +06:00 [INF] no file to delete
2021-10-04 01:17:13.568 +06:00 [INF] Worker running at: "2021-10-04T01:17:13.5681633+06:00"
2021-10-04 01:17:43.585 +06:00 [INF] no file to delete
2021-10-04 01:17:43.585 +06:00 [INF] Worker running at: "2021-10-04T01:17:43.5855609+06:00"
2021-10-04 01:18:13.601 +06:00 [INF] no file to delete
2021-10-04 01:18:13.601 +06:00 [INF] Worker running at: "2021-10-04T01:18:13.6012289+06:00"
2021-10-04 01:18:43.607 +06:00 [INF] no file to delete
2021-10-04 01:18:43.607 +06:00 [INF] Worker running at: "2021-10-04T01:18:43.6074019+06:00"
2021-10-04 01:40:52.122 +06:00 [INF] Application Starting up
2021-10-04 01:40:53.729 +06:00 [INF] no file to delete
2021-10-04 01:40:53.731 +06:00 [INF] Worker running at: "2021-10-04T01:40:53.7311366+06:00"
2021-10-04 01:41:23.767 +06:00 [INF] no file to delete
2021-10-04 01:41:23.767 +06:00 [INF] Worker running at: "2021-10-04T01:41:23.7675734+06:00"
2021-10-04 01:41:53.783 +06:00 [INF] no file to delete
2021-10-04 01:41:53.784 +06:00 [INF] Worker running at: "2021-10-04T01:41:53.7840137+06:00"
2021-10-04 01:42:32.440 +06:00 [INF] Application Starting up
2021-10-04 01:42:34.531 +06:00 [INF] no file to delete
2021-10-04 01:42:34.533 +06:00 [INF] Worker running at: "2021-10-04T01:42:34.5325356+06:00"
2021-10-04 01:43:04.572 +06:00 [INF] no file to delete
2021-10-04 01:43:04.572 +06:00 [INF] Worker running at: "2021-10-04T01:43:04.5728111+06:00"
2021-10-04 01:43:30.661 +06:00 [INF] Application Starting up
2021-10-04 01:43:32.112 +06:00 [INF] no file to delete
2021-10-04 01:43:32.113 +06:00 [INF] Worker running at: "2021-10-04T01:43:32.1132035+06:00"
2021-10-04 01:44:02.136 +06:00 [INF] no file to delete
2021-10-04 01:44:02.136 +06:00 [INF] Worker running at: "2021-10-04T01:44:02.1362321+06:00"
2021-10-04 01:47:20.400 +06:00 [INF] Application Starting up
2021-10-04 01:47:21.959 +06:00 [INF] no file to delete
2021-10-04 01:47:21.961 +06:00 [INF] Worker running at: "2021-10-04T01:47:21.9608935+06:00"
2021-10-04 01:49:49.084 +06:00 [INF] Application Starting up
2021-10-04 01:49:50.689 +06:00 [INF] no file to delete
2021-10-04 01:49:50.691 +06:00 [INF] Worker running at: "2021-10-04T01:49:50.6910382+06:00"
2021-10-04 01:50:20.717 +06:00 [INF] no file to delete
2021-10-04 01:50:20.717 +06:00 [INF] Worker running at: "2021-10-04T01:50:20.7171455+06:00"
2021-10-04 01:50:50.727 +06:00 [INF] no file to delete
2021-10-04 01:50:50.727 +06:00 [INF] Worker running at: "2021-10-04T01:50:50.7278950+06:00"
2021-10-04 01:51:20.728 +06:00 [INF] no file to delete
2021-10-04 01:51:20.728 +06:00 [INF] Worker running at: "2021-10-04T01:51:20.7288733+06:00"
2021-10-04 01:51:50.743 +06:00 [INF] no file to delete
2021-10-04 01:51:50.743 +06:00 [INF] Worker running at: "2021-10-04T01:51:50.7430996+06:00"
2021-10-04 01:52:01.422 +06:00 [INF] Application Starting up
2021-10-04 01:52:02.983 +06:00 [INF] no file to delete
2021-10-04 01:52:02.984 +06:00 [INF] Worker running at: "2021-10-04T01:52:02.9843664+06:00"
2021-10-04 01:52:33.020 +06:00 [INF] no file to delete
2021-10-04 01:52:33.020 +06:00 [INF] Worker running at: "2021-10-04T01:52:33.0203764+06:00"
2021-10-04 01:53:05.329 +06:00 [INF] Application Starting up
2021-10-04 01:53:06.885 +06:00 [INF] no file to delete
2021-10-04 01:53:06.886 +06:00 [INF] Worker running at: "2021-10-04T01:53:06.8861378+06:00"
2021-10-04 01:53:36.895 +06:00 [INF] no file to delete
2021-10-04 01:53:36.895 +06:00 [INF] Worker running at: "2021-10-04T01:53:36.8954782+06:00"
2021-10-04 01:56:04.757 +06:00 [INF] Application Starting up
2021-10-04 01:56:06.298 +06:00 [INF] no file to delete
2021-10-04 01:56:06.299 +06:00 [INF] Worker running at: "2021-10-04T01:56:06.2994990+06:00"
2021-10-04 01:56:36.315 +06:00 [INF] no file to delete
2021-10-04 01:56:36.315 +06:00 [INF] Worker running at: "2021-10-04T01:56:36.3155223+06:00"
2021-10-04 01:57:06.329 +06:00 [INF] no file to delete
2021-10-04 01:57:06.330 +06:00 [INF] Worker running at: "2021-10-04T01:57:06.3300216+06:00"
2021-10-04 01:57:36.340 +06:00 [INF] no file to delete
2021-10-04 01:57:36.340 +06:00 [INF] Worker running at: "2021-10-04T01:57:36.3403801+06:00"
2021-10-04 01:58:06.352 +06:00 [INF] no file to delete
2021-10-04 01:58:06.352 +06:00 [INF] Worker running at: "2021-10-04T01:58:06.3525254+06:00"
2021-10-04 01:58:41.817 +06:00 [INF] Application Starting up
2021-10-04 01:58:43.324 +06:00 [INF] no file to delete
2021-10-04 01:58:43.326 +06:00 [INF] Worker running at: "2021-10-04T01:58:43.3259848+06:00"
2021-10-04 01:59:13.357 +06:00 [INF] no file to delete
2021-10-04 01:59:13.357 +06:00 [INF] Worker running at: "2021-10-04T01:59:13.3574863+06:00"
2021-10-04 01:59:43.373 +06:00 [INF] no file to delete
2021-10-04 01:59:43.373 +06:00 [INF] Worker running at: "2021-10-04T01:59:43.3732220+06:00"
2021-10-04 02:01:37.790 +06:00 [INF] Application Starting up
2021-10-04 02:01:39.280 +06:00 [INF] no file to delete
2021-10-04 02:01:39.282 +06:00 [INF] Worker running at: "2021-10-04T02:01:39.2816409+06:00"
2021-10-04 02:02:09.315 +06:00 [INF] no file to delete
2021-10-04 02:02:09.315 +06:00 [INF] Worker running at: "2021-10-04T02:02:09.3152425+06:00"
2021-10-04 02:02:39.320 +06:00 [INF] no file to delete
2021-10-04 02:02:39.321 +06:00 [INF] Worker running at: "2021-10-04T02:02:39.3210001+06:00"
2021-10-04 02:03:09.338 +06:00 [INF] no file to delete
2021-10-04 02:03:09.339 +06:00 [INF] Worker running at: "2021-10-04T02:03:09.3390502+06:00"
2021-10-04 02:03:39.371 +06:00 [INF] no file to delete
2021-10-04 02:03:39.371 +06:00 [INF] Worker running at: "2021-10-04T02:03:39.3711836+06:00"
2021-10-04 02:04:09.373 +06:00 [INF] no file to delete
2021-10-04 02:04:09.373 +06:00 [INF] Worker running at: "2021-10-04T02:04:09.3737921+06:00"
2021-10-04 02:04:39.387 +06:00 [INF] no file to delete
2021-10-04 02:04:39.387 +06:00 [INF] Worker running at: "2021-10-04T02:04:39.3876771+06:00"
2021-10-04 02:05:09.408 +06:00 [INF] no file to delete
2021-10-04 02:05:09.408 +06:00 [INF] Worker running at: "2021-10-04T02:05:09.4088415+06:00"
2021-10-04 02:05:39.422 +06:00 [INF] no file to delete
2021-10-04 02:05:39.423 +06:00 [INF] Worker running at: "2021-10-04T02:05:39.4230530+06:00"
2021-10-04 02:06:09.432 +06:00 [INF] no file to delete
2021-10-04 02:06:09.432 +06:00 [INF] Worker running at: "2021-10-04T02:06:09.4325750+06:00"
2021-10-04 02:06:39.448 +06:00 [INF] no file to delete
2021-10-04 02:06:39.448 +06:00 [INF] Worker running at: "2021-10-04T02:06:39.4486150+06:00"
2021-10-04 02:07:09.457 +06:00 [INF] no file to delete
2021-10-04 02:07:09.457 +06:00 [INF] Worker running at: "2021-10-04T02:07:09.4572996+06:00"
2021-10-04 02:07:39.479 +06:00 [INF] no file to delete
2021-10-04 02:07:39.480 +06:00 [INF] Worker running at: "2021-10-04T02:07:39.4800012+06:00"
2021-10-04 02:08:09.492 +06:00 [INF] no file to delete
2021-10-04 02:08:09.492 +06:00 [INF] Worker running at: "2021-10-04T02:08:09.4928451+06:00"
2021-10-04 02:10:23.735 +06:00 [INF] Application Starting up
2021-10-04 02:10:25.153 +06:00 [INF] no file to delete
2021-10-04 02:10:25.154 +06:00 [INF] Worker running at: "2021-10-04T02:10:25.1542943+06:00"
2021-10-04 02:10:55.178 +06:00 [INF] no file to delete
2021-10-04 02:10:55.178 +06:00 [INF] Worker running at: "2021-10-04T02:10:55.1783580+06:00"
2021-10-04 02:13:06.053 +06:00 [INF] Application Starting up
2021-10-04 02:13:07.458 +06:00 [INF] no file to delete
2021-10-04 02:13:07.460 +06:00 [INF] Worker running at: "2021-10-04T02:13:07.4597544+06:00"
2021-10-04 02:13:37.487 +06:00 [INF] no file to delete
2021-10-04 02:13:37.487 +06:00 [INF] Worker running at: "2021-10-04T02:13:37.4875360+06:00"
2021-10-04 02:14:07.501 +06:00 [INF] no file to delete
2021-10-04 02:14:07.501 +06:00 [INF] Worker running at: "2021-10-04T02:14:07.5018805+06:00"
2021-10-04 02:14:37.756 +06:00 [INF] Deleted 
2021-10-04 02:14:37.756 +06:00 [INF] Worker running at: "2021-10-04T02:14:37.7566847+06:00"
2021-10-04 02:15:07.777 +06:00 [INF] no file to delete
2021-10-04 02:15:07.777 +06:00 [INF] Worker running at: "2021-10-04T02:15:07.7777581+06:00"
2021-10-04 02:15:37.856 +06:00 [INF] Deleted 
2021-10-04 02:15:37.856 +06:00 [INF] Worker running at: "2021-10-04T02:15:37.8566711+06:00"
2021-10-04 02:16:07.900 +06:00 [INF] no file to delete
2021-10-04 02:16:07.900 +06:00 [INF] Worker running at: "2021-10-04T02:16:07.9005571+06:00"
2021-10-04 02:16:37.917 +06:00 [INF] no file to delete
2021-10-04 02:16:37.917 +06:00 [INF] Worker running at: "2021-10-04T02:16:37.9174655+06:00"
2021-10-04 02:18:42.045 +06:00 [INF] Application Starting up
2021-10-04 02:18:43.720 +06:00 [INF] no file to delete
2021-10-04 02:18:43.721 +06:00 [INF] Worker running at: "2021-10-04T02:18:43.7214318+06:00"
2021-10-04 02:19:13.743 +06:00 [INF] no file to delete
2021-10-04 02:19:13.744 +06:00 [INF] Worker running at: "2021-10-04T02:19:13.7440152+06:00"
2021-10-04 02:21:35.417 +06:00 [INF] Application Starting up
2021-10-04 02:21:37.049 +06:00 [INF] no file to delete
2021-10-04 02:21:37.050 +06:00 [INF] Worker running at: "2021-10-04T02:21:37.0500613+06:00"
2021-10-04 02:22:07.075 +06:00 [INF] no file to delete
2021-10-04 02:22:07.075 +06:00 [INF] Worker running at: "2021-10-04T02:22:07.0751790+06:00"
2021-10-04 02:22:37.090 +06:00 [INF] no file to delete
2021-10-04 02:22:37.090 +06:00 [INF] Worker running at: "2021-10-04T02:22:37.0902740+06:00"
2021-10-04 02:23:07.099 +06:00 [INF] no file to delete
2021-10-04 02:23:07.099 +06:00 [INF] Worker running at: "2021-10-04T02:23:07.0996068+06:00"
2021-10-04 02:23:37.116 +06:00 [INF] no file to delete
2021-10-04 02:23:37.116 +06:00 [INF] Worker running at: "2021-10-04T02:23:37.1167382+06:00"
2021-10-04 02:24:07.132 +06:00 [INF] no file to delete
2021-10-04 02:24:07.132 +06:00 [INF] Worker running at: "2021-10-04T02:24:07.1323630+06:00"
2021-10-04 02:25:19.712 +06:00 [INF] Application Starting up
2021-10-04 02:25:22.102 +06:00 [INF] no file to delete
2021-10-04 02:25:22.105 +06:00 [INF] Worker running at: "2021-10-04T02:25:22.1050849+06:00"
2021-10-04 02:25:52.121 +06:00 [INF] no file to delete
2021-10-04 02:25:52.121 +06:00 [INF] Worker running at: "2021-10-04T02:25:52.1212842+06:00"
2021-10-04 02:26:22.158 +06:00 [INF] no file to delete
2021-10-04 02:26:22.158 +06:00 [INF] Worker running at: "2021-10-04T02:26:22.1584338+06:00"
2021-10-04 02:26:52.171 +06:00 [INF] no file to delete
2021-10-04 02:26:52.171 +06:00 [INF] Worker running at: "2021-10-04T02:26:52.1717731+06:00"
2021-10-04 02:27:22.185 +06:00 [INF] no file to delete
2021-10-04 02:27:22.185 +06:00 [INF] Worker running at: "2021-10-04T02:27:22.1852027+06:00"
2021-10-04 02:29:40.734 +06:00 [INF] Application Starting up
2021-10-04 02:29:42.236 +06:00 [INF] no file to delete
2021-10-04 02:29:42.237 +06:00 [INF] Worker running at: "2021-10-04T02:29:42.2372850+06:00"
2021-10-04 02:48:26.587 +06:00 [INF] Application Starting up
2021-10-04 02:48:28.033 +06:00 [INF] no file to delete
2021-10-04 02:48:28.036 +06:00 [INF] Worker running at: "2021-10-04T02:48:28.0355769+06:00"
2021-10-04 02:48:58.060 +06:00 [INF] no file to delete
2021-10-04 02:48:58.060 +06:00 [INF] Worker running at: "2021-10-04T02:48:58.0609591+06:00"
2021-10-04 02:49:28.065 +06:00 [INF] no file to delete
2021-10-04 02:49:28.065 +06:00 [INF] Worker running at: "2021-10-04T02:49:28.0651473+06:00"
2021-10-04 02:49:58.069 +06:00 [INF] no file to delete
2021-10-04 02:49:58.069 +06:00 [INF] Worker running at: "2021-10-04T02:49:58.0697861+06:00"
2021-10-04 02:50:28.091 +06:00 [INF] no file to delete
2021-10-04 02:50:28.092 +06:00 [INF] Worker running at: "2021-10-04T02:50:28.0920417+06:00"
2021-10-04 02:50:58.093 +06:00 [INF] no file to delete
2021-10-04 02:50:58.093 +06:00 [INF] Worker running at: "2021-10-04T02:50:58.0937327+06:00"
2021-10-04 02:51:28.105 +06:00 [INF] no file to delete
2021-10-04 02:51:28.105 +06:00 [INF] Worker running at: "2021-10-04T02:51:28.1051025+06:00"
2021-10-04 02:51:58.113 +06:00 [INF] no file to delete
2021-10-04 02:51:58.113 +06:00 [INF] Worker running at: "2021-10-04T02:51:58.1136443+06:00"
2021-10-04 02:52:28.120 +06:00 [INF] no file to delete
2021-10-04 02:52:28.122 +06:00 [INF] Worker running at: "2021-10-04T02:52:28.1209329+06:00"
2021-10-04 02:52:58.139 +06:00 [INF] no file to delete
2021-10-04 02:52:58.139 +06:00 [INF] Worker running at: "2021-10-04T02:52:58.1397941+06:00"
2021-10-04 02:53:28.151 +06:00 [INF] no file to delete
2021-10-04 02:53:28.152 +06:00 [INF] Worker running at: "2021-10-04T02:53:28.1520364+06:00"
2021-10-04 02:53:58.160 +06:00 [INF] no file to delete
2021-10-04 02:53:58.160 +06:00 [INF] Worker running at: "2021-10-04T02:53:58.1606843+06:00"
2021-10-04 02:54:28.176 +06:00 [INF] no file to delete
2021-10-04 02:54:28.176 +06:00 [INF] Worker running at: "2021-10-04T02:54:28.1767696+06:00"
2021-10-04 02:54:58.198 +06:00 [INF] no file to delete
2021-10-04 02:54:58.198 +06:00 [INF] Worker running at: "2021-10-04T02:54:58.1986153+06:00"
2021-10-04 02:55:28.219 +06:00 [INF] no file to delete
2021-10-04 02:55:28.219 +06:00 [INF] Worker running at: "2021-10-04T02:55:28.2198520+06:00"
2021-10-04 02:55:58.220 +06:00 [INF] no file to delete
2021-10-04 02:55:58.220 +06:00 [INF] Worker running at: "2021-10-04T02:55:58.2207969+06:00"
2021-10-04 02:56:28.233 +06:00 [INF] no file to delete
2021-10-04 02:56:28.233 +06:00 [INF] Worker running at: "2021-10-04T02:56:28.2334932+06:00"
2021-10-04 02:56:51.614 +06:00 [INF] Application Starting up
2021-10-04 02:56:53.175 +06:00 [INF] no file to delete
2021-10-04 02:56:53.177 +06:00 [INF] Worker running at: "2021-10-04T02:56:53.1768840+06:00"
2021-10-04 02:57:23.194 +06:00 [INF] no file to delete
2021-10-04 02:57:23.194 +06:00 [INF] Worker running at: "2021-10-04T02:57:23.1943649+06:00"
2021-10-04 02:58:14.748 +06:00 [INF] Application Starting up
2021-10-04 02:58:16.237 +06:00 [INF] no file to delete
2021-10-04 02:58:16.239 +06:00 [INF] Worker running at: "2021-10-04T02:58:16.2386283+06:00"
2021-10-04 02:58:46.262 +06:00 [INF] no file to delete
2021-10-04 02:58:46.262 +06:00 [INF] Worker running at: "2021-10-04T02:58:46.2622570+06:00"
2021-10-04 02:59:16.275 +06:00 [INF] no file to delete
2021-10-04 02:59:16.275 +06:00 [INF] Worker running at: "2021-10-04T02:59:16.2756077+06:00"
2021-10-04 02:59:46.278 +06:00 [INF] no file to delete
2021-10-04 02:59:46.278 +06:00 [INF] Worker running at: "2021-10-04T02:59:46.2786943+06:00"
2021-10-04 03:00:16.285 +06:00 [INF] no file to delete
2021-10-04 03:00:16.285 +06:00 [INF] Worker running at: "2021-10-04T03:00:16.2857602+06:00"
2021-10-04 03:00:46.303 +06:00 [INF] no file to delete
2021-10-04 03:00:46.303 +06:00 [INF] Worker running at: "2021-10-04T03:00:46.3039079+06:00"
2021-10-04 03:01:16.320 +06:00 [INF] no file to delete
2021-10-04 03:01:16.320 +06:00 [INF] Worker running at: "2021-10-04T03:01:16.3206262+06:00"
2021-10-04 03:01:46.326 +06:00 [INF] no file to delete
2021-10-04 03:01:46.326 +06:00 [INF] Worker running at: "2021-10-04T03:01:46.3267417+06:00"
2021-10-04 03:02:16.340 +06:00 [INF] no file to delete
2021-10-04 03:02:16.341 +06:00 [INF] Worker running at: "2021-10-04T03:02:16.3415931+06:00"
2021-10-04 03:02:46.348 +06:00 [INF] no file to delete
2021-10-04 03:02:46.349 +06:00 [INF] Worker running at: "2021-10-04T03:02:46.3490496+06:00"
2021-10-04 03:03:16.359 +06:00 [INF] no file to delete
2021-10-04 03:03:16.360 +06:00 [INF] Worker running at: "2021-10-04T03:03:16.3601037+06:00"
2021-10-04 03:03:46.375 +06:00 [INF] no file to delete
2021-10-04 03:03:46.375 +06:00 [INF] Worker running at: "2021-10-04T03:03:46.3752320+06:00"
2021-10-04 03:04:16.383 +06:00 [INF] no file to delete
2021-10-04 03:04:16.383 +06:00 [INF] Worker running at: "2021-10-04T03:04:16.3832952+06:00"
2021-10-04 03:04:46.386 +06:00 [INF] no file to delete
2021-10-04 03:04:46.386 +06:00 [INF] Worker running at: "2021-10-04T03:04:46.3860997+06:00"
2021-10-04 09:56:55.657 +06:00 [INF] Application Starting up
2021-10-04 09:56:57.113 +06:00 [INF] no file to delete
2021-10-04 09:56:57.115 +06:00 [INF] Worker running at: "2021-10-04T09:56:57.1147286+06:00"
2021-10-04 09:57:27.137 +06:00 [INF] no file to delete
2021-10-04 09:57:27.137 +06:00 [INF] Worker running at: "2021-10-04T09:57:27.1377192+06:00"
2021-10-04 09:57:57.375 +06:00 [INF] Deleted 
2021-10-04 09:57:57.375 +06:00 [INF] Worker running at: "2021-10-04T09:57:57.3750665+06:00"
2021-10-04 09:58:27.379 +06:00 [INF] no file to delete
2021-10-04 09:58:27.379 +06:00 [INF] Worker running at: "2021-10-04T09:58:27.3795720+06:00"
2021-10-04 10:02:14.686 +06:00 [INF] Application Starting up
2021-10-04 10:02:16.182 +06:00 [INF] no file to delete
2021-10-04 10:02:16.184 +06:00 [INF] Worker running at: "2021-10-04T10:02:16.1836170+06:00"
2021-10-04 10:02:46.203 +06:00 [INF] no file to delete
2021-10-04 10:02:46.203 +06:00 [INF] Worker running at: "2021-10-04T10:02:46.2033922+06:00"
2021-10-04 10:03:16.237 +06:00 [INF] no file to delete
2021-10-04 10:03:16.238 +06:00 [INF] Worker running at: "2021-10-04T10:03:16.2380772+06:00"
2021-10-04 10:03:46.268 +06:00 [INF] no file to delete
2021-10-04 10:03:46.268 +06:00 [INF] Worker running at: "2021-10-04T10:03:46.2686985+06:00"
2021-10-04 10:04:16.509 +06:00 [INF] Deleted 
2021-10-04 10:04:16.509 +06:00 [INF] Worker running at: "2021-10-04T10:04:16.5093061+06:00"
2021-10-04 10:04:46.523 +06:00 [INF] no file to delete
2021-10-04 10:04:46.523 +06:00 [INF] Worker running at: "2021-10-04T10:04:46.5232517+06:00"
2021-10-04 10:05:16.536 +06:00 [INF] no file to delete
2021-10-04 10:05:16.536 +06:00 [INF] Worker running at: "2021-10-04T10:05:16.5369609+06:00"
2021-10-04 11:44:40.094 +06:00 [INF] Application Starting up
2021-10-04 11:44:41.807 +06:00 [INF] no file to delete
2021-10-04 11:44:41.809 +06:00 [INF] Worker running at: "2021-10-04T11:44:41.8088277+06:00"
2021-10-04 11:45:11.844 +06:00 [INF] no file to delete
2021-10-04 11:45:11.844 +06:00 [INF] Worker running at: "2021-10-04T11:45:11.8441994+06:00"
2021-10-04 11:45:41.856 +06:00 [INF] no file to delete
2021-10-04 11:45:41.856 +06:00 [INF] Worker running at: "2021-10-04T11:45:41.8567920+06:00"
2021-10-04 11:46:12.128 +06:00 [INF] Deleted 
2021-10-04 11:46:12.128 +06:00 [INF] Worker running at: "2021-10-04T11:46:12.1284693+06:00"
2021-10-04 11:46:42.139 +06:00 [INF] no file to delete
2021-10-04 11:46:42.140 +06:00 [INF] Worker running at: "2021-10-04T11:46:42.1400214+06:00"
2021-10-04 11:47:12.151 +06:00 [INF] no file to delete
2021-10-04 11:47:12.151 +06:00 [INF] Worker running at: "2021-10-04T11:47:12.1517822+06:00"
2021-10-04 11:47:42.186 +06:00 [INF] no file to delete
2021-10-04 11:47:42.186 +06:00 [INF] Worker running at: "2021-10-04T11:47:42.1865168+06:00"
2021-10-04 11:48:12.189 +06:00 [INF] no file to delete
2021-10-04 11:48:12.189 +06:00 [INF] Worker running at: "2021-10-04T11:48:12.1892455+06:00"
2021-10-04 11:48:42.208 +06:00 [INF] no file to delete
2021-10-04 11:48:42.208 +06:00 [INF] Worker running at: "2021-10-04T11:48:42.2084779+06:00"
2021-10-04 11:49:12.216 +06:00 [INF] no file to delete
2021-10-04 11:49:12.216 +06:00 [INF] Worker running at: "2021-10-04T11:49:12.2167625+06:00"
2021-10-04 11:49:42.234 +06:00 [INF] no file to delete
2021-10-04 11:49:42.234 +06:00 [INF] Worker running at: "2021-10-04T11:49:42.2344087+06:00"
2021-10-04 11:50:12.238 +06:00 [INF] no file to delete
2021-10-04 11:50:12.238 +06:00 [INF] Worker running at: "2021-10-04T11:50:12.2382822+06:00"
2021-10-04 11:50:42.261 +06:00 [INF] no file to delete
2021-10-04 11:50:42.261 +06:00 [INF] Worker running at: "2021-10-04T11:50:42.2617013+06:00"
2021-10-04 11:51:12.269 +06:00 [INF] no file to delete
2021-10-04 11:51:12.269 +06:00 [INF] Worker running at: "2021-10-04T11:51:12.2693450+06:00"
2021-10-04 11:51:42.281 +06:00 [INF] no file to delete
2021-10-04 11:51:42.281 +06:00 [INF] Worker running at: "2021-10-04T11:51:42.2817202+06:00"
2021-10-04 11:52:12.288 +06:00 [INF] no file to delete
2021-10-04 11:52:12.288 +06:00 [INF] Worker running at: "2021-10-04T11:52:12.2884887+06:00"
2021-10-04 11:52:42.303 +06:00 [INF] no file to delete
2021-10-04 11:52:42.303 +06:00 [INF] Worker running at: "2021-10-04T11:52:42.3038066+06:00"
2021-10-04 11:53:12.305 +06:00 [INF] no file to delete
2021-10-04 11:53:12.305 +06:00 [INF] Worker running at: "2021-10-04T11:53:12.3054487+06:00"
2021-10-04 11:53:42.312 +06:00 [INF] no file to delete
2021-10-04 11:53:42.312 +06:00 [INF] Worker running at: "2021-10-04T11:53:42.3126543+06:00"
2021-10-04 11:54:12.332 +06:00 [INF] no file to delete
2021-10-04 11:54:12.332 +06:00 [INF] Worker running at: "2021-10-04T11:54:12.3326596+06:00"
2021-10-04 11:54:42.338 +06:00 [INF] no file to delete
2021-10-04 11:54:42.338 +06:00 [INF] Worker running at: "2021-10-04T11:54:42.3385375+06:00"
2021-10-04 11:55:12.339 +06:00 [INF] no file to delete
2021-10-04 11:55:12.340 +06:00 [INF] Worker running at: "2021-10-04T11:55:12.3400061+06:00"
2021-10-04 11:55:42.359 +06:00 [INF] no file to delete
2021-10-04 11:55:42.360 +06:00 [INF] Worker running at: "2021-10-04T11:55:42.3608495+06:00"
2021-10-04 11:56:12.375 +06:00 [INF] no file to delete
2021-10-04 11:56:12.375 +06:00 [INF] Worker running at: "2021-10-04T11:56:12.3758652+06:00"
2021-10-04 11:56:42.382 +06:00 [INF] no file to delete
2021-10-04 11:56:42.382 +06:00 [INF] Worker running at: "2021-10-04T11:56:42.3823577+06:00"
2021-10-04 11:57:12.385 +06:00 [INF] no file to delete
2021-10-04 11:57:12.386 +06:00 [INF] Worker running at: "2021-10-04T11:57:12.3859912+06:00"
2021-10-04 11:57:42.433 +06:00 [INF] no file to delete
2021-10-04 11:57:42.433 +06:00 [INF] Worker running at: "2021-10-04T11:57:42.4333107+06:00"
2021-10-04 11:58:12.450 +06:00 [INF] no file to delete
2021-10-04 11:58:12.450 +06:00 [INF] Worker running at: "2021-10-04T11:58:12.4501331+06:00"
2021-10-04 11:58:42.454 +06:00 [INF] no file to delete
2021-10-04 11:58:42.455 +06:00 [INF] Worker running at: "2021-10-04T11:58:42.4552249+06:00"
2021-10-04 11:59:12.460 +06:00 [INF] no file to delete
2021-10-04 11:59:12.460 +06:00 [INF] Worker running at: "2021-10-04T11:59:12.4602785+06:00"
2021-10-04 11:59:42.464 +06:00 [INF] no file to delete
2021-10-04 11:59:42.465 +06:00 [INF] Worker running at: "2021-10-04T11:59:42.4650851+06:00"
2021-10-04 12:00:12.472 +06:00 [INF] no file to delete
2021-10-04 12:00:12.472 +06:00 [INF] Worker running at: "2021-10-04T12:00:12.4720664+06:00"
2021-10-04 12:00:42.487 +06:00 [INF] no file to delete
2021-10-04 12:00:42.487 +06:00 [INF] Worker running at: "2021-10-04T12:00:42.4879174+06:00"
2021-10-04 12:01:12.495 +06:00 [INF] no file to delete
2021-10-04 12:01:12.495 +06:00 [INF] Worker running at: "2021-10-04T12:01:12.4954493+06:00"
2021-10-04 12:01:42.508 +06:00 [INF] no file to delete
2021-10-04 12:01:42.508 +06:00 [INF] Worker running at: "2021-10-04T12:01:42.5086998+06:00"
2021-10-04 12:02:12.525 +06:00 [INF] no file to delete
2021-10-04 12:02:12.525 +06:00 [INF] Worker running at: "2021-10-04T12:02:12.5254553+06:00"
2021-10-04 12:02:42.539 +06:00 [INF] no file to delete
2021-10-04 12:02:42.540 +06:00 [INF] Worker running at: "2021-10-04T12:02:42.5400145+06:00"
2021-10-04 12:03:12.556 +06:00 [INF] no file to delete
2021-10-04 12:03:12.556 +06:00 [INF] Worker running at: "2021-10-04T12:03:12.5560895+06:00"
2021-10-04 12:03:42.567 +06:00 [INF] no file to delete
2021-10-04 12:03:42.567 +06:00 [INF] Worker running at: "2021-10-04T12:03:42.5675774+06:00"
2021-10-04 12:04:12.571 +06:00 [INF] no file to delete
2021-10-04 12:04:12.571 +06:00 [INF] Worker running at: "2021-10-04T12:04:12.5711435+06:00"
2021-10-04 12:04:42.586 +06:00 [INF] no file to delete
2021-10-04 12:04:42.586 +06:00 [INF] Worker running at: "2021-10-04T12:04:42.5862846+06:00"
2021-10-04 12:11:41.010 +06:00 [INF] Application Starting up
2021-10-04 12:11:42.507 +06:00 [INF] no file to delete
2021-10-04 12:11:42.508 +06:00 [INF] Worker running at: "2021-10-04T12:11:42.5082019+06:00"
2021-10-04 12:12:12.537 +06:00 [INF] no file to delete
2021-10-04 12:12:12.537 +06:00 [INF] Worker running at: "2021-10-04T12:12:12.5371845+06:00"
2021-10-04 12:12:42.786 +06:00 [INF] Deleted 
2021-10-04 12:12:42.786 +06:00 [INF] Worker running at: "2021-10-04T12:12:42.7865587+06:00"
2021-10-04 12:13:12.800 +06:00 [INF] no file to delete
2021-10-04 12:13:12.800 +06:00 [INF] Worker running at: "2021-10-04T12:13:12.8007822+06:00"
2021-10-04 12:13:42.818 +06:00 [INF] no file to delete
2021-10-04 12:13:42.818 +06:00 [INF] Worker running at: "2021-10-04T12:13:42.8188430+06:00"
2021-10-04 12:14:12.848 +06:00 [INF] no file to delete
2021-10-04 12:14:12.848 +06:00 [INF] Worker running at: "2021-10-04T12:14:12.8480994+06:00"
2021-10-04 12:14:42.866 +06:00 [INF] no file to delete
2021-10-04 12:14:42.866 +06:00 [INF] Worker running at: "2021-10-04T12:14:42.8669291+06:00"
2021-10-04 12:15:12.888 +06:00 [INF] no file to delete
2021-10-04 12:15:12.888 +06:00 [INF] Worker running at: "2021-10-04T12:15:12.8880976+06:00"
2021-10-04 12:15:42.902 +06:00 [INF] no file to delete
2021-10-04 12:15:42.902 +06:00 [INF] Worker running at: "2021-10-04T12:15:42.9028197+06:00"
2021-10-04 12:16:12.920 +06:00 [INF] no file to delete
2021-10-04 12:16:12.920 +06:00 [INF] Worker running at: "2021-10-04T12:16:12.9203184+06:00"
2021-10-04 12:16:42.933 +06:00 [INF] no file to delete
2021-10-04 12:16:42.935 +06:00 [INF] Worker running at: "2021-10-04T12:16:42.9356663+06:00"
2021-10-04 12:17:12.940 +06:00 [INF] no file to delete
2021-10-04 12:17:12.940 +06:00 [INF] Worker running at: "2021-10-04T12:17:12.9406501+06:00"
2021-10-04 12:17:42.958 +06:00 [INF] no file to delete
2021-10-04 12:17:42.958 +06:00 [INF] Worker running at: "2021-10-04T12:17:42.9584751+06:00"
2021-10-04 12:18:12.983 +06:00 [INF] no file to delete
2021-10-04 12:18:12.983 +06:00 [INF] Worker running at: "2021-10-04T12:18:12.9835275+06:00"
2021-10-04 12:18:43.002 +06:00 [INF] no file to delete
2021-10-04 12:18:43.002 +06:00 [INF] Worker running at: "2021-10-04T12:18:43.0022676+06:00"
2021-10-04 12:19:13.013 +06:00 [INF] no file to delete
2021-10-04 12:19:13.013 +06:00 [INF] Worker running at: "2021-10-04T12:19:13.0135666+06:00"
2021-10-04 12:19:43.026 +06:00 [INF] no file to delete
2021-10-04 12:19:43.026 +06:00 [INF] Worker running at: "2021-10-04T12:19:43.0262574+06:00"
2021-10-04 12:20:13.035 +06:00 [INF] no file to delete
2021-10-04 12:20:13.035 +06:00 [INF] Worker running at: "2021-10-04T12:20:13.0356282+06:00"
2021-10-04 12:20:43.091 +06:00 [INF] no file to delete
2021-10-04 12:20:43.091 +06:00 [INF] Worker running at: "2021-10-04T12:20:43.0911632+06:00"
2021-10-04 12:21:13.102 +06:00 [INF] no file to delete
2021-10-04 12:21:13.102 +06:00 [INF] Worker running at: "2021-10-04T12:21:13.1025460+06:00"
2021-10-04 12:21:43.113 +06:00 [INF] no file to delete
2021-10-04 12:21:43.113 +06:00 [INF] Worker running at: "2021-10-04T12:21:43.1133729+06:00"
2021-10-04 12:22:13.123 +06:00 [INF] no file to delete
2021-10-04 12:22:13.123 +06:00 [INF] Worker running at: "2021-10-04T12:22:13.1235841+06:00"
2021-10-04 12:22:43.139 +06:00 [INF] no file to delete
2021-10-04 12:22:43.139 +06:00 [INF] Worker running at: "2021-10-04T12:22:43.1391466+06:00"
2021-10-04 12:23:13.157 +06:00 [INF] no file to delete
2021-10-04 12:23:13.157 +06:00 [INF] Worker running at: "2021-10-04T12:23:13.1571438+06:00"
2021-10-04 12:23:43.159 +06:00 [INF] no file to delete
2021-10-04 12:23:43.159 +06:00 [INF] Worker running at: "2021-10-04T12:23:43.1592169+06:00"
2021-10-04 12:24:13.164 +06:00 [INF] no file to delete
2021-10-04 12:24:13.164 +06:00 [INF] Worker running at: "2021-10-04T12:24:13.1646341+06:00"
2021-10-04 12:24:43.175 +06:00 [INF] no file to delete
2021-10-04 12:24:43.175 +06:00 [INF] Worker running at: "2021-10-04T12:24:43.1759537+06:00"
2021-10-04 12:25:13.188 +06:00 [INF] no file to delete
2021-10-04 12:25:13.188 +06:00 [INF] Worker running at: "2021-10-04T12:25:13.1886033+06:00"
2021-10-04 12:25:43.199 +06:00 [INF] no file to delete
2021-10-04 12:25:43.199 +06:00 [INF] Worker running at: "2021-10-04T12:25:43.1992964+06:00"
2021-10-04 12:26:13.214 +06:00 [INF] no file to delete
2021-10-04 12:26:13.214 +06:00 [INF] Worker running at: "2021-10-04T12:26:13.2141553+06:00"
2021-10-04 12:26:43.233 +06:00 [INF] no file to delete
2021-10-04 12:26:43.233 +06:00 [INF] Worker running at: "2021-10-04T12:26:43.2338154+06:00"
2021-10-04 12:27:13.242 +06:00 [INF] no file to delete
2021-10-04 12:27:13.242 +06:00 [INF] Worker running at: "2021-10-04T12:27:13.2423978+06:00"
2021-10-04 12:27:43.250 +06:00 [INF] no file to delete
2021-10-04 12:27:43.250 +06:00 [INF] Worker running at: "2021-10-04T12:27:43.2503579+06:00"
2021-10-04 12:28:13.258 +06:00 [INF] no file to delete
2021-10-04 12:28:13.258 +06:00 [INF] Worker running at: "2021-10-04T12:28:13.2588700+06:00"
2021-10-04 12:28:43.268 +06:00 [INF] no file to delete
2021-10-04 12:28:43.268 +06:00 [INF] Worker running at: "2021-10-04T12:28:43.2684867+06:00"
2021-10-04 12:29:13.281 +06:00 [INF] no file to delete
2021-10-04 12:29:13.281 +06:00 [INF] Worker running at: "2021-10-04T12:29:13.2817333+06:00"
2021-10-04 12:29:43.296 +06:00 [INF] no file to delete
2021-10-04 12:29:43.296 +06:00 [INF] Worker running at: "2021-10-04T12:29:43.2962311+06:00"
2021-10-04 12:30:13.309 +06:00 [INF] no file to delete
2021-10-04 12:30:13.309 +06:00 [INF] Worker running at: "2021-10-04T12:30:13.3097933+06:00"
2021-10-04 12:30:34.349 +06:00 [INF] Application Starting up
2021-10-04 12:30:35.930 +06:00 [INF] no file to delete
2021-10-04 12:30:35.931 +06:00 [INF] Worker running at: "2021-10-04T12:30:35.9311937+06:00"
2021-10-04 12:31:05.958 +06:00 [INF] no file to delete
2021-10-04 12:31:05.958 +06:00 [INF] Worker running at: "2021-10-04T12:31:05.9588230+06:00"
2021-10-04 12:31:35.981 +06:00 [INF] no file to delete
2021-10-04 12:31:35.983 +06:00 [INF] Worker running at: "2021-10-04T12:31:35.9832088+06:00"
2021-10-04 12:32:06.178 +06:00 [INF] Deleted 
2021-10-04 12:32:06.178 +06:00 [INF] Worker running at: "2021-10-04T12:32:06.1786031+06:00"
2021-10-04 12:32:36.211 +06:00 [INF] Deleted 
2021-10-04 12:32:36.211 +06:00 [INF] Worker running at: "2021-10-04T12:32:36.2112096+06:00"
2021-10-04 12:33:06.220 +06:00 [INF] no file to delete
2021-10-04 12:33:06.220 +06:00 [INF] Worker running at: "2021-10-04T12:33:06.2205509+06:00"
2021-10-04 12:33:36.235 +06:00 [INF] no file to delete
2021-10-04 12:33:36.235 +06:00 [INF] Worker running at: "2021-10-04T12:33:36.2357027+06:00"
2021-10-04 12:34:06.246 +06:00 [INF] no file to delete
2021-10-04 12:34:06.246 +06:00 [INF] Worker running at: "2021-10-04T12:34:06.2466591+06:00"
2021-10-04 12:34:36.251 +06:00 [INF] no file to delete
2021-10-04 12:34:36.251 +06:00 [INF] Worker running at: "2021-10-04T12:34:36.2511406+06:00"
2021-10-04 12:35:06.264 +06:00 [INF] no file to delete
2021-10-04 12:35:06.264 +06:00 [INF] Worker running at: "2021-10-04T12:35:06.2640703+06:00"
2021-10-04 12:35:36.276 +06:00 [INF] no file to delete
2021-10-04 12:35:36.277 +06:00 [INF] Worker running at: "2021-10-04T12:35:36.2770442+06:00"
2021-10-04 12:36:06.289 +06:00 [INF] no file to delete
2021-10-04 12:36:06.289 +06:00 [INF] Worker running at: "2021-10-04T12:36:06.2890898+06:00"
2021-10-04 12:36:36.291 +06:00 [INF] no file to delete
2021-10-04 12:36:36.292 +06:00 [INF] Worker running at: "2021-10-04T12:36:36.2919883+06:00"
2021-10-04 12:37:06.302 +06:00 [INF] no file to delete
2021-10-04 12:37:06.302 +06:00 [INF] Worker running at: "2021-10-04T12:37:06.3025194+06:00"
2021-10-04 12:37:36.320 +06:00 [INF] no file to delete
2021-10-04 12:37:36.320 +06:00 [INF] Worker running at: "2021-10-04T12:37:36.3205743+06:00"
2021-10-04 12:38:06.342 +06:00 [INF] no file to delete
2021-10-04 12:38:06.342 +06:00 [INF] Worker running at: "2021-10-04T12:38:06.3422456+06:00"
2021-10-04 12:38:36.349 +06:00 [INF] no file to delete
2021-10-04 12:38:36.349 +06:00 [INF] Worker running at: "2021-10-04T12:38:36.3498238+06:00"
2021-10-04 12:39:06.356 +06:00 [INF] no file to delete
2021-10-04 12:39:06.356 +06:00 [INF] Worker running at: "2021-10-04T12:39:06.3563220+06:00"
2021-10-04 12:39:36.364 +06:00 [INF] no file to delete
2021-10-04 12:39:36.364 +06:00 [INF] Worker running at: "2021-10-04T12:39:36.3646643+06:00"
2021-10-04 12:40:06.374 +06:00 [INF] no file to delete
2021-10-04 12:40:06.374 +06:00 [INF] Worker running at: "2021-10-04T12:40:06.3745389+06:00"
2021-10-04 12:40:36.385 +06:00 [INF] no file to delete
2021-10-04 12:40:36.387 +06:00 [INF] Worker running at: "2021-10-04T12:40:36.3874766+06:00"
2021-10-04 12:41:06.396 +06:00 [INF] no file to delete
2021-10-04 12:41:06.396 +06:00 [INF] Worker running at: "2021-10-04T12:41:06.3968642+06:00"
2021-10-04 12:41:36.401 +06:00 [INF] no file to delete
2021-10-04 12:41:36.402 +06:00 [INF] Worker running at: "2021-10-04T12:41:36.4026899+06:00"
2021-10-04 12:42:06.417 +06:00 [INF] no file to delete
2021-10-04 12:42:06.418 +06:00 [INF] Worker running at: "2021-10-04T12:42:06.4180027+06:00"
2021-10-04 22:03:41.580 +06:00 [INF] Application Starting up
2021-10-04 22:03:44.024 +06:00 [INF] no file to delete
2021-10-04 22:03:44.025 +06:00 [INF] Worker running at: "2021-10-04T22:03:44.0252997+06:00"
2021-10-04 22:04:14.043 +06:00 [INF] no file to delete
2021-10-04 22:04:14.044 +06:00 [INF] Worker running at: "2021-10-04T22:04:14.0446179+06:00"
2021-10-04 22:04:44.057 +06:00 [INF] no file to delete
2021-10-04 22:04:44.057 +06:00 [INF] Worker running at: "2021-10-04T22:04:44.0577654+06:00"
2021-10-04 22:05:14.067 +06:00 [INF] no file to delete
2021-10-04 22:05:14.067 +06:00 [INF] Worker running at: "2021-10-04T22:05:14.0677568+06:00"
2021-10-04 22:05:44.088 +06:00 [INF] no file to delete
2021-10-04 22:05:44.088 +06:00 [INF] Worker running at: "2021-10-04T22:05:44.0883391+06:00"
2021-10-04 22:06:14.109 +06:00 [INF] no file to delete
2021-10-04 22:06:14.109 +06:00 [INF] Worker running at: "2021-10-04T22:06:14.1097970+06:00"
2021-10-04 22:06:44.124 +06:00 [INF] no file to delete
2021-10-04 22:06:44.124 +06:00 [INF] Worker running at: "2021-10-04T22:06:44.1246286+06:00"
2021-10-04 22:07:14.132 +06:00 [INF] no file to delete
2021-10-04 22:07:14.132 +06:00 [INF] Worker running at: "2021-10-04T22:07:14.1321468+06:00"
2021-10-04 22:07:44.156 +06:00 [INF] no file to delete
2021-10-04 22:07:44.156 +06:00 [INF] Worker running at: "2021-10-04T22:07:44.1563620+06:00"
2021-10-04 22:08:16.037 +06:00 [INF] Application Starting up
2021-10-04 22:08:17.693 +06:00 [INF] no file to delete
2021-10-04 22:08:17.695 +06:00 [INF] Worker running at: "2021-10-04T22:08:17.6949337+06:00"
2021-10-04 22:08:47.711 +06:00 [INF] no file to delete
2021-10-04 22:08:47.711 +06:00 [INF] Worker running at: "2021-10-04T22:08:47.7117183+06:00"
2021-10-04 22:09:17.729 +06:00 [INF] no file to delete
2021-10-04 22:09:17.729 +06:00 [INF] Worker running at: "2021-10-04T22:09:17.7299660+06:00"
2021-10-04 22:09:47.730 +06:00 [INF] no file to delete
2021-10-04 22:09:47.730 +06:00 [INF] Worker running at: "2021-10-04T22:09:47.7302988+06:00"
2021-10-04 22:11:27.200 +06:00 [INF] Application Starting up
2021-10-04 22:11:28.975 +06:00 [INF] no file to delete
2021-10-04 22:11:28.977 +06:00 [INF] Worker running at: "2021-10-04T22:11:28.9768767+06:00"
2021-10-04 22:11:58.998 +06:00 [INF] no file to delete
2021-10-04 22:11:58.998 +06:00 [INF] Worker running at: "2021-10-04T22:11:58.9988032+06:00"
