2021-09-21 00:00:16.445 +06:00 [INF] no file to delete
2021-09-21 00:00:16.449 +06:00 [INF] Worker running at: "2021-09-21T00:00:16.4493292+06:00"
2021-09-21 00:00:36.666 +06:00 [INF] Deleted 
2021-09-21 00:00:36.666 +06:00 [INF] Worker running at: "2021-09-21T00:00:36.6664556+06:00"
2021-09-21 00:00:56.677 +06:00 [INF] no file to delete
2021-09-21 00:00:56.679 +06:00 [INF] Worker running at: "2021-09-21T00:00:56.6795384+06:00"
2021-09-21 00:01:16.692 +06:00 [INF] no file to delete
2021-09-21 00:01:16.692 +06:00 [INF] Worker running at: "2021-09-21T00:01:16.6926451+06:00"
2021-09-21 00:01:36.697 +06:00 [INF] no file to delete
2021-09-21 00:01:36.698 +06:00 [INF] Worker running at: "2021-09-21T00:01:36.6979891+06:00"
2021-09-21 00:01:56.708 +06:00 [INF] no file to delete
2021-09-21 00:01:56.708 +06:00 [INF] Worker running at: "2021-09-21T00:01:56.7087981+06:00"
2021-09-21 00:02:16.724 +06:00 [INF] no file to delete
2021-09-21 00:02:16.724 +06:00 [INF] Worker running at: "2021-09-21T00:02:16.7244872+06:00"
2021-09-21 00:04:59.161 +06:00 [INF] Application Starting up
2021-09-21 00:05:00.604 +06:00 [INF] no file to delete
2021-09-21 00:05:00.606 +06:00 [INF] Worker running at: "2021-09-21T00:05:00.6058705+06:00"
2021-09-21 00:05:20.631 +06:00 [INF] no file to delete
2021-09-21 00:05:20.631 +06:00 [INF] Worker running at: "2021-09-21T00:05:20.6316879+06:00"
2021-09-21 00:07:13.982 +06:00 [INF] Application Starting up
2021-09-21 00:07:15.511 +06:00 [INF] no file to delete
2021-09-21 00:07:15.513 +06:00 [INF] Worker running at: "2021-09-21T00:07:15.5125249+06:00"
2021-09-21 00:07:35.540 +06:00 [INF] no file to delete
2021-09-21 00:07:35.540 +06:00 [INF] Worker running at: "2021-09-21T00:07:35.5401204+06:00"
2021-09-21 00:07:55.550 +06:00 [INF] no file to delete
2021-09-21 00:07:55.550 +06:00 [INF] Worker running at: "2021-09-21T00:07:55.5505777+06:00"
2021-09-21 00:08:15.565 +06:00 [INF] no file to delete
2021-09-21 00:08:15.565 +06:00 [INF] Worker running at: "2021-09-21T00:08:15.5652082+06:00"
2021-09-21 00:08:35.598 +06:00 [INF] no file to delete
2021-09-21 00:08:35.598 +06:00 [INF] Worker running at: "2021-09-21T00:08:35.5986954+06:00"
2021-09-21 00:08:55.616 +06:00 [INF] no file to delete
2021-09-21 00:08:55.616 +06:00 [INF] Worker running at: "2021-09-21T00:08:55.6163624+06:00"
2021-09-21 00:09:14.552 +06:00 [INF] Application Starting up
2021-09-21 00:09:16.027 +06:00 [INF] no file to delete
2021-09-21 00:09:16.028 +06:00 [INF] Worker running at: "2021-09-21T00:09:16.0282563+06:00"
2021-09-21 00:09:36.050 +06:00 [INF] no file to delete
2021-09-21 00:09:36.050 +06:00 [INF] Worker running at: "2021-09-21T00:09:36.0508431+06:00"
2021-09-21 00:09:56.091 +06:00 [INF] no file to delete
2021-09-21 00:09:56.091 +06:00 [INF] Worker running at: "2021-09-21T00:09:56.0915061+06:00"
2021-09-21 00:10:16.095 +06:00 [INF] no file to delete
2021-09-21 00:10:16.096 +06:00 [INF] Worker running at: "2021-09-21T00:10:16.0960199+06:00"
2021-09-21 00:10:36.112 +06:00 [INF] no file to delete
2021-09-21 00:10:36.112 +06:00 [INF] Worker running at: "2021-09-21T00:10:36.1123498+06:00"
2021-09-21 00:10:56.118 +06:00 [INF] no file to delete
2021-09-21 00:10:56.118 +06:00 [INF] Worker running at: "2021-09-21T00:10:56.1184572+06:00"
2021-09-21 00:11:16.125 +06:00 [INF] no file to delete
2021-09-21 00:11:16.125 +06:00 [INF] Worker running at: "2021-09-21T00:11:16.1257303+06:00"
2021-09-21 00:11:36.146 +06:00 [INF] no file to delete
2021-09-21 00:11:36.146 +06:00 [INF] Worker running at: "2021-09-21T00:11:36.1462091+06:00"
2021-09-21 00:11:56.152 +06:00 [INF] no file to delete
2021-09-21 00:11:56.152 +06:00 [INF] Worker running at: "2021-09-21T00:11:56.1522029+06:00"
2021-09-21 00:13:30.576 +06:00 [INF] Application Starting up
2021-09-21 00:13:31.912 +06:00 [INF] no file to delete
2021-09-21 00:13:31.914 +06:00 [INF] Worker running at: "2021-09-21T00:13:31.9136400+06:00"
2021-09-21 00:13:51.931 +06:00 [INF] no file to delete
2021-09-21 00:13:51.931 +06:00 [INF] Worker running at: "2021-09-21T00:13:51.9319129+06:00"
2021-09-21 00:14:19.406 +06:00 [INF] no file to delete
2021-09-21 00:14:19.406 +06:00 [INF] Worker running at: "2021-09-21T00:14:19.4069627+06:00"
2021-09-21 00:14:44.074 +06:00 [INF] no file to delete
2021-09-21 00:14:44.077 +06:00 [INF] Worker running at: "2021-09-21T00:14:44.0772353+06:00"
2021-09-21 00:15:20.994 +06:00 [INF] no file to delete
2021-09-21 00:15:20.995 +06:00 [INF] Worker running at: "2021-09-21T00:15:20.9949929+06:00"
2021-09-21 00:15:43.319 +06:00 [INF] no file to delete
2021-09-21 00:15:43.319 +06:00 [INF] Worker running at: "2021-09-21T00:15:43.3197802+06:00"
2021-09-21 00:16:04.047 +06:00 [INF] no file to delete
2021-09-21 00:16:04.047 +06:00 [INF] Worker running at: "2021-09-21T00:16:04.0474679+06:00"
2021-09-21 00:16:30.651 +06:00 [INF] no file to delete
2021-09-21 00:16:30.651 +06:00 [INF] Worker running at: "2021-09-21T00:16:30.6512340+06:00"
2021-09-21 00:16:50.658 +06:00 [INF] no file to delete
2021-09-21 00:16:50.659 +06:00 [INF] Worker running at: "2021-09-21T00:16:50.6590491+06:00"
2021-09-21 00:17:10.669 +06:00 [INF] no file to delete
2021-09-21 00:17:10.669 +06:00 [INF] Worker running at: "2021-09-21T00:17:10.6699336+06:00"
2021-09-21 00:17:30.681 +06:00 [INF] no file to delete
2021-09-21 00:17:30.681 +06:00 [INF] Worker running at: "2021-09-21T00:17:30.6816818+06:00"
2021-09-21 00:17:50.693 +06:00 [INF] no file to delete
2021-09-21 00:17:50.693 +06:00 [INF] Worker running at: "2021-09-21T00:17:50.6931674+06:00"
2021-09-21 00:18:10.704 +06:00 [INF] no file to delete
2021-09-21 00:18:10.704 +06:00 [INF] Worker running at: "2021-09-21T00:18:10.7047615+06:00"
2021-09-21 00:24:40.443 +06:00 [INF] Application Starting up
2021-09-21 00:24:41.932 +06:00 [INF] no file to delete
2021-09-21 00:24:41.933 +06:00 [INF] Worker running at: "2021-09-21T00:24:41.9333190+06:00"
2021-09-21 00:25:28.999 +06:00 [INF] Deleted 
2021-09-21 00:25:28.999 +06:00 [INF] Worker running at: "2021-09-21T00:25:28.9990943+06:00"
2021-09-21 00:25:49.031 +06:00 [INF] no file to delete
2021-09-21 00:25:49.031 +06:00 [INF] Worker running at: "2021-09-21T00:25:49.0311801+06:00"
2021-09-21 00:26:10.797 +06:00 [INF] no file to delete
2021-09-21 00:26:10.797 +06:00 [INF] Worker running at: "2021-09-21T00:26:10.7971927+06:00"
2021-09-21 00:26:34.154 +06:00 [INF] no file to delete
2021-09-21 00:26:34.154 +06:00 [INF] Worker running at: "2021-09-21T00:26:34.1546371+06:00"
2021-09-21 00:27:02.032 +06:00 [INF] no file to delete
2021-09-21 00:27:02.034 +06:00 [INF] Worker running at: "2021-09-21T00:27:02.0333417+06:00"
2021-09-21 00:27:40.173 +06:00 [INF] no file to delete
2021-09-21 00:27:40.173 +06:00 [INF] Worker running at: "2021-09-21T00:27:40.1738194+06:00"
2021-09-21 00:28:36.177 +06:00 [INF] no file to delete
2021-09-21 00:28:36.179 +06:00 [INF] Worker running at: "2021-09-21T00:28:36.1789204+06:00"
2021-09-21 00:33:50.666 +06:00 [INF] no file to delete
2021-09-21 00:33:50.667 +06:00 [INF] Worker running at: "2021-09-21T00:33:50.6670105+06:00"
2021-09-21 00:34:19.171 +06:00 [INF] no file to delete
2021-09-21 00:34:19.171 +06:00 [INF] Worker running at: "2021-09-21T00:34:19.1712586+06:00"
2021-09-21 00:34:51.447 +06:00 [INF] no file to delete
2021-09-21 00:34:51.450 +06:00 [INF] Worker running at: "2021-09-21T00:34:51.4499445+06:00"
2021-09-21 00:35:26.278 +06:00 [INF] no file to delete
2021-09-21 00:35:26.278 +06:00 [INF] Worker running at: "2021-09-21T00:35:26.2783234+06:00"
2021-09-21 00:43:54.853 +06:00 [INF] Application Starting up
2021-09-21 00:43:56.283 +06:00 [INF] no file to delete
2021-09-21 00:43:56.285 +06:00 [INF] Worker running at: "2021-09-21T00:43:56.2849871+06:00"
2021-09-21 00:44:16.501 +06:00 [INF] Deleted 
2021-09-21 00:44:16.501 +06:00 [INF] Worker running at: "2021-09-21T00:44:16.5019322+06:00"
2021-09-21 00:44:36.520 +06:00 [INF] no file to delete
2021-09-21 00:44:36.520 +06:00 [INF] Worker running at: "2021-09-21T00:44:36.5202244+06:00"
2021-09-21 00:44:56.528 +06:00 [INF] no file to delete
2021-09-21 00:44:56.528 +06:00 [INF] Worker running at: "2021-09-21T00:44:56.5289740+06:00"
2021-09-21 00:45:16.540 +06:00 [INF] no file to delete
2021-09-21 00:45:16.540 +06:00 [INF] Worker running at: "2021-09-21T00:45:16.5407317+06:00"
2021-09-21 00:45:36.547 +06:00 [INF] no file to delete
2021-09-21 00:45:36.547 +06:00 [INF] Worker running at: "2021-09-21T00:45:36.5477131+06:00"
2021-09-21 00:45:56.557 +06:00 [INF] no file to delete
2021-09-21 00:45:56.557 +06:00 [INF] Worker running at: "2021-09-21T00:45:56.5579075+06:00"
2021-09-21 02:25:51.634 +06:00 [INF] Application Starting up
2021-09-21 02:25:53.085 +06:00 [INF] no file to delete
2021-09-21 02:25:53.087 +06:00 [INF] Worker running at: "2021-09-21T02:25:53.0865753+06:00"
2021-09-21 02:26:13.368 +06:00 [INF] Deleted 
2021-09-21 02:26:13.368 +06:00 [INF] Worker running at: "2021-09-21T02:26:13.3681899+06:00"
2021-09-21 02:26:33.386 +06:00 [INF] no file to delete
2021-09-21 02:26:33.386 +06:00 [INF] Worker running at: "2021-09-21T02:26:33.3862962+06:00"
2021-09-21 02:26:53.395 +06:00 [INF] no file to delete
2021-09-21 02:26:53.397 +06:00 [INF] Worker running at: "2021-09-21T02:26:53.3965461+06:00"
2021-09-21 02:27:13.405 +06:00 [INF] no file to delete
2021-09-21 02:27:13.405 +06:00 [INF] Worker running at: "2021-09-21T02:27:13.4056377+06:00"
2021-09-21 02:27:33.422 +06:00 [INF] no file to delete
2021-09-21 02:27:33.422 +06:00 [INF] Worker running at: "2021-09-21T02:27:33.4220576+06:00"
2021-09-21 02:27:53.436 +06:00 [INF] no file to delete
2021-09-21 02:27:53.436 +06:00 [INF] Worker running at: "2021-09-21T02:27:53.4366449+06:00"
2021-09-21 02:28:13.450 +06:00 [INF] no file to delete
2021-09-21 02:28:13.450 +06:00 [INF] Worker running at: "2021-09-21T02:28:13.4508318+06:00"
2021-09-21 02:28:33.465 +06:00 [INF] no file to delete
2021-09-21 02:28:33.465 +06:00 [INF] Worker running at: "2021-09-21T02:28:33.4651611+06:00"
2021-09-21 02:28:53.481 +06:00 [INF] no file to delete
2021-09-21 02:28:53.481 +06:00 [INF] Worker running at: "2021-09-21T02:28:53.4816403+06:00"
2021-09-21 02:29:13.488 +06:00 [INF] no file to delete
2021-09-21 02:29:13.488 +06:00 [INF] Worker running at: "2021-09-21T02:29:13.4886102+06:00"
2021-09-21 02:29:28.316 +06:00 [INF] Application Starting up
2021-09-21 02:29:29.805 +06:00 [INF] no file to delete
2021-09-21 02:29:29.806 +06:00 [INF] Worker running at: "2021-09-21T02:29:29.8061019+06:00"
2021-09-21 02:29:49.829 +06:00 [INF] no file to delete
2021-09-21 02:29:49.829 +06:00 [INF] Worker running at: "2021-09-21T02:29:49.8291383+06:00"
2021-09-21 02:30:10.066 +06:00 [INF] Deleted 
2021-09-21 02:30:10.066 +06:00 [INF] Worker running at: "2021-09-21T02:30:10.0665245+06:00"
2021-09-21 02:30:30.088 +06:00 [INF] no file to delete
2021-09-21 02:30:30.090 +06:00 [INF] Worker running at: "2021-09-21T02:30:30.0906340+06:00"
2021-09-21 02:30:50.099 +06:00 [INF] no file to delete
2021-09-21 02:30:50.099 +06:00 [INF] Worker running at: "2021-09-21T02:30:50.0995731+06:00"
2021-09-21 02:37:04.745 +06:00 [INF] Application Starting up
2021-09-21 02:37:06.374 +06:00 [INF] Deleted 
2021-09-21 02:37:06.376 +06:00 [INF] Worker running at: "2021-09-21T02:37:06.3755893+06:00"
2021-09-21 02:37:26.386 +06:00 [INF] no file to delete
2021-09-21 02:37:26.386 +06:00 [INF] Worker running at: "2021-09-21T02:37:26.3863731+06:00"
2021-09-21 02:37:46.469 +06:00 [INF] Deleted 
2021-09-21 02:37:46.469 +06:00 [INF] Worker running at: "2021-09-21T02:37:46.4691371+06:00"
2021-09-21 02:38:06.497 +06:00 [INF] no file to delete
2021-09-21 02:38:06.497 +06:00 [INF] Worker running at: "2021-09-21T02:38:06.4972112+06:00"
2021-09-21 02:38:26.533 +06:00 [INF] no file to delete
2021-09-21 02:38:26.533 +06:00 [INF] Worker running at: "2021-09-21T02:38:26.5338671+06:00"
2021-09-21 02:38:46.577 +06:00 [INF] no file to delete
2021-09-21 02:38:46.577 +06:00 [INF] Worker running at: "2021-09-21T02:38:46.5777559+06:00"
2021-09-21 02:39:06.600 +06:00 [INF] no file to delete
2021-09-21 02:39:06.601 +06:00 [INF] Worker running at: "2021-09-21T02:39:06.6010011+06:00"
2021-09-21 02:39:26.606 +06:00 [INF] no file to delete
2021-09-21 02:39:26.606 +06:00 [INF] Worker running at: "2021-09-21T02:39:26.6067367+06:00"
2021-09-21 02:39:46.619 +06:00 [INF] no file to delete
2021-09-21 02:39:46.619 +06:00 [INF] Worker running at: "2021-09-21T02:39:46.6193394+06:00"
2021-09-21 02:40:06.666 +06:00 [INF] no file to delete
2021-09-21 02:40:06.667 +06:00 [INF] Worker running at: "2021-09-21T02:40:06.6678243+06:00"
2021-09-21 02:40:26.681 +06:00 [INF] no file to delete
2021-09-21 02:40:26.681 +06:00 [INF] Worker running at: "2021-09-21T02:40:26.6819058+06:00"
2021-09-21 02:40:46.692 +06:00 [INF] no file to delete
2021-09-21 02:40:46.692 +06:00 [INF] Worker running at: "2021-09-21T02:40:46.6925153+06:00"
2021-09-21 02:41:06.710 +06:00 [INF] no file to delete
2021-09-21 02:41:06.711 +06:00 [INF] Worker running at: "2021-09-21T02:41:06.7109723+06:00"
2021-09-21 02:41:26.720 +06:00 [INF] no file to delete
2021-09-21 02:41:26.720 +06:00 [INF] Worker running at: "2021-09-21T02:41:26.7201130+06:00"
2021-09-21 02:41:46.731 +06:00 [INF] no file to delete
2021-09-21 02:41:46.731 +06:00 [INF] Worker running at: "2021-09-21T02:41:46.7315959+06:00"
2021-09-21 02:42:06.734 +06:00 [INF] no file to delete
2021-09-21 02:42:06.735 +06:00 [INF] Worker running at: "2021-09-21T02:42:06.7349792+06:00"
2021-09-21 02:42:26.751 +06:00 [INF] no file to delete
2021-09-21 02:42:26.751 +06:00 [INF] Worker running at: "2021-09-21T02:42:26.7517337+06:00"
2021-09-21 02:42:46.766 +06:00 [INF] no file to delete
2021-09-21 02:42:46.766 +06:00 [INF] Worker running at: "2021-09-21T02:42:46.7666946+06:00"
2021-09-21 02:43:06.784 +06:00 [INF] no file to delete
2021-09-21 02:43:06.784 +06:00 [INF] Worker running at: "2021-09-21T02:43:06.7846624+06:00"
2021-09-21 02:43:26.799 +06:00 [INF] no file to delete
2021-09-21 02:43:26.799 +06:00 [INF] Worker running at: "2021-09-21T02:43:26.7997483+06:00"
2021-09-21 02:43:46.807 +06:00 [INF] no file to delete
2021-09-21 02:43:46.807 +06:00 [INF] Worker running at: "2021-09-21T02:43:46.8076400+06:00"
2021-09-21 02:44:06.813 +06:00 [INF] no file to delete
2021-09-21 02:44:06.846 +06:00 [INF] Worker running at: "2021-09-21T02:44:06.8462686+06:00"
2021-09-21 02:44:26.858 +06:00 [INF] no file to delete
2021-09-21 02:44:26.858 +06:00 [INF] Worker running at: "2021-09-21T02:44:26.8583215+06:00"
2021-09-21 02:44:46.872 +06:00 [INF] no file to delete
2021-09-21 02:44:46.873 +06:00 [INF] Worker running at: "2021-09-21T02:44:46.8729853+06:00"
2021-09-21 02:45:06.874 +06:00 [INF] no file to delete
2021-09-21 02:45:06.875 +06:00 [INF] Worker running at: "2021-09-21T02:45:06.8758284+06:00"
2021-09-21 02:45:26.881 +06:00 [INF] no file to delete
2021-09-21 02:45:26.881 +06:00 [INF] Worker running at: "2021-09-21T02:45:26.8813725+06:00"
2021-09-21 02:46:13.539 +06:00 [INF] Application Starting up
2021-09-21 02:46:15.018 +06:00 [INF] no file to delete
2021-09-21 02:46:15.020 +06:00 [INF] Worker running at: "2021-09-21T02:46:15.0199575+06:00"
2021-09-21 02:46:35.030 +06:00 [INF] no file to delete
2021-09-21 02:46:35.030 +06:00 [INF] Worker running at: "2021-09-21T02:46:35.0302626+06:00"
2021-09-21 02:46:55.055 +06:00 [INF] no file to delete
2021-09-21 02:46:55.055 +06:00 [INF] Worker running at: "2021-09-21T02:46:55.0552255+06:00"
2021-09-21 02:47:15.065 +06:00 [INF] no file to delete
2021-09-21 02:47:15.065 +06:00 [INF] Worker running at: "2021-09-21T02:47:15.0654353+06:00"
2021-09-21 02:47:33.179 +06:00 [INF] Application Starting up
2021-09-21 02:47:34.530 +06:00 [INF] no file to delete
2021-09-21 02:47:34.532 +06:00 [INF] Worker running at: "2021-09-21T02:47:34.5315630+06:00"
2021-09-21 02:47:54.556 +06:00 [INF] no file to delete
2021-09-21 02:47:54.556 +06:00 [INF] Worker running at: "2021-09-21T02:47:54.5560707+06:00"
2021-09-21 02:48:14.569 +06:00 [INF] no file to delete
2021-09-21 02:48:14.569 +06:00 [INF] Worker running at: "2021-09-21T02:48:14.5693403+06:00"
2021-09-21 02:48:34.582 +06:00 [INF] no file to delete
2021-09-21 02:48:34.582 +06:00 [INF] Worker running at: "2021-09-21T02:48:34.5822751+06:00"
2021-09-21 02:48:54.587 +06:00 [INF] no file to delete
2021-09-21 02:48:54.587 +06:00 [INF] Worker running at: "2021-09-21T02:48:54.5878178+06:00"
2021-09-21 02:49:14.597 +06:00 [INF] no file to delete
2021-09-21 02:49:14.597 +06:00 [INF] Worker running at: "2021-09-21T02:49:14.5971402+06:00"
2021-09-21 11:07:33.404 +06:00 [INF] Application Starting up
2021-09-21 11:07:35.868 +06:00 [INF] no file to delete
2021-09-21 11:07:35.871 +06:00 [INF] Worker running at: "2021-09-21T11:07:35.8702598+06:00"
2021-09-21 11:07:55.895 +06:00 [INF] no file to delete
2021-09-21 11:07:55.895 +06:00 [INF] Worker running at: "2021-09-21T11:07:55.8959481+06:00"
2021-09-21 11:08:15.903 +06:00 [INF] no file to delete
2021-09-21 11:08:15.903 +06:00 [INF] Worker running at: "2021-09-21T11:08:15.9031862+06:00"
2021-09-21 16:38:48.033 +06:00 [INF] Application Starting up
2021-09-21 16:38:49.604 +06:00 [INF] no file to delete
2021-09-21 16:38:49.605 +06:00 [INF] Worker running at: "2021-09-21T16:38:49.6051207+06:00"
2021-09-21 16:39:09.621 +06:00 [INF] no file to delete
2021-09-21 16:39:09.621 +06:00 [INF] Worker running at: "2021-09-21T16:39:09.6214769+06:00"
2021-09-21 16:39:29.624 +06:00 [INF] no file to delete
2021-09-21 16:39:29.624 +06:00 [INF] Worker running at: "2021-09-21T16:39:29.6244668+06:00"
2021-09-21 16:39:49.830 +06:00 [INF] Deleted 
2021-09-21 16:39:49.830 +06:00 [INF] Worker running at: "2021-09-21T16:39:49.8303058+06:00"
2021-09-21 16:48:47.929 +06:00 [INF] Application Starting up
2021-09-21 16:48:49.521 +06:00 [INF] no file to delete
2021-09-21 16:48:49.522 +06:00 [INF] Worker running at: "2021-09-21T16:48:49.5219683+06:00"
2021-09-21 16:49:09.727 +06:00 [INF] Deleted 
2021-09-21 16:49:09.727 +06:00 [INF] Worker running at: "2021-09-21T16:49:09.7275487+06:00"
2021-09-21 20:01:24.491 +06:00 [INF] Application Starting up
2021-09-21 20:01:26.033 +06:00 [FTL] Application start-up failed
System.IO.DirectoryNotFoundException: Could not find a part of the path 'D:\#FinalProject\3\DataImporter\wwwroot\Excel\nushrat.xlsx'.
   at System.IO.FileStream.ValidateFileHandle(SafeFileHandle fileHandle)
   at System.IO.FileStream.CreateFileOpenHandle(FileMode mode, FileShare share, FileOptions options)
   at System.IO.FileStream..ctor(String path, FileMode mode, FileAccess access, FileShare share, Int32 bufferSize, FileOptions options)
   at System.IO.FileStream..ctor(String path, FileMode mode, FileAccess access, FileShare share)
   at System.IO.File.Open(String path, FileMode mode, FileAccess access)
   at DataImporter.Info.Services.DataImporterService.SaveExcelDatatoDb() in D:\#FinalProject\3\DataImporter.Info\Services\DataImporterService.cs:line 232
   at DataImporter.ImportWorker.Worker.ExecuteAsync(CancellationToken stoppingToken) in D:\#FinalProject\3\DataImporter.ImportWorker\Worker.cs:line 27
   at Microsoft.Extensions.Hosting.Internal.Host.StartAsync(CancellationToken cancellationToken)
   at Microsoft.Extensions.Hosting.HostingAbstractionsHostExtensions.RunAsync(IHost host, CancellationToken token)
   at Microsoft.Extensions.Hosting.HostingAbstractionsHostExtensions.RunAsync(IHost host, CancellationToken token)
   at Microsoft.Extensions.Hosting.HostingAbstractionsHostExtensions.Run(IHost host)
   at DataImporter.ImportWorker.Program.Main(String[] args) in D:\#FinalProject\3\DataImporter.ImportWorker\Program.cs:line 47
2021-09-21 20:03:05.537 +06:00 [INF] Application Starting up
2021-09-21 20:03:15.834 +06:00 [FTL] Application start-up failed
System.IO.DirectoryNotFoundException: Could not find a part of the path 'D:\#FinalProject\3\DataImporter\wwwroot\Excel\nushrat.xlsx'.
   at System.IO.FileStream.ValidateFileHandle(SafeFileHandle fileHandle)
   at System.IO.FileStream.CreateFileOpenHandle(FileMode mode, FileShare share, FileOptions options)
   at System.IO.FileStream..ctor(String path, FileMode mode, FileAccess access, FileShare share, Int32 bufferSize, FileOptions options)
   at System.IO.FileStream..ctor(String path, FileMode mode, FileAccess access, FileShare share)
   at System.IO.File.Open(String path, FileMode mode, FileAccess access)
   at DataImporter.Info.Services.DataImporterService.SaveExcelDatatoDb() in D:\#FinalProject\3\DataImporter.Info\Services\DataImporterService.cs:line 232
   at DataImporter.ImportWorker.Worker.ExecuteAsync(CancellationToken stoppingToken) in D:\#FinalProject\3\DataImporter.ImportWorker\Worker.cs:line 27
   at Microsoft.Extensions.Hosting.Internal.Host.StartAsync(CancellationToken cancellationToken)
   at Microsoft.Extensions.Hosting.HostingAbstractionsHostExtensions.RunAsync(IHost host, CancellationToken token)
   at Microsoft.Extensions.Hosting.HostingAbstractionsHostExtensions.RunAsync(IHost host, CancellationToken token)
   at Microsoft.Extensions.Hosting.HostingAbstractionsHostExtensions.Run(IHost host)
   at DataImporter.ImportWorker.Program.Main(String[] args) in D:\#FinalProject\3\DataImporter.ImportWorker\Program.cs:line 47
2021-09-21 20:07:10.837 +06:00 [INF] Application Starting up
2021-09-21 20:07:12.294 +06:00 [INF] no file to delete
2021-09-21 20:07:12.295 +06:00 [INF] Worker running at: "2021-09-21T20:07:12.2952482+06:00"
2021-09-21 20:07:47.963 +06:00 [INF] Application Starting up
2021-09-21 20:07:49.713 +06:00 [INF] Deleted 
2021-09-21 20:07:49.714 +06:00 [INF] Worker running at: "2021-09-21T20:07:49.7142293+06:00"
2021-09-21 20:08:09.740 +06:00 [INF] no file to delete
2021-09-21 20:08:09.742 +06:00 [INF] Worker running at: "2021-09-21T20:08:09.7424084+06:00"
2021-09-21 20:08:29.754 +06:00 [INF] no file to delete
2021-09-21 20:08:29.754 +06:00 [INF] Worker running at: "2021-09-21T20:08:29.7541686+06:00"
2021-09-21 20:08:49.765 +06:00 [INF] no file to delete
2021-09-21 20:08:49.765 +06:00 [INF] Worker running at: "2021-09-21T20:08:49.7658783+06:00"
2021-09-21 20:09:09.786 +06:00 [INF] no file to delete
2021-09-21 20:09:09.786 +06:00 [INF] Worker running at: "2021-09-21T20:09:09.7868154+06:00"
2021-09-21 20:09:29.804 +06:00 [INF] no file to delete
2021-09-21 20:09:29.804 +06:00 [INF] Worker running at: "2021-09-21T20:09:29.8048977+06:00"
2021-09-21 20:09:49.816 +06:00 [INF] no file to delete
2021-09-21 20:09:49.816 +06:00 [INF] Worker running at: "2021-09-21T20:09:49.8166162+06:00"
2021-09-21 20:10:09.823 +06:00 [INF] no file to delete
2021-09-21 20:10:09.823 +06:00 [INF] Worker running at: "2021-09-21T20:10:09.8234971+06:00"
2021-09-21 20:10:29.835 +06:00 [INF] no file to delete
2021-09-21 20:10:29.835 +06:00 [INF] Worker running at: "2021-09-21T20:10:29.8357094+06:00"
2021-09-21 20:10:49.845 +06:00 [INF] no file to delete
2021-09-21 20:10:49.845 +06:00 [INF] Worker running at: "2021-09-21T20:10:49.8455696+06:00"
2021-09-21 20:11:09.850 +06:00 [INF] no file to delete
2021-09-21 20:11:09.850 +06:00 [INF] Worker running at: "2021-09-21T20:11:09.8503140+06:00"
2021-09-21 20:11:29.852 +06:00 [INF] no file to delete
2021-09-21 20:11:29.852 +06:00 [INF] Worker running at: "2021-09-21T20:11:29.8524517+06:00"
2021-09-21 20:11:49.870 +06:00 [INF] no file to delete
2021-09-21 20:11:49.870 +06:00 [INF] Worker running at: "2021-09-21T20:11:49.8707266+06:00"
2021-09-21 20:12:09.881 +06:00 [INF] no file to delete
2021-09-21 20:12:09.881 +06:00 [INF] Worker running at: "2021-09-21T20:12:09.8815322+06:00"
2021-09-21 20:12:29.902 +06:00 [INF] no file to delete
2021-09-21 20:12:29.903 +06:00 [INF] Worker running at: "2021-09-21T20:12:29.9030419+06:00"
2021-09-21 20:12:49.918 +06:00 [INF] no file to delete
2021-09-21 20:12:49.918 +06:00 [INF] Worker running at: "2021-09-21T20:12:49.9184846+06:00"
2021-09-21 20:13:09.955 +06:00 [INF] no file to delete
2021-09-21 20:13:09.955 +06:00 [INF] Worker running at: "2021-09-21T20:13:09.9558863+06:00"
2021-09-21 20:13:29.966 +06:00 [INF] no file to delete
2021-09-21 20:13:29.966 +06:00 [INF] Worker running at: "2021-09-21T20:13:29.9662136+06:00"
2021-09-21 20:13:49.978 +06:00 [INF] no file to delete
2021-09-21 20:13:49.979 +06:00 [INF] Worker running at: "2021-09-21T20:13:49.9795183+06:00"
2021-09-21 20:14:09.995 +06:00 [INF] no file to delete
2021-09-21 20:14:09.995 +06:00 [INF] Worker running at: "2021-09-21T20:14:09.9959113+06:00"
2021-09-21 20:14:29.999 +06:00 [INF] no file to delete
2021-09-21 20:14:29.999 +06:00 [INF] Worker running at: "2021-09-21T20:14:29.9996595+06:00"
2021-09-21 20:14:50.017 +06:00 [INF] no file to delete
2021-09-21 20:14:50.017 +06:00 [INF] Worker running at: "2021-09-21T20:14:50.0174618+06:00"
2021-09-21 20:15:10.028 +06:00 [INF] no file to delete
2021-09-21 20:15:10.029 +06:00 [INF] Worker running at: "2021-09-21T20:15:10.0290309+06:00"
2021-09-21 20:15:30.040 +06:00 [INF] no file to delete
2021-09-21 20:15:30.040 +06:00 [INF] Worker running at: "2021-09-21T20:15:30.0401337+06:00"
2021-09-21 20:15:50.049 +06:00 [INF] no file to delete
2021-09-21 20:15:50.049 +06:00 [INF] Worker running at: "2021-09-21T20:15:50.0493982+06:00"
2021-09-21 20:16:10.059 +06:00 [INF] no file to delete
2021-09-21 20:16:10.059 +06:00 [INF] Worker running at: "2021-09-21T20:16:10.0595988+06:00"
2021-09-21 20:16:30.075 +06:00 [INF] no file to delete
2021-09-21 20:16:30.075 +06:00 [INF] Worker running at: "2021-09-21T20:16:30.0755527+06:00"
2021-09-21 20:16:50.084 +06:00 [INF] no file to delete
2021-09-21 20:16:50.085 +06:00 [INF] Worker running at: "2021-09-21T20:16:50.0841465+06:00"
2021-09-21 20:17:10.094 +06:00 [INF] no file to delete
2021-09-21 20:17:10.094 +06:00 [INF] Worker running at: "2021-09-21T20:17:10.0943869+06:00"
2021-09-21 20:17:30.097 +06:00 [INF] no file to delete
2021-09-21 20:17:30.097 +06:00 [INF] Worker running at: "2021-09-21T20:17:30.0972118+06:00"
2021-09-21 20:17:50.120 +06:00 [INF] no file to delete
2021-09-21 20:17:50.120 +06:00 [INF] Worker running at: "2021-09-21T20:17:50.1206410+06:00"
2021-09-21 20:18:10.128 +06:00 [INF] no file to delete
2021-09-21 20:18:10.128 +06:00 [INF] Worker running at: "2021-09-21T20:18:10.1282725+06:00"
2021-09-21 20:18:30.142 +06:00 [INF] no file to delete
2021-09-21 20:18:30.142 +06:00 [INF] Worker running at: "2021-09-21T20:18:30.1425274+06:00"
2021-09-21 20:18:50.151 +06:00 [INF] no file to delete
2021-09-21 20:18:50.152 +06:00 [INF] Worker running at: "2021-09-21T20:18:50.1526102+06:00"
2021-09-21 20:19:10.171 +06:00 [INF] no file to delete
2021-09-21 20:19:10.171 +06:00 [INF] Worker running at: "2021-09-21T20:19:10.1718578+06:00"
2021-09-21 20:19:30.184 +06:00 [INF] no file to delete
2021-09-21 20:19:30.184 +06:00 [INF] Worker running at: "2021-09-21T20:19:30.1846649+06:00"
2021-09-21 20:19:50.191 +06:00 [INF] no file to delete
2021-09-21 20:19:50.223 +06:00 [INF] Worker running at: "2021-09-21T20:19:50.2233088+06:00"
2021-09-21 20:20:10.237 +06:00 [INF] no file to delete
2021-09-21 20:20:10.237 +06:00 [INF] Worker running at: "2021-09-21T20:20:10.2371536+06:00"
2021-09-21 20:20:30.251 +06:00 [INF] no file to delete
2021-09-21 20:20:30.251 +06:00 [INF] Worker running at: "2021-09-21T20:20:30.2515404+06:00"
2021-09-21 20:20:50.303 +06:00 [INF] no file to delete
2021-09-21 20:20:50.303 +06:00 [INF] Worker running at: "2021-09-21T20:20:50.3034376+06:00"
2021-09-21 20:21:10.308 +06:00 [INF] no file to delete
2021-09-21 20:21:10.308 +06:00 [INF] Worker running at: "2021-09-21T20:21:10.3087719+06:00"
2021-09-21 20:21:30.319 +06:00 [INF] no file to delete
2021-09-21 20:21:30.319 +06:00 [INF] Worker running at: "2021-09-21T20:21:30.3191926+06:00"
2021-09-21 20:21:50.329 +06:00 [INF] no file to delete
2021-09-21 20:21:50.331 +06:00 [INF] Worker running at: "2021-09-21T20:21:50.3313889+06:00"
2021-09-21 20:22:10.344 +06:00 [INF] no file to delete
2021-09-21 20:22:10.344 +06:00 [INF] Worker running at: "2021-09-21T20:22:10.3441676+06:00"
2021-09-21 20:22:30.362 +06:00 [INF] no file to delete
2021-09-21 20:22:30.362 +06:00 [INF] Worker running at: "2021-09-21T20:22:30.3621175+06:00"
2021-09-21 20:22:50.368 +06:00 [INF] no file to delete
2021-09-21 20:22:50.369 +06:00 [INF] Worker running at: "2021-09-21T20:22:50.3696842+06:00"
2021-09-21 20:23:10.383 +06:00 [INF] no file to delete
2021-09-21 20:23:10.383 +06:00 [INF] Worker running at: "2021-09-21T20:23:10.3838079+06:00"
2021-09-21 20:23:30.394 +06:00 [INF] no file to delete
2021-09-21 20:23:30.394 +06:00 [INF] Worker running at: "2021-09-21T20:23:30.3949301+06:00"
2021-09-21 20:23:50.414 +06:00 [INF] no file to delete
2021-09-21 20:23:50.414 +06:00 [INF] Worker running at: "2021-09-21T20:23:50.4148429+06:00"
2021-09-21 20:24:10.422 +06:00 [INF] no file to delete
2021-09-21 20:24:10.422 +06:00 [INF] Worker running at: "2021-09-21T20:24:10.4228536+06:00"
2021-09-21 20:24:30.428 +06:00 [INF] no file to delete
2021-09-21 20:24:30.429 +06:00 [INF] Worker running at: "2021-09-21T20:24:30.4290131+06:00"
2021-09-21 20:24:50.441 +06:00 [INF] no file to delete
2021-09-21 20:24:50.441 +06:00 [INF] Worker running at: "2021-09-21T20:24:50.4411499+06:00"
2021-09-21 20:25:10.457 +06:00 [INF] no file to delete
2021-09-21 20:25:10.457 +06:00 [INF] Worker running at: "2021-09-21T20:25:10.4571514+06:00"
2021-09-21 20:25:30.472 +06:00 [INF] no file to delete
2021-09-21 20:25:30.472 +06:00 [INF] Worker running at: "2021-09-21T20:25:30.4721454+06:00"
2021-09-21 20:25:50.484 +06:00 [INF] no file to delete
2021-09-21 20:25:50.484 +06:00 [INF] Worker running at: "2021-09-21T20:25:50.4842083+06:00"
2021-09-21 20:26:10.489 +06:00 [INF] no file to delete
2021-09-21 20:26:10.489 +06:00 [INF] Worker running at: "2021-09-21T20:26:10.4897041+06:00"
2021-09-21 20:54:24.558 +06:00 [INF] Application Starting up
2021-09-21 20:54:25.984 +06:00 [INF] no file to delete
2021-09-21 20:54:25.986 +06:00 [INF] Worker running at: "2021-09-21T20:54:25.9856538+06:00"
2021-09-21 20:54:45.998 +06:00 [INF] no file to delete
2021-09-21 20:54:45.998 +06:00 [INF] Worker running at: "2021-09-21T20:54:45.9985944+06:00"
2021-09-21 20:55:06.007 +06:00 [INF] no file to delete
2021-09-21 20:55:06.007 +06:00 [INF] Worker running at: "2021-09-21T20:55:06.0077262+06:00"
2021-09-21 20:55:26.024 +06:00 [INF] no file to delete
2021-09-21 20:55:26.024 +06:00 [INF] Worker running at: "2021-09-21T20:55:26.0242423+06:00"
2021-09-21 20:55:46.060 +06:00 [INF] no file to delete
2021-09-21 20:55:46.060 +06:00 [INF] Worker running at: "2021-09-21T20:55:46.0608876+06:00"
2021-09-21 20:56:06.063 +06:00 [INF] no file to delete
2021-09-21 20:56:06.063 +06:00 [INF] Worker running at: "2021-09-21T20:56:06.0630770+06:00"
2021-09-21 20:56:26.072 +06:00 [INF] no file to delete
2021-09-21 20:56:26.073 +06:00 [INF] Worker running at: "2021-09-21T20:56:26.0729365+06:00"
2021-09-21 20:56:46.084 +06:00 [INF] no file to delete
2021-09-21 20:56:46.084 +06:00 [INF] Worker running at: "2021-09-21T20:56:46.0844259+06:00"
2021-09-21 20:57:06.089 +06:00 [INF] no file to delete
2021-09-21 20:57:06.089 +06:00 [INF] Worker running at: "2021-09-21T20:57:06.0899448+06:00"
2021-09-21 20:57:26.092 +06:00 [INF] no file to delete
2021-09-21 20:57:26.092 +06:00 [INF] Worker running at: "2021-09-21T20:57:26.0921679+06:00"
2021-09-21 20:57:46.096 +06:00 [INF] no file to delete
2021-09-21 20:57:46.096 +06:00 [INF] Worker running at: "2021-09-21T20:57:46.0966476+06:00"
2021-09-21 20:58:06.106 +06:00 [INF] no file to delete
2021-09-21 20:58:06.106 +06:00 [INF] Worker running at: "2021-09-21T20:58:06.1069787+06:00"
2021-09-21 20:58:26.120 +06:00 [INF] no file to delete
2021-09-21 20:58:26.120 +06:00 [INF] Worker running at: "2021-09-21T20:58:26.1203131+06:00"
2021-09-21 20:58:46.138 +06:00 [INF] no file to delete
2021-09-21 20:58:46.138 +06:00 [INF] Worker running at: "2021-09-21T20:58:46.1380723+06:00"
2021-09-21 20:59:06.181 +06:00 [INF] no file to delete
2021-09-21 20:59:06.181 +06:00 [INF] Worker running at: "2021-09-21T20:59:06.1818416+06:00"
2021-09-21 20:59:26.188 +06:00 [INF] no file to delete
2021-09-21 20:59:26.188 +06:00 [INF] Worker running at: "2021-09-21T20:59:26.1886434+06:00"
2021-09-21 20:59:46.198 +06:00 [INF] no file to delete
2021-09-21 20:59:46.198 +06:00 [INF] Worker running at: "2021-09-21T20:59:46.1982270+06:00"
2021-09-21 21:00:06.212 +06:00 [INF] no file to delete
2021-09-21 21:00:06.212 +06:00 [INF] Worker running at: "2021-09-21T21:00:06.2125983+06:00"
2021-09-21 21:00:26.222 +06:00 [INF] no file to delete
2021-09-21 21:00:26.223 +06:00 [INF] Worker running at: "2021-09-21T21:00:26.2226277+06:00"
2021-09-21 21:00:46.226 +06:00 [INF] no file to delete
2021-09-21 21:00:46.226 +06:00 [INF] Worker running at: "2021-09-21T21:00:46.2260624+06:00"
2021-09-21 21:01:06.235 +06:00 [INF] no file to delete
2021-09-21 21:01:06.236 +06:00 [INF] Worker running at: "2021-09-21T21:01:06.2359636+06:00"
2021-09-21 21:01:26.284 +06:00 [INF] no file to delete
2021-09-21 21:01:26.284 +06:00 [INF] Worker running at: "2021-09-21T21:01:26.2846382+06:00"
2021-09-21 21:01:46.295 +06:00 [INF] no file to delete
2021-09-21 21:01:46.295 +06:00 [INF] Worker running at: "2021-09-21T21:01:46.2958231+06:00"
2021-09-21 21:07:18.798 +06:00 [INF] Application Starting up
2021-09-21 21:07:20.200 +06:00 [INF] no file to delete
2021-09-21 21:07:20.201 +06:00 [INF] Worker running at: "2021-09-21T21:07:20.2014502+06:00"
2021-09-21 21:07:40.225 +06:00 [INF] no file to delete
2021-09-21 21:07:40.226 +06:00 [INF] Worker running at: "2021-09-21T21:07:40.2260541+06:00"
2021-09-21 21:08:00.237 +06:00 [INF] no file to delete
2021-09-21 21:08:00.237 +06:00 [INF] Worker running at: "2021-09-21T21:08:00.2378371+06:00"
2021-09-21 21:53:03.295 +06:00 [INF] Application Starting up
2021-09-21 21:53:04.795 +06:00 [INF] no file to delete
2021-09-21 21:53:04.796 +06:00 [INF] Worker running at: "2021-09-21T21:53:04.7961239+06:00"
2021-09-21 21:53:24.810 +06:00 [INF] no file to delete
2021-09-21 21:53:24.810 +06:00 [INF] Worker running at: "2021-09-21T21:53:24.8101442+06:00"
2021-09-21 21:53:44.812 +06:00 [INF] no file to delete
2021-09-21 21:53:44.812 +06:00 [INF] Worker running at: "2021-09-21T21:53:44.8128027+06:00"
2021-09-21 21:54:00.561 +06:00 [INF] Application Starting up
2021-09-21 21:54:01.911 +06:00 [INF] no file to delete
2021-09-21 21:54:01.913 +06:00 [INF] Worker running at: "2021-09-21T21:54:01.9130049+06:00"
2021-09-21 21:54:22.160 +06:00 [INF] Deleted 
2021-09-21 21:54:22.160 +06:00 [INF] Worker running at: "2021-09-21T21:54:22.1604908+06:00"
2021-09-21 21:54:42.178 +06:00 [INF] no file to delete
2021-09-21 21:54:42.178 +06:00 [INF] Worker running at: "2021-09-21T21:54:42.1787417+06:00"
2021-09-21 21:55:02.189 +06:00 [INF] no file to delete
2021-09-21 21:55:02.190 +06:00 [INF] Worker running at: "2021-09-21T21:55:02.1906124+06:00"
2021-09-21 21:55:22.207 +06:00 [INF] no file to delete
2021-09-21 21:55:22.207 +06:00 [INF] Worker running at: "2021-09-21T21:55:22.2072438+06:00"
2021-09-21 21:55:42.223 +06:00 [INF] no file to delete
2021-09-21 21:55:42.223 +06:00 [INF] Worker running at: "2021-09-21T21:55:42.2232640+06:00"
2021-09-21 21:56:02.234 +06:00 [INF] no file to delete
2021-09-21 21:56:02.236 +06:00 [INF] Worker running at: "2021-09-21T21:56:02.2351429+06:00"
2021-09-21 23:23:39.409 +06:00 [INF] Application Starting up
2021-09-21 23:23:41.408 +06:00 [INF] no file to delete
2021-09-21 23:23:41.409 +06:00 [INF] Worker running at: "2021-09-21T23:23:41.4094606+06:00"
2021-09-21 23:24:01.432 +06:00 [INF] no file to delete
2021-09-21 23:24:01.432 +06:00 [INF] Worker running at: "2021-09-21T23:24:01.4326326+06:00"
2021-09-21 23:24:21.669 +06:00 [INF] Deleted 
2021-09-21 23:24:21.669 +06:00 [INF] Worker running at: "2021-09-21T23:24:21.6691132+06:00"
2021-09-21 23:24:41.688 +06:00 [INF] no file to delete
2021-09-21 23:24:41.688 +06:00 [INF] Worker running at: "2021-09-21T23:24:41.6884835+06:00"
2021-09-21 23:25:01.705 +06:00 [INF] no file to delete
2021-09-21 23:25:01.705 +06:00 [INF] Worker running at: "2021-09-21T23:25:01.7055406+06:00"
2021-09-21 23:25:21.712 +06:00 [INF] no file to delete
2021-09-21 23:25:21.712 +06:00 [INF] Worker running at: "2021-09-21T23:25:21.7121856+06:00"
2021-09-21 23:25:41.715 +06:00 [INF] no file to delete
2021-09-21 23:25:41.716 +06:00 [INF] Worker running at: "2021-09-21T23:25:41.7159905+06:00"
2021-09-21 23:26:01.732 +06:00 [INF] no file to delete
2021-09-21 23:26:01.732 +06:00 [INF] Worker running at: "2021-09-21T23:26:01.7323920+06:00"
2021-09-21 23:26:21.747 +06:00 [INF] no file to delete
2021-09-21 23:26:21.748 +06:00 [INF] Worker running at: "2021-09-21T23:26:21.7480332+06:00"
2021-09-21 23:27:57.087 +06:00 [INF] Application Starting up
2021-09-21 23:27:58.647 +06:00 [INF] no file to delete
2021-09-21 23:27:58.649 +06:00 [INF] Worker running at: "2021-09-21T23:27:58.6488451+06:00"
2021-09-21 23:28:18.666 +06:00 [INF] no file to delete
2021-09-21 23:28:18.666 +06:00 [INF] Worker running at: "2021-09-21T23:28:18.6666553+06:00"
2021-09-21 23:28:38.672 +06:00 [INF] no file to delete
2021-09-21 23:28:38.672 +06:00 [INF] Worker running at: "2021-09-21T23:28:38.6721388+06:00"
2021-09-21 23:28:58.677 +06:00 [INF] no file to delete
2021-09-21 23:28:58.678 +06:00 [INF] Worker running at: "2021-09-21T23:28:58.6779861+06:00"
2021-09-21 23:30:55.595 +06:00 [INF] Application Starting up
2021-09-21 23:30:57.034 +06:00 [INF] no file to delete
2021-09-21 23:30:57.035 +06:00 [INF] Worker running at: "2021-09-21T23:30:57.0353427+06:00"
2021-09-21 23:31:17.048 +06:00 [INF] no file to delete
2021-09-21 23:31:17.048 +06:00 [INF] Worker running at: "2021-09-21T23:31:17.0480949+06:00"
2021-09-21 23:32:04.011 +06:00 [INF] Application Starting up
2021-09-21 23:32:05.945 +06:00 [INF] no file to delete
2021-09-21 23:32:05.946 +06:00 [INF] Worker running at: "2021-09-21T23:32:05.9460811+06:00"
2021-09-21 23:32:29.036 +06:00 [INF] no file to delete
2021-09-21 23:32:29.036 +06:00 [INF] Worker running at: "2021-09-21T23:32:29.0362978+06:00"
2021-09-21 23:33:52.133 +06:00 [INF] Application Starting up
2021-09-21 23:33:53.630 +06:00 [INF] no file to delete
2021-09-21 23:33:53.632 +06:00 [INF] Worker running at: "2021-09-21T23:33:53.6316552+06:00"
2021-09-21 23:35:26.851 +06:00 [INF] Application Starting up
2021-09-21 23:35:28.451 +06:00 [INF] no file to delete
2021-09-21 23:35:28.452 +06:00 [INF] Worker running at: "2021-09-21T23:35:28.4523249+06:00"
2021-09-21 23:35:48.471 +06:00 [INF] no file to delete
2021-09-21 23:35:48.471 +06:00 [INF] Worker running at: "2021-09-21T23:35:48.4713071+06:00"
2021-09-21 23:52:58.654 +06:00 [INF] Application Starting up
2021-09-21 23:53:01.080 +06:00 [INF] no file to delete
2021-09-21 23:53:01.081 +06:00 [INF] Worker running at: "2021-09-21T23:53:01.0814210+06:00"
2021-09-21 23:53:21.106 +06:00 [INF] no file to delete
2021-09-21 23:53:21.106 +06:00 [INF] Worker running at: "2021-09-21T23:53:21.1065563+06:00"
2021-09-21 23:53:41.114 +06:00 [INF] no file to delete
2021-09-21 23:53:41.114 +06:00 [INF] Worker running at: "2021-09-21T23:53:41.1142914+06:00"
2021-09-21 23:54:01.144 +06:00 [INF] no file to delete
2021-09-21 23:54:01.144 +06:00 [INF] Worker running at: "2021-09-21T23:54:01.1444698+06:00"
2021-09-21 23:54:21.159 +06:00 [INF] no file to delete
2021-09-21 23:54:21.159 +06:00 [INF] Worker running at: "2021-09-21T23:54:21.1599293+06:00"
2021-09-21 23:54:41.172 +06:00 [INF] no file to delete
2021-09-21 23:54:41.172 +06:00 [INF] Worker running at: "2021-09-21T23:54:41.1722835+06:00"
2021-09-21 23:55:01.195 +06:00 [INF] no file to delete
2021-09-21 23:55:01.195 +06:00 [INF] Worker running at: "2021-09-21T23:55:01.1954226+06:00"
2021-09-21 23:55:21.214 +06:00 [INF] no file to delete
2021-09-21 23:55:21.214 +06:00 [INF] Worker running at: "2021-09-21T23:55:21.2143578+06:00"
2021-09-21 23:55:41.230 +06:00 [INF] no file to delete
2021-09-21 23:55:41.230 +06:00 [INF] Worker running at: "2021-09-21T23:55:41.2304471+06:00"
2021-09-21 23:56:01.246 +06:00 [INF] no file to delete
2021-09-21 23:56:01.247 +06:00 [INF] Worker running at: "2021-09-21T23:56:01.2472865+06:00"
2021-09-21 23:56:22.411 +06:00 [INF] no file to delete
2021-09-21 23:56:22.411 +06:00 [INF] Worker running at: "2021-09-21T23:56:22.4115081+06:00"
2021-09-21 23:56:42.424 +06:00 [INF] no file to delete
2021-09-21 23:56:42.424 +06:00 [INF] Worker running at: "2021-09-21T23:56:42.4244600+06:00"
2021-09-21 23:57:02.431 +06:00 [INF] no file to delete
2021-09-21 23:57:02.431 +06:00 [INF] Worker running at: "2021-09-21T23:57:02.4313548+06:00"
2021-09-21 23:57:22.439 +06:00 [INF] no file to delete
2021-09-21 23:57:22.439 +06:00 [INF] Worker running at: "2021-09-21T23:57:22.4399001+06:00"
2021-09-21 23:59:10.815 +06:00 [INF] Application Starting up
2021-09-21 23:59:12.535 +06:00 [INF] no file to delete
2021-09-21 23:59:12.537 +06:00 [INF] Worker running at: "2021-09-21T23:59:12.5368531+06:00"
