2021-09-29 00:03:03.620 +06:00 [INF] Application Starting up
2021-09-29 20:01:28.323 +06:00 [INF] Application Starting up
2021-09-29 20:01:30.377 +06:00 [INF] no file to delete
2021-09-29 20:01:30.379 +06:00 [INF] Worker running at: "2021-09-29T20:01:30.3790087+06:00"
2021-09-29 20:01:50.404 +06:00 [INF] no file to delete
2021-09-29 20:01:50.404 +06:00 [INF] Worker running at: "2021-09-29T20:01:50.4042141+06:00"
2021-09-29 20:02:10.406 +06:00 [INF] no file to delete
2021-09-29 20:02:10.406 +06:00 [INF] Worker running at: "2021-09-29T20:02:10.4068727+06:00"
2021-09-29 20:02:47.064 +06:00 [INF] no file to delete
2021-09-29 20:02:47.064 +06:00 [INF] Worker running at: "2021-09-29T20:02:47.0646337+06:00"
2021-09-29 20:03:02.912 +06:00 [INF] Application Starting up
2021-09-29 20:03:04.394 +06:00 [INF] no file to delete
2021-09-29 20:03:04.395 +06:00 [INF] Worker running at: "2021-09-29T20:03:04.3951327+06:00"
2021-09-29 20:03:24.421 +06:00 [INF] no file to delete
2021-09-29 20:03:24.421 +06:00 [INF] Worker running at: "2021-09-29T20:03:24.4213651+06:00"
2021-09-29 20:03:44.458 +06:00 [INF] no file to delete
2021-09-29 20:03:44.458 +06:00 [INF] Worker running at: "2021-09-29T20:03:44.4581489+06:00"
2021-09-29 20:04:15.755 +06:00 [INF] no file to delete
2021-09-29 20:04:15.756 +06:00 [INF] Worker running at: "2021-09-29T20:04:15.7560411+06:00"
2021-09-29 20:07:22.393 +06:00 [INF] Application Starting up
2021-09-29 20:07:23.905 +06:00 [INF] no file to delete
2021-09-29 20:07:23.906 +06:00 [INF] Worker running at: "2021-09-29T20:07:23.9060959+06:00"
2021-09-29 20:07:43.931 +06:00 [INF] no file to delete
2021-09-29 20:07:43.932 +06:00 [INF] Worker running at: "2021-09-29T20:07:43.9320024+06:00"
2021-09-29 20:10:07.766 +06:00 [INF] Application Starting up
2021-09-29 20:10:09.239 +06:00 [INF] no file to delete
2021-09-29 20:10:09.240 +06:00 [INF] Worker running at: "2021-09-29T20:10:09.2404820+06:00"
2021-09-29 20:10:29.264 +06:00 [INF] no file to delete
2021-09-29 20:10:29.264 +06:00 [INF] Worker running at: "2021-09-29T20:10:29.2646018+06:00"
2021-09-29 20:13:35.447 +06:00 [INF] Application Starting up
2021-09-29 20:13:36.995 +06:00 [INF] no file to delete
2021-09-29 20:13:36.996 +06:00 [INF] Worker running at: "2021-09-29T20:13:36.9961910+06:00"
2021-09-29 20:13:57.496 +06:00 [INF] no file to delete
2021-09-29 20:13:57.496 +06:00 [INF] Worker running at: "2021-09-29T20:13:57.4967030+06:00"
2021-09-29 20:14:28.059 +06:00 [INF] no file to delete
2021-09-29 20:14:28.059 +06:00 [INF] Worker running at: "2021-09-29T20:14:28.0599612+06:00"
2021-09-29 20:14:53.084 +06:00 [INF] no file to delete
2021-09-29 20:14:53.084 +06:00 [INF] Worker running at: "2021-09-29T20:14:53.0844641+06:00"
2021-09-29 20:15:52.831 +06:00 [INF] Application Starting up
2021-09-29 20:15:54.335 +06:00 [INF] no file to delete
2021-09-29 20:15:54.336 +06:00 [INF] Worker running at: "2021-09-29T20:15:54.3360506+06:00"
2021-09-29 20:16:14.355 +06:00 [INF] no file to delete
2021-09-29 20:16:14.355 +06:00 [INF] Worker running at: "2021-09-29T20:16:14.3557309+06:00"
2021-09-29 20:16:37.726 +06:00 [INF] no file to delete
2021-09-29 20:16:37.726 +06:00 [INF] Worker running at: "2021-09-29T20:16:37.7268285+06:00"
2021-09-29 20:17:06.279 +06:00 [INF] no file to delete
2021-09-29 20:17:06.279 +06:00 [INF] Worker running at: "2021-09-29T20:17:06.2792858+06:00"
2021-09-29 20:18:14.102 +06:00 [INF] Application Starting up
2021-09-29 20:18:15.522 +06:00 [INF] no file to delete
2021-09-29 20:18:15.524 +06:00 [INF] Worker running at: "2021-09-29T20:18:15.5238524+06:00"
2021-09-29 20:18:36.889 +06:00 [INF] no file to delete
2021-09-29 20:18:36.889 +06:00 [INF] Worker running at: "2021-09-29T20:18:36.8892189+06:00"
2021-09-29 20:21:06.374 +06:00 [INF] Application Starting up
2021-09-29 20:21:07.809 +06:00 [INF] no file to delete
2021-09-29 20:21:07.811 +06:00 [INF] Worker running at: "2021-09-29T20:21:07.8109170+06:00"
2021-09-29 20:21:27.832 +06:00 [INF] no file to delete
2021-09-29 20:21:27.832 +06:00 [INF] Worker running at: "2021-09-29T20:21:27.8326712+06:00"
2021-09-29 20:23:36.771 +06:00 [INF] Application Starting up
2021-09-29 20:23:38.220 +06:00 [INF] no file to delete
2021-09-29 20:23:38.221 +06:00 [INF] Worker running at: "2021-09-29T20:23:38.2214060+06:00"
2021-09-29 20:23:58.240 +06:00 [INF] no file to delete
2021-09-29 20:23:58.240 +06:00 [INF] Worker running at: "2021-09-29T20:23:58.2403621+06:00"
2021-09-29 20:25:11.571 +06:00 [INF] Application Starting up
2021-09-29 20:25:13.017 +06:00 [INF] no file to delete
2021-09-29 20:25:13.018 +06:00 [INF] Worker running at: "2021-09-29T20:25:13.0181536+06:00"
2021-09-29 20:25:33.047 +06:00 [INF] no file to delete
2021-09-29 20:25:33.047 +06:00 [INF] Worker running at: "2021-09-29T20:25:33.0472501+06:00"
2021-09-29 20:25:53.054 +06:00 [INF] no file to delete
2021-09-29 20:25:53.054 +06:00 [INF] Worker running at: "2021-09-29T20:25:53.0545544+06:00"
2021-09-29 21:49:10.715 +06:00 [INF] Application Starting up
2021-09-29 21:49:11.291 +06:00 [FTL] Application start-up failed
Autofac.Core.DependencyResolutionException: An exception was thrown while activating λ:Microsoft.Extensions.Hosting.IHostedService[] -> DataImporter.ImportWorker.Worker -> DataImporter.Info.Services.DataImporterService.
 ---> Autofac.Core.DependencyResolutionException: None of the constructors found with 'Autofac.Core.Activators.Reflection.DefaultConstructorFinder' on type 'DataImporter.Info.Services.DataImporterService' can be invoked with the available services and parameters:
Cannot resolve parameter 'DataImporter.Common.Utility.IDatetimeUtility DatetimeUtility' of constructor 'Void .ctor(DataImporter.Info.UnitOfWorks.IDataUnitOfWork, DataImporter.Common.Utility.IDatetimeUtility)'.
   at Autofac.Core.Activators.Reflection.ReflectionActivator.GetAllBindings(ConstructorBinder[] availableConstructors, IComponentContext context, IEnumerable`1 parameters)
   at Autofac.Core.Activators.Reflection.ReflectionActivator.ActivateInstance(IComponentContext context, IEnumerable`1 parameters)
   at Autofac.Core.Activators.Reflection.ReflectionActivator.<ConfigurePipeline>b__11_0(ResolveRequestContext ctxt, Action`1 next)
   at Autofac.Core.Resolving.Middleware.DelegateMiddleware.Execute(ResolveRequestContext context, Action`1 next)
   at Autofac.Core.Resolving.Pipeline.ResolvePipelineBuilder.<>c__DisplayClass14_0.<BuildPipeline>b__1(ResolveRequestContext ctxt)
   at Autofac.Core.Resolving.Middleware.DisposalTrackingMiddleware.Execute(ResolveRequestContext context, Action`1 next)
   at Autofac.Core.Resolving.Pipeline.ResolvePipelineBuilder.<>c__DisplayClass14_0.<BuildPipeline>b__1(ResolveRequestContext ctxt)
   at Autofac.Core.Resolving.Middleware.ActivatorErrorHandlingMiddleware.Execute(ResolveRequestContext context, Action`1 next)
   --- End of inner exception stack trace ---
   at Autofac.Core.Resolving.Middleware.ActivatorErrorHandlingMiddleware.Execute(ResolveRequestContext context, Action`1 next)
   at Autofac.Core.Resolving.Pipeline.ResolvePipelineBuilder.<>c__DisplayClass14_0.<BuildPipeline>b__1(ResolveRequestContext ctxt)
   at Autofac.Core.Pipeline.ResolvePipeline.Invoke(ResolveRequestContext ctxt)
   at Autofac.Core.Resolving.Middleware.RegistrationPipelineInvokeMiddleware.Execute(ResolveRequestContext context, Action`1 next)
   at Autofac.Core.Resolving.Pipeline.ResolvePipelineBuilder.<>c__DisplayClass14_0.<BuildPipeline>b__1(ResolveRequestContext ctxt)
   at Autofac.Core.Resolving.Middleware.SharingMiddleware.Execute(ResolveRequestContext context, Action`1 next)
   at Autofac.Core.Resolving.Pipeline.ResolvePipelineBuilder.<>c__DisplayClass14_0.<BuildPipeline>b__1(ResolveRequestContext ctxt)
   at Autofac.Core.Resolving.Pipeline.ResolvePipelineBuilder.<>c__DisplayClass14_0.<BuildPipeline>b__1(ResolveRequestContext ctxt)
   at Autofac.Core.Resolving.Middleware.CircularDependencyDetectorMiddleware.Execute(ResolveRequestContext context, Action`1 next)
   at Autofac.Core.Resolving.Pipeline.ResolvePipelineBuilder.<>c__DisplayClass14_0.<BuildPipeline>b__1(ResolveRequestContext ctxt)
   at Autofac.Core.Pipeline.ResolvePipeline.Invoke(ResolveRequestContext ctxt)
   at Autofac.Core.Resolving.ResolveOperation.GetOrCreateInstance(ISharingLifetimeScope currentOperationScope, ResolveRequest request)
   at Autofac.Core.Resolving.ResolveOperation.ExecuteOperation(ResolveRequest request)
   at Autofac.Core.Resolving.ResolveOperation.Execute(ResolveRequest request)
   at Autofac.Core.Lifetime.LifetimeScope.ResolveComponent(ResolveRequest request)
   at Autofac.ResolutionExtensions.TryResolveService(IComponentContext context, Service service, IEnumerable`1 parameters, Object& instance)
   at Autofac.ResolutionExtensions.ResolveOptionalService(IComponentContext context, Service service, IEnumerable`1 parameters)
   at Autofac.ResolutionExtensions.ResolveOptional(IComponentContext context, Type serviceType, IEnumerable`1 parameters)
   at Autofac.ResolutionExtensions.ResolveOptional(IComponentContext context, Type serviceType)
   at Autofac.Extensions.DependencyInjection.AutofacServiceProvider.GetService(Type serviceType)
   at Microsoft.Extensions.DependencyInjection.ServiceProviderServiceExtensions.GetService[T](IServiceProvider provider)
   at Microsoft.Extensions.Hosting.Internal.Host.StartAsync(CancellationToken cancellationToken)
   at Microsoft.Extensions.Hosting.HostingAbstractionsHostExtensions.RunAsync(IHost host, CancellationToken token)
   at Microsoft.Extensions.Hosting.HostingAbstractionsHostExtensions.RunAsync(IHost host, CancellationToken token)
   at Microsoft.Extensions.Hosting.HostingAbstractionsHostExtensions.Run(IHost host)
   at DataImporter.ImportWorker.Program.Main(String[] args) in D:\#FinalProject\3\DataImporter.ImportWorker\Program.cs:line 47
2021-09-29 21:51:29.355 +06:00 [INF] Application Starting up
2021-09-29 21:51:30.914 +06:00 [INF] no file to delete
2021-09-29 21:51:30.915 +06:00 [INF] Worker running at: "2021-09-29T21:51:30.9154766+06:00"
2021-09-29 22:04:55.436 +06:00 [INF] Application Starting up
2021-09-29 22:04:56.963 +06:00 [INF] no file to delete
2021-09-29 22:04:56.965 +06:00 [INF] Worker running at: "2021-09-29T22:04:56.9646166+06:00"
2021-09-29 22:05:16.998 +06:00 [INF] no file to delete
2021-09-29 22:05:16.998 +06:00 [INF] Worker running at: "2021-09-29T22:05:16.9981342+06:00"
2021-09-29 22:05:36.998 +06:00 [INF] no file to delete
2021-09-29 22:05:36.998 +06:00 [INF] Worker running at: "2021-09-29T22:05:36.9987623+06:00"
2021-09-29 22:05:57.004 +06:00 [INF] no file to delete
2021-09-29 22:05:57.005 +06:00 [INF] Worker running at: "2021-09-29T22:05:57.0052151+06:00"
2021-09-29 22:06:17.021 +06:00 [INF] no file to delete
2021-09-29 22:06:17.021 +06:00 [INF] Worker running at: "2021-09-29T22:06:17.0214562+06:00"
2021-09-29 23:07:21.914 +06:00 [INF] Application Starting up
2021-09-29 23:07:23.502 +06:00 [INF] no file to delete
2021-09-29 23:07:23.503 +06:00 [INF] Worker running at: "2021-09-29T23:07:23.5032156+06:00"
2021-09-29 23:07:43.517 +06:00 [INF] no file to delete
2021-09-29 23:07:43.517 +06:00 [INF] Worker running at: "2021-09-29T23:07:43.5173183+06:00"
2021-09-29 23:08:03.527 +06:00 [INF] no file to delete
2021-09-29 23:08:03.527 +06:00 [INF] Worker running at: "2021-09-29T23:08:03.5274409+06:00"
2021-09-29 23:08:23.537 +06:00 [INF] no file to delete
2021-09-29 23:08:23.537 +06:00 [INF] Worker running at: "2021-09-29T23:08:23.5374514+06:00"
2021-09-29 23:08:43.779 +06:00 [INF] Deleted 
2021-09-29 23:08:43.779 +06:00 [INF] Worker running at: "2021-09-29T23:08:43.7790634+06:00"
2021-09-29 23:09:03.788 +06:00 [INF] no file to delete
2021-09-29 23:09:03.788 +06:00 [INF] Worker running at: "2021-09-29T23:09:03.7881768+06:00"
2021-09-29 23:09:23.795 +06:00 [INF] no file to delete
2021-09-29 23:09:23.795 +06:00 [INF] Worker running at: "2021-09-29T23:09:23.7957690+06:00"
2021-09-29 23:09:43.839 +06:00 [INF] no file to delete
2021-09-29 23:09:43.840 +06:00 [INF] Worker running at: "2021-09-29T23:09:43.8400576+06:00"
2021-09-29 23:10:03.846 +06:00 [INF] no file to delete
2021-09-29 23:10:03.846 +06:00 [INF] Worker running at: "2021-09-29T23:10:03.8467960+06:00"
2021-09-29 23:10:23.892 +06:00 [INF] no file to delete
2021-09-29 23:10:23.894 +06:00 [INF] Worker running at: "2021-09-29T23:10:23.8927796+06:00"
2021-09-29 23:10:43.906 +06:00 [INF] no file to delete
2021-09-29 23:10:43.906 +06:00 [INF] Worker running at: "2021-09-29T23:10:43.9063685+06:00"
2021-09-29 23:11:03.921 +06:00 [INF] no file to delete
2021-09-29 23:11:03.921 +06:00 [INF] Worker running at: "2021-09-29T23:11:03.9215033+06:00"
