2021-09-28 00:14:11.989 +06:00 [INF] Application Starting up
2021-09-28 00:14:13.865 +06:00 [INF] no file to delete
2021-09-28 00:14:13.868 +06:00 [INF] Worker running at: "2021-09-28T00:14:13.8678187+06:00"
2021-09-28 00:14:33.882 +06:00 [INF] no file to delete
2021-09-28 00:14:33.882 +06:00 [INF] Worker running at: "2021-09-28T00:14:33.8821172+06:00"
2021-09-28 00:14:53.894 +06:00 [INF] no file to delete
2021-09-28 00:14:53.894 +06:00 [INF] Worker running at: "2021-09-28T00:14:53.8944015+06:00"
2021-09-28 00:15:13.933 +06:00 [INF] no file to delete
2021-09-28 00:15:13.933 +06:00 [INF] Worker running at: "2021-09-28T00:15:13.9332899+06:00"
2021-09-28 00:15:33.946 +06:00 [INF] no file to delete
2021-09-28 00:15:33.947 +06:00 [INF] Worker running at: "2021-09-28T00:15:33.9472513+06:00"
2021-09-28 00:15:53.946 +06:00 [INF] no file to delete
2021-09-28 00:15:53.946 +06:00 [INF] Worker running at: "2021-09-28T00:15:53.9469113+06:00"
2021-09-28 00:16:13.950 +06:00 [INF] no file to delete
2021-09-28 00:16:13.952 +06:00 [INF] Worker running at: "2021-09-28T00:16:13.9520455+06:00"
2021-09-28 00:16:33.966 +06:00 [INF] no file to delete
2021-09-28 00:16:33.966 +06:00 [INF] Worker running at: "2021-09-28T00:16:33.9668526+06:00"
2021-09-28 00:16:53.974 +06:00 [INF] no file to delete
2021-09-28 00:16:53.974 +06:00 [INF] Worker running at: "2021-09-28T00:16:53.9741851+06:00"
2021-09-28 00:17:13.990 +06:00 [INF] no file to delete
2021-09-28 00:17:13.990 +06:00 [INF] Worker running at: "2021-09-28T00:17:13.9901857+06:00"
2021-09-28 00:17:33.998 +06:00 [INF] no file to delete
2021-09-28 00:17:33.998 +06:00 [INF] Worker running at: "2021-09-28T00:17:33.9988474+06:00"
2021-09-28 00:17:54.006 +06:00 [INF] no file to delete
2021-09-28 00:17:54.006 +06:00 [INF] Worker running at: "2021-09-28T00:17:54.0067738+06:00"
2021-09-28 00:18:14.025 +06:00 [INF] no file to delete
2021-09-28 00:18:14.025 +06:00 [INF] Worker running at: "2021-09-28T00:18:14.0255338+06:00"
2021-09-28 00:18:34.035 +06:00 [INF] no file to delete
2021-09-28 00:18:34.036 +06:00 [INF] Worker running at: "2021-09-28T00:18:34.0360454+06:00"
2021-09-28 00:18:54.053 +06:00 [INF] no file to delete
2021-09-28 00:18:54.053 +06:00 [INF] Worker running at: "2021-09-28T00:18:54.0534709+06:00"
2021-09-28 00:19:14.059 +06:00 [INF] no file to delete
2021-09-28 00:19:14.059 +06:00 [INF] Worker running at: "2021-09-28T00:19:14.0599305+06:00"
2021-09-28 00:19:34.074 +06:00 [INF] no file to delete
2021-09-28 00:19:34.074 +06:00 [INF] Worker running at: "2021-09-28T00:19:34.0742571+06:00"
2021-09-28 00:19:54.311 +06:00 [INF] Deleted 
2021-09-28 00:19:54.311 +06:00 [INF] Worker running at: "2021-09-28T00:19:54.3111986+06:00"
2021-09-28 00:20:14.327 +06:00 [INF] no file to delete
2021-09-28 00:20:14.329 +06:00 [INF] Worker running at: "2021-09-28T00:20:14.3278314+06:00"
2021-09-28 00:20:34.345 +06:00 [INF] no file to delete
2021-09-28 00:20:34.345 +06:00 [INF] Worker running at: "2021-09-28T00:20:34.3452537+06:00"
2021-09-28 00:20:54.366 +06:00 [INF] no file to delete
2021-09-28 00:20:54.366 +06:00 [INF] Worker running at: "2021-09-28T00:20:54.3666890+06:00"
2021-09-28 00:21:14.379 +06:00 [INF] no file to delete
2021-09-28 00:21:14.380 +06:00 [INF] Worker running at: "2021-09-28T00:21:14.3806555+06:00"
2021-09-28 00:21:34.396 +06:00 [INF] no file to delete
2021-09-28 00:21:34.396 +06:00 [INF] Worker running at: "2021-09-28T00:21:34.3969686+06:00"
2021-09-28 00:21:54.402 +06:00 [INF] no file to delete
2021-09-28 00:21:54.402 +06:00 [INF] Worker running at: "2021-09-28T00:21:54.4026698+06:00"
2021-09-28 00:22:14.413 +06:00 [INF] no file to delete
2021-09-28 00:22:14.413 +06:00 [INF] Worker running at: "2021-09-28T00:22:14.4139606+06:00"
2021-09-28 00:22:34.419 +06:00 [INF] no file to delete
2021-09-28 00:22:34.419 +06:00 [INF] Worker running at: "2021-09-28T00:22:34.4191290+06:00"
2021-09-28 00:22:57.820 +06:00 [INF] no file to delete
2021-09-28 00:22:57.820 +06:00 [INF] Worker running at: "2021-09-28T00:22:57.8203576+06:00"
2021-09-28 00:24:10.623 +06:00 [INF] Application Starting up
2021-09-28 00:24:12.133 +06:00 [INF] no file to delete
2021-09-28 00:24:12.134 +06:00 [INF] Worker running at: "2021-09-28T00:24:12.1343930+06:00"
2021-09-28 00:24:32.159 +06:00 [INF] no file to delete
2021-09-28 00:24:32.159 +06:00 [INF] Worker running at: "2021-09-28T00:24:32.1595548+06:00"
2021-09-28 00:24:52.181 +06:00 [INF] no file to delete
2021-09-28 00:24:52.181 +06:00 [INF] Worker running at: "2021-09-28T00:24:52.1818561+06:00"
2021-09-28 00:25:12.185 +06:00 [INF] no file to delete
2021-09-28 00:25:12.185 +06:00 [INF] Worker running at: "2021-09-28T00:25:12.1854756+06:00"
2021-09-28 00:25:33.331 +06:00 [INF] no file to delete
2021-09-28 00:25:33.331 +06:00 [INF] Worker running at: "2021-09-28T00:25:33.3316077+06:00"
2021-09-28 00:25:54.080 +06:00 [INF] no file to delete
2021-09-28 00:25:54.080 +06:00 [INF] Worker running at: "2021-09-28T00:25:54.0805741+06:00"
2021-09-28 00:26:15.147 +06:00 [INF] no file to delete
2021-09-28 00:26:15.147 +06:00 [INF] Worker running at: "2021-09-28T00:26:15.1473644+06:00"
2021-09-28 00:34:22.811 +06:00 [INF] Application Starting up
2021-09-28 00:34:24.417 +06:00 [INF] no file to delete
2021-09-28 00:34:24.418 +06:00 [INF] Worker running at: "2021-09-28T00:34:24.4181247+06:00"
2021-09-28 00:34:44.440 +06:00 [INF] no file to delete
2021-09-28 00:34:44.441 +06:00 [INF] Worker running at: "2021-09-28T00:34:44.4409998+06:00"
2021-09-28 00:35:04.450 +06:00 [INF] no file to delete
2021-09-28 00:35:04.450 +06:00 [INF] Worker running at: "2021-09-28T00:35:04.4505363+06:00"
2021-09-28 00:35:24.453 +06:00 [INF] no file to delete
2021-09-28 00:35:24.453 +06:00 [INF] Worker running at: "2021-09-28T00:35:24.4538290+06:00"
2021-09-28 00:35:44.474 +06:00 [INF] no file to delete
2021-09-28 00:35:44.474 +06:00 [INF] Worker running at: "2021-09-28T00:35:44.4742995+06:00"
2021-09-28 00:36:04.475 +06:00 [INF] no file to delete
2021-09-28 00:36:04.475 +06:00 [INF] Worker running at: "2021-09-28T00:36:04.4754942+06:00"
2021-09-28 00:36:24.486 +06:00 [INF] no file to delete
2021-09-28 00:36:24.486 +06:00 [INF] Worker running at: "2021-09-28T00:36:24.4867001+06:00"
2021-09-28 00:36:44.496 +06:00 [INF] no file to delete
2021-09-28 00:36:44.496 +06:00 [INF] Worker running at: "2021-09-28T00:36:44.4967272+06:00"
2021-09-28 00:37:04.499 +06:00 [INF] no file to delete
2021-09-28 00:37:04.499 +06:00 [INF] Worker running at: "2021-09-28T00:37:04.4993166+06:00"
2021-09-28 00:37:24.503 +06:00 [INF] no file to delete
2021-09-28 00:37:24.503 +06:00 [INF] Worker running at: "2021-09-28T00:37:24.5034214+06:00"
2021-09-28 00:37:44.517 +06:00 [INF] no file to delete
2021-09-28 00:37:44.517 +06:00 [INF] Worker running at: "2021-09-28T00:37:44.5174885+06:00"
2021-09-28 00:38:04.531 +06:00 [INF] no file to delete
2021-09-28 00:38:04.531 +06:00 [INF] Worker running at: "2021-09-28T00:38:04.5316868+06:00"
2021-09-28 00:38:24.543 +06:00 [INF] no file to delete
2021-09-28 00:38:24.543 +06:00 [INF] Worker running at: "2021-09-28T00:38:24.5438019+06:00"
2021-09-28 00:38:44.550 +06:00 [INF] no file to delete
2021-09-28 00:38:44.550 +06:00 [INF] Worker running at: "2021-09-28T00:38:44.5505095+06:00"
2021-09-28 00:39:04.553 +06:00 [INF] no file to delete
2021-09-28 00:39:04.553 +06:00 [INF] Worker running at: "2021-09-28T00:39:04.5532509+06:00"
2021-09-28 00:39:24.565 +06:00 [INF] no file to delete
2021-09-28 00:39:24.565 +06:00 [INF] Worker running at: "2021-09-28T00:39:24.5653300+06:00"
2021-09-28 00:39:44.803 +06:00 [INF] Deleted 
2021-09-28 00:39:44.804 +06:00 [INF] Worker running at: "2021-09-28T00:39:44.8040020+06:00"
2021-09-28 00:40:04.808 +06:00 [INF] no file to delete
2021-09-28 00:40:04.809 +06:00 [INF] Worker running at: "2021-09-28T00:40:04.8089988+06:00"
2021-09-28 00:40:24.822 +06:00 [INF] no file to delete
2021-09-28 00:40:24.824 +06:00 [INF] Worker running at: "2021-09-28T00:40:24.8248006+06:00"
2021-09-28 00:40:44.842 +06:00 [INF] no file to delete
2021-09-28 00:40:44.842 +06:00 [INF] Worker running at: "2021-09-28T00:40:44.8426404+06:00"
2021-09-28 00:41:04.851 +06:00 [INF] no file to delete
2021-09-28 00:41:04.851 +06:00 [INF] Worker running at: "2021-09-28T00:41:04.8518747+06:00"
2021-09-28 00:41:24.868 +06:00 [INF] no file to delete
2021-09-28 00:41:24.868 +06:00 [INF] Worker running at: "2021-09-28T00:41:24.8687276+06:00"
2021-09-28 00:41:44.914 +06:00 [INF] no file to delete
2021-09-28 00:41:44.914 +06:00 [INF] Worker running at: "2021-09-28T00:41:44.9149631+06:00"
2021-09-28 00:42:04.920 +06:00 [INF] no file to delete
2021-09-28 00:42:04.920 +06:00 [INF] Worker running at: "2021-09-28T00:42:04.9209621+06:00"
2021-09-28 00:42:24.936 +06:00 [INF] no file to delete
2021-09-28 00:42:24.936 +06:00 [INF] Worker running at: "2021-09-28T00:42:24.9365076+06:00"
2021-09-28 00:42:44.950 +06:00 [INF] no file to delete
2021-09-28 00:42:44.950 +06:00 [INF] Worker running at: "2021-09-28T00:42:44.9507093+06:00"
2021-09-28 00:43:05.034 +06:00 [INF] Deleted 
2021-09-28 00:43:05.034 +06:00 [INF] Worker running at: "2021-09-28T00:43:05.0342809+06:00"
2021-09-28 00:43:25.062 +06:00 [INF] no file to delete
2021-09-28 00:43:25.063 +06:00 [INF] Worker running at: "2021-09-28T00:43:25.0638237+06:00"
2021-09-28 00:43:45.078 +06:00 [INF] no file to delete
2021-09-28 00:43:45.078 +06:00 [INF] Worker running at: "2021-09-28T00:43:45.0782837+06:00"
2021-09-28 00:44:05.081 +06:00 [INF] no file to delete
2021-09-28 00:44:05.081 +06:00 [INF] Worker running at: "2021-09-28T00:44:05.0811331+06:00"
2021-09-28 00:44:25.110 +06:00 [INF] no file to delete
2021-09-28 00:44:25.110 +06:00 [INF] Worker running at: "2021-09-28T00:44:25.1107561+06:00"
2021-09-28 00:44:45.120 +06:00 [INF] no file to delete
2021-09-28 00:44:45.120 +06:00 [INF] Worker running at: "2021-09-28T00:44:45.1204806+06:00"
2021-09-28 00:45:05.128 +06:00 [INF] no file to delete
2021-09-28 00:45:05.128 +06:00 [INF] Worker running at: "2021-09-28T00:45:05.1282219+06:00"
2021-09-28 00:45:25.142 +06:00 [INF] no file to delete
2021-09-28 00:45:25.143 +06:00 [INF] Worker running at: "2021-09-28T00:45:25.1438616+06:00"
2021-09-28 00:45:45.150 +06:00 [INF] no file to delete
2021-09-28 00:45:45.150 +06:00 [INF] Worker running at: "2021-09-28T00:45:45.1505676+06:00"
2021-09-28 00:46:05.152 +06:00 [INF] no file to delete
2021-09-28 00:46:05.152 +06:00 [INF] Worker running at: "2021-09-28T00:46:05.1525157+06:00"
2021-09-28 00:46:25.162 +06:00 [INF] no file to delete
2021-09-28 00:46:25.163 +06:00 [INF] Worker running at: "2021-09-28T00:46:25.1629976+06:00"
2021-09-28 00:53:46.878 +06:00 [INF] Application Starting up
2021-09-28 00:53:48.386 +06:00 [INF] no file to delete
2021-09-28 00:53:48.387 +06:00 [INF] Worker running at: "2021-09-28T00:53:48.3874062+06:00"
2021-09-28 00:54:08.417 +06:00 [INF] no file to delete
2021-09-28 00:54:08.417 +06:00 [INF] Worker running at: "2021-09-28T00:54:08.4172481+06:00"
2021-09-28 00:54:28.429 +06:00 [INF] no file to delete
2021-09-28 00:54:28.429 +06:00 [INF] Worker running at: "2021-09-28T00:54:28.4295587+06:00"
2021-09-28 00:54:48.437 +06:00 [INF] no file to delete
2021-09-28 00:54:48.438 +06:00 [INF] Worker running at: "2021-09-28T00:54:48.4380790+06:00"
2021-09-28 00:55:08.462 +06:00 [INF] no file to delete
2021-09-28 00:55:08.462 +06:00 [INF] Worker running at: "2021-09-28T00:55:08.4629523+06:00"
2021-09-28 00:55:28.475 +06:00 [INF] no file to delete
2021-09-28 00:55:28.475 +06:00 [INF] Worker running at: "2021-09-28T00:55:28.4759083+06:00"
2021-09-28 00:55:48.497 +06:00 [INF] no file to delete
2021-09-28 00:55:48.497 +06:00 [INF] Worker running at: "2021-09-28T00:55:48.4971181+06:00"
2021-09-28 00:56:08.532 +06:00 [INF] no file to delete
2021-09-28 00:56:08.532 +06:00 [INF] Worker running at: "2021-09-28T00:56:08.5323052+06:00"
2021-09-28 00:56:28.581 +06:00 [INF] no file to delete
2021-09-28 00:56:28.581 +06:00 [INF] Worker running at: "2021-09-28T00:56:28.5814928+06:00"
2021-09-28 00:56:48.599 +06:00 [INF] no file to delete
2021-09-28 00:56:48.599 +06:00 [INF] Worker running at: "2021-09-28T00:56:48.5992962+06:00"
2021-09-28 00:57:08.613 +06:00 [INF] no file to delete
2021-09-28 00:57:08.613 +06:00 [INF] Worker running at: "2021-09-28T00:57:08.6136927+06:00"
2021-09-28 00:57:28.634 +06:00 [INF] no file to delete
2021-09-28 00:57:28.634 +06:00 [INF] Worker running at: "2021-09-28T00:57:28.6343543+06:00"
2021-09-28 00:57:48.638 +06:00 [INF] no file to delete
2021-09-28 00:57:48.638 +06:00 [INF] Worker running at: "2021-09-28T00:57:48.6388362+06:00"
2021-09-28 00:58:08.646 +06:00 [INF] no file to delete
2021-09-28 00:58:08.646 +06:00 [INF] Worker running at: "2021-09-28T00:58:08.6469495+06:00"
2021-09-28 00:58:28.663 +06:00 [INF] no file to delete
2021-09-28 00:58:28.663 +06:00 [INF] Worker running at: "2021-09-28T00:58:28.6630864+06:00"
2021-09-28 00:58:48.678 +06:00 [INF] no file to delete
2021-09-28 00:58:48.678 +06:00 [INF] Worker running at: "2021-09-28T00:58:48.6784832+06:00"
2021-09-28 00:59:08.698 +06:00 [INF] no file to delete
2021-09-28 00:59:08.698 +06:00 [INF] Worker running at: "2021-09-28T00:59:08.6980572+06:00"
2021-09-28 00:59:28.709 +06:00 [INF] no file to delete
2021-09-28 00:59:28.709 +06:00 [INF] Worker running at: "2021-09-28T00:59:28.7098252+06:00"
2021-09-28 00:59:48.725 +06:00 [INF] no file to delete
2021-09-28 00:59:48.727 +06:00 [INF] Worker running at: "2021-09-28T00:59:48.7275217+06:00"
2021-09-28 01:00:08.740 +06:00 [INF] no file to delete
2021-09-28 01:00:08.740 +06:00 [INF] Worker running at: "2021-09-28T01:00:08.7403893+06:00"
2021-09-28 01:00:28.756 +06:00 [INF] no file to delete
2021-09-28 01:00:28.756 +06:00 [INF] Worker running at: "2021-09-28T01:00:28.7561944+06:00"
2021-09-28 01:00:48.774 +06:00 [INF] no file to delete
2021-09-28 01:00:48.774 +06:00 [INF] Worker running at: "2021-09-28T01:00:48.7748000+06:00"
2021-09-28 01:01:08.791 +06:00 [INF] no file to delete
2021-09-28 01:01:08.791 +06:00 [INF] Worker running at: "2021-09-28T01:01:08.7910727+06:00"
2021-09-28 01:01:28.797 +06:00 [INF] no file to delete
2021-09-28 01:01:28.797 +06:00 [INF] Worker running at: "2021-09-28T01:01:28.7974289+06:00"
2021-09-28 01:01:48.804 +06:00 [INF] no file to delete
2021-09-28 01:01:48.805 +06:00 [INF] Worker running at: "2021-09-28T01:01:48.8056364+06:00"
2021-09-28 01:02:08.810 +06:00 [INF] no file to delete
2021-09-28 01:02:08.810 +06:00 [INF] Worker running at: "2021-09-28T01:02:08.8107176+06:00"
2021-09-28 01:02:28.825 +06:00 [INF] no file to delete
2021-09-28 01:02:28.826 +06:00 [INF] Worker running at: "2021-09-28T01:02:28.8260031+06:00"
2021-09-28 01:02:48.840 +06:00 [INF] no file to delete
2021-09-28 01:02:48.840 +06:00 [INF] Worker running at: "2021-09-28T01:02:48.8409272+06:00"
2021-09-28 01:03:08.855 +06:00 [INF] no file to delete
2021-09-28 01:03:08.855 +06:00 [INF] Worker running at: "2021-09-28T01:03:08.8554772+06:00"
2021-09-28 01:03:28.856 +06:00 [INF] no file to delete
2021-09-28 01:03:28.856 +06:00 [INF] Worker running at: "2021-09-28T01:03:28.8561174+06:00"
2021-09-28 01:03:48.872 +06:00 [INF] no file to delete
2021-09-28 01:03:48.873 +06:00 [INF] Worker running at: "2021-09-28T01:03:48.8729826+06:00"
2021-09-28 01:04:08.888 +06:00 [INF] no file to delete
2021-09-28 01:04:08.888 +06:00 [INF] Worker running at: "2021-09-28T01:04:08.8885022+06:00"
2021-09-28 01:04:28.905 +06:00 [INF] no file to delete
2021-09-28 01:04:28.905 +06:00 [INF] Worker running at: "2021-09-28T01:04:28.9056873+06:00"
2021-09-28 01:04:48.909 +06:00 [INF] no file to delete
2021-09-28 01:04:48.910 +06:00 [INF] Worker running at: "2021-09-28T01:04:48.9106515+06:00"
2021-09-28 01:05:08.916 +06:00 [INF] no file to delete
2021-09-28 01:05:08.916 +06:00 [INF] Worker running at: "2021-09-28T01:05:08.9167877+06:00"
2021-09-28 01:05:28.926 +06:00 [INF] no file to delete
2021-09-28 01:05:28.927 +06:00 [INF] Worker running at: "2021-09-28T01:05:28.9270306+06:00"
2021-09-28 01:05:48.949 +06:00 [INF] no file to delete
2021-09-28 01:05:48.950 +06:00 [INF] Worker running at: "2021-09-28T01:05:48.9509174+06:00"
2021-09-28 01:06:09.000 +06:00 [INF] no file to delete
2021-09-28 01:06:09.000 +06:00 [INF] Worker running at: "2021-09-28T01:06:09.0000562+06:00"
2021-09-28 01:06:29.009 +06:00 [INF] no file to delete
2021-09-28 01:06:29.009 +06:00 [INF] Worker running at: "2021-09-28T01:06:29.0093395+06:00"
2021-09-28 01:06:49.028 +06:00 [INF] no file to delete
2021-09-28 01:06:49.028 +06:00 [INF] Worker running at: "2021-09-28T01:06:49.0289079+06:00"
2021-09-28 01:07:09.043 +06:00 [INF] no file to delete
2021-09-28 01:07:09.043 +06:00 [INF] Worker running at: "2021-09-28T01:07:09.0437369+06:00"
2021-09-28 01:07:29.050 +06:00 [INF] no file to delete
2021-09-28 01:07:29.050 +06:00 [INF] Worker running at: "2021-09-28T01:07:29.0504193+06:00"
2021-09-28 01:07:49.061 +06:00 [INF] no file to delete
2021-09-28 01:07:49.062 +06:00 [INF] Worker running at: "2021-09-28T01:07:49.0620170+06:00"
2021-09-28 01:08:09.079 +06:00 [INF] no file to delete
2021-09-28 01:08:09.079 +06:00 [INF] Worker running at: "2021-09-28T01:08:09.0795055+06:00"
2021-09-28 01:08:29.095 +06:00 [INF] no file to delete
2021-09-28 01:08:29.095 +06:00 [INF] Worker running at: "2021-09-28T01:08:29.0958551+06:00"
2021-09-28 01:08:49.108 +06:00 [INF] no file to delete
2021-09-28 01:08:49.109 +06:00 [INF] Worker running at: "2021-09-28T01:08:49.1090759+06:00"
2021-09-28 01:09:09.154 +06:00 [INF] no file to delete
2021-09-28 01:09:09.154 +06:00 [INF] Worker running at: "2021-09-28T01:09:09.1545311+06:00"
2021-09-28 01:09:29.162 +06:00 [INF] no file to delete
2021-09-28 01:09:29.162 +06:00 [INF] Worker running at: "2021-09-28T01:09:29.1629825+06:00"
2021-09-28 01:09:49.179 +06:00 [INF] no file to delete
2021-09-28 01:09:49.180 +06:00 [INF] Worker running at: "2021-09-28T01:09:49.1807546+06:00"
2021-09-28 01:10:09.188 +06:00 [INF] no file to delete
2021-09-28 01:10:09.188 +06:00 [INF] Worker running at: "2021-09-28T01:10:09.1883984+06:00"
2021-09-28 01:10:29.211 +06:00 [INF] no file to delete
2021-09-28 01:10:29.211 +06:00 [INF] Worker running at: "2021-09-28T01:10:29.2117393+06:00"
2021-09-28 01:10:49.226 +06:00 [INF] no file to delete
2021-09-28 01:10:49.226 +06:00 [INF] Worker running at: "2021-09-28T01:10:49.2266689+06:00"
2021-09-28 01:11:09.233 +06:00 [INF] no file to delete
2021-09-28 01:11:09.233 +06:00 [INF] Worker running at: "2021-09-28T01:11:09.2335045+06:00"
2021-09-28 01:11:29.240 +06:00 [INF] no file to delete
2021-09-28 01:11:29.240 +06:00 [INF] Worker running at: "2021-09-28T01:11:29.2404349+06:00"
2021-09-28 01:11:39.544 +06:00 [INF] Application Starting up
2021-09-28 01:11:41.205 +06:00 [INF] no file to delete
2021-09-28 01:11:41.207 +06:00 [INF] Worker running at: "2021-09-28T01:11:41.2067018+06:00"
2021-09-28 01:12:01.231 +06:00 [INF] no file to delete
2021-09-28 01:12:01.231 +06:00 [INF] Worker running at: "2021-09-28T01:12:01.2316824+06:00"
2021-09-28 01:12:21.247 +06:00 [INF] no file to delete
2021-09-28 01:12:21.247 +06:00 [INF] Worker running at: "2021-09-28T01:12:21.2474923+06:00"
2021-09-28 01:12:41.259 +06:00 [INF] no file to delete
2021-09-28 01:12:41.259 +06:00 [INF] Worker running at: "2021-09-28T01:12:41.2591818+06:00"
2021-09-28 01:13:01.274 +06:00 [INF] no file to delete
2021-09-28 01:13:01.274 +06:00 [INF] Worker running at: "2021-09-28T01:13:01.2748625+06:00"
2021-09-28 01:13:21.283 +06:00 [INF] no file to delete
2021-09-28 01:13:21.283 +06:00 [INF] Worker running at: "2021-09-28T01:13:21.2831330+06:00"
2021-09-28 01:13:41.290 +06:00 [INF] no file to delete
2021-09-28 01:13:41.290 +06:00 [INF] Worker running at: "2021-09-28T01:13:41.2906465+06:00"
2021-09-28 01:14:01.329 +06:00 [INF] no file to delete
2021-09-28 01:14:01.329 +06:00 [INF] Worker running at: "2021-09-28T01:14:01.3294742+06:00"
2021-09-28 01:14:21.345 +06:00 [INF] no file to delete
2021-09-28 01:14:21.345 +06:00 [INF] Worker running at: "2021-09-28T01:14:21.3457384+06:00"
2021-09-28 01:14:41.359 +06:00 [INF] no file to delete
2021-09-28 01:14:41.360 +06:00 [INF] Worker running at: "2021-09-28T01:14:41.3601126+06:00"
2021-09-28 01:15:01.372 +06:00 [INF] no file to delete
2021-09-28 01:15:01.372 +06:00 [INF] Worker running at: "2021-09-28T01:15:01.3720831+06:00"
2021-09-28 01:15:21.376 +06:00 [INF] no file to delete
2021-09-28 01:15:21.376 +06:00 [INF] Worker running at: "2021-09-28T01:15:21.3766432+06:00"
2021-09-28 01:15:41.394 +06:00 [INF] no file to delete
2021-09-28 01:15:41.394 +06:00 [INF] Worker running at: "2021-09-28T01:15:41.3948839+06:00"
2021-09-28 01:16:01.408 +06:00 [INF] no file to delete
2021-09-28 01:16:01.408 +06:00 [INF] Worker running at: "2021-09-28T01:16:01.4086567+06:00"
2021-09-28 01:16:21.412 +06:00 [INF] no file to delete
2021-09-28 01:16:21.412 +06:00 [INF] Worker running at: "2021-09-28T01:16:21.4124069+06:00"
2021-09-28 01:16:41.426 +06:00 [INF] no file to delete
2021-09-28 01:16:41.426 +06:00 [INF] Worker running at: "2021-09-28T01:16:41.4261476+06:00"
2021-09-28 01:17:01.434 +06:00 [INF] no file to delete
2021-09-28 01:17:01.434 +06:00 [INF] Worker running at: "2021-09-28T01:17:01.4345363+06:00"
2021-09-28 01:17:21.448 +06:00 [INF] no file to delete
2021-09-28 01:17:21.448 +06:00 [INF] Worker running at: "2021-09-28T01:17:21.4489406+06:00"
2021-09-28 01:17:41.454 +06:00 [INF] no file to delete
2021-09-28 01:17:41.454 +06:00 [INF] Worker running at: "2021-09-28T01:17:41.4545153+06:00"
2021-09-28 01:18:01.457 +06:00 [INF] no file to delete
2021-09-28 01:18:01.457 +06:00 [INF] Worker running at: "2021-09-28T01:18:01.4573970+06:00"
2021-09-28 01:18:21.474 +06:00 [INF] no file to delete
2021-09-28 01:18:21.474 +06:00 [INF] Worker running at: "2021-09-28T01:18:21.4749128+06:00"
2021-09-28 01:18:41.490 +06:00 [INF] no file to delete
2021-09-28 01:18:41.490 +06:00 [INF] Worker running at: "2021-09-28T01:18:41.4909228+06:00"
2021-09-28 01:19:01.500 +06:00 [INF] no file to delete
2021-09-28 01:19:01.500 +06:00 [INF] Worker running at: "2021-09-28T01:19:01.5003955+06:00"
2021-09-28 01:19:21.514 +06:00 [INF] no file to delete
2021-09-28 01:19:21.514 +06:00 [INF] Worker running at: "2021-09-28T01:19:21.5140591+06:00"
2021-09-28 01:19:41.527 +06:00 [INF] no file to delete
2021-09-28 01:19:41.528 +06:00 [INF] Worker running at: "2021-09-28T01:19:41.5279798+06:00"
2021-09-28 01:20:01.542 +06:00 [INF] no file to delete
2021-09-28 01:20:01.542 +06:00 [INF] Worker running at: "2021-09-28T01:20:01.5427648+06:00"
2021-09-28 01:20:21.553 +06:00 [INF] no file to delete
2021-09-28 01:20:21.553 +06:00 [INF] Worker running at: "2021-09-28T01:20:21.5532198+06:00"
2021-09-28 01:20:41.565 +06:00 [INF] no file to delete
2021-09-28 01:20:41.565 +06:00 [INF] Worker running at: "2021-09-28T01:20:41.5657535+06:00"
2021-09-28 01:21:01.610 +06:00 [INF] no file to delete
2021-09-28 01:21:01.610 +06:00 [INF] Worker running at: "2021-09-28T01:21:01.6109620+06:00"
2021-09-28 01:21:21.626 +06:00 [INF] no file to delete
2021-09-28 01:21:21.626 +06:00 [INF] Worker running at: "2021-09-28T01:21:21.6262588+06:00"
2021-09-28 01:21:41.642 +06:00 [INF] no file to delete
2021-09-28 01:21:41.643 +06:00 [INF] Worker running at: "2021-09-28T01:21:41.6430021+06:00"
2021-09-28 01:22:01.646 +06:00 [INF] no file to delete
2021-09-28 01:22:01.646 +06:00 [INF] Worker running at: "2021-09-28T01:22:01.6462404+06:00"
2021-09-28 01:22:21.662 +06:00 [INF] no file to delete
2021-09-28 01:22:21.662 +06:00 [INF] Worker running at: "2021-09-28T01:22:21.6626729+06:00"
2021-09-28 01:22:41.665 +06:00 [INF] no file to delete
2021-09-28 01:22:41.667 +06:00 [INF] Worker running at: "2021-09-28T01:22:41.6672015+06:00"
2021-09-28 01:23:01.677 +06:00 [INF] no file to delete
2021-09-28 01:23:01.677 +06:00 [INF] Worker running at: "2021-09-28T01:23:01.6772634+06:00"
2021-09-28 01:23:21.692 +06:00 [INF] no file to delete
2021-09-28 01:23:21.692 +06:00 [INF] Worker running at: "2021-09-28T01:23:21.6926401+06:00"
2021-09-28 01:23:41.702 +06:00 [INF] no file to delete
2021-09-28 01:23:41.735 +06:00 [INF] Worker running at: "2021-09-28T01:23:41.7351487+06:00"
2021-09-28 01:24:01.749 +06:00 [INF] no file to delete
2021-09-28 01:24:01.749 +06:00 [INF] Worker running at: "2021-09-28T01:24:01.7498074+06:00"
2021-09-28 01:24:21.758 +06:00 [INF] no file to delete
2021-09-28 01:24:21.758 +06:00 [INF] Worker running at: "2021-09-28T01:24:21.7588414+06:00"
2021-09-28 01:24:41.770 +06:00 [INF] no file to delete
2021-09-28 01:24:41.771 +06:00 [INF] Worker running at: "2021-09-28T01:24:41.7719409+06:00"
2021-09-28 01:25:01.782 +06:00 [INF] no file to delete
2021-09-28 01:25:01.782 +06:00 [INF] Worker running at: "2021-09-28T01:25:01.7828111+06:00"
2021-09-28 01:25:21.812 +06:00 [INF] no file to delete
2021-09-28 01:25:21.812 +06:00 [INF] Worker running at: "2021-09-28T01:25:21.8129737+06:00"
2021-09-28 01:25:41.826 +06:00 [INF] no file to delete
2021-09-28 01:25:41.827 +06:00 [INF] Worker running at: "2021-09-28T01:25:41.8279254+06:00"
2021-09-28 01:26:01.839 +06:00 [INF] no file to delete
2021-09-28 01:26:01.839 +06:00 [INF] Worker running at: "2021-09-28T01:26:01.8394893+06:00"
2021-09-28 01:26:21.844 +06:00 [INF] no file to delete
2021-09-28 01:26:21.844 +06:00 [INF] Worker running at: "2021-09-28T01:26:21.8444620+06:00"
2021-09-28 01:26:41.855 +06:00 [INF] no file to delete
2021-09-28 01:26:41.856 +06:00 [INF] Worker running at: "2021-09-28T01:26:41.8564679+06:00"
2021-09-28 01:27:01.866 +06:00 [INF] no file to delete
2021-09-28 01:27:01.866 +06:00 [INF] Worker running at: "2021-09-28T01:27:01.8662107+06:00"
2021-09-28 01:27:21.877 +06:00 [INF] no file to delete
2021-09-28 01:27:21.877 +06:00 [INF] Worker running at: "2021-09-28T01:27:21.8775309+06:00"
2021-09-28 01:27:41.892 +06:00 [INF] no file to delete
2021-09-28 01:27:41.892 +06:00 [INF] Worker running at: "2021-09-28T01:27:41.8927249+06:00"
2021-09-28 01:28:01.909 +06:00 [INF] no file to delete
2021-09-28 01:28:01.909 +06:00 [INF] Worker running at: "2021-09-28T01:28:01.9097673+06:00"
2021-09-28 01:28:21.918 +06:00 [INF] no file to delete
2021-09-28 01:28:21.918 +06:00 [INF] Worker running at: "2021-09-28T01:28:21.9188465+06:00"
2021-09-28 01:28:41.926 +06:00 [INF] no file to delete
2021-09-28 01:28:41.926 +06:00 [INF] Worker running at: "2021-09-28T01:28:41.9262807+06:00"
2021-09-28 01:29:01.960 +06:00 [INF] no file to delete
2021-09-28 01:29:01.960 +06:00 [INF] Worker running at: "2021-09-28T01:29:01.9609479+06:00"
2021-09-28 01:29:21.967 +06:00 [INF] no file to delete
2021-09-28 01:29:21.967 +06:00 [INF] Worker running at: "2021-09-28T01:29:21.9678186+06:00"
2021-09-28 01:29:41.971 +06:00 [INF] no file to delete
2021-09-28 01:29:41.971 +06:00 [INF] Worker running at: "2021-09-28T01:29:41.9718232+06:00"
2021-09-28 01:30:02.016 +06:00 [INF] no file to delete
2021-09-28 01:30:02.016 +06:00 [INF] Worker running at: "2021-09-28T01:30:02.0168926+06:00"
2021-09-28 01:30:22.033 +06:00 [INF] no file to delete
2021-09-28 01:30:22.033 +06:00 [INF] Worker running at: "2021-09-28T01:30:22.0334993+06:00"
2021-09-28 01:30:42.032 +06:00 [INF] no file to delete
2021-09-28 01:30:42.032 +06:00 [INF] Worker running at: "2021-09-28T01:30:42.0328173+06:00"
2021-09-28 01:31:02.045 +06:00 [INF] no file to delete
2021-09-28 01:31:02.045 +06:00 [INF] Worker running at: "2021-09-28T01:31:02.0453017+06:00"
2021-09-28 01:31:22.045 +06:00 [INF] no file to delete
2021-09-28 01:31:22.045 +06:00 [INF] Worker running at: "2021-09-28T01:31:22.0454998+06:00"
2021-09-28 01:31:42.052 +06:00 [INF] no file to delete
2021-09-28 01:31:42.053 +06:00 [INF] Worker running at: "2021-09-28T01:31:42.0538030+06:00"
2021-09-28 01:32:02.066 +06:00 [INF] no file to delete
2021-09-28 01:32:02.067 +06:00 [INF] Worker running at: "2021-09-28T01:32:02.0669847+06:00"
2021-09-28 01:32:22.067 +06:00 [INF] no file to delete
2021-09-28 01:32:22.067 +06:00 [INF] Worker running at: "2021-09-28T01:32:22.0677056+06:00"
2021-09-28 01:32:42.073 +06:00 [INF] no file to delete
2021-09-28 01:32:42.074 +06:00 [INF] Worker running at: "2021-09-28T01:32:42.0749524+06:00"
2021-09-28 01:33:02.088 +06:00 [INF] no file to delete
2021-09-28 01:33:02.088 +06:00 [INF] Worker running at: "2021-09-28T01:33:02.0881742+06:00"
2021-09-28 01:33:22.091 +06:00 [INF] no file to delete
2021-09-28 01:33:22.091 +06:00 [INF] Worker running at: "2021-09-28T01:33:22.0918209+06:00"
2021-09-28 01:33:42.091 +06:00 [INF] no file to delete
2021-09-28 01:33:42.093 +06:00 [INF] Worker running at: "2021-09-28T01:33:42.0931666+06:00"
2021-09-28 01:34:02.096 +06:00 [INF] no file to delete
2021-09-28 01:34:02.096 +06:00 [INF] Worker running at: "2021-09-28T01:34:02.0966401+06:00"
2021-09-28 01:34:22.123 +06:00 [INF] no file to delete
2021-09-28 01:34:22.124 +06:00 [INF] Worker running at: "2021-09-28T01:34:22.1242282+06:00"
2021-09-28 01:34:42.141 +06:00 [INF] no file to delete
2021-09-28 01:34:42.141 +06:00 [INF] Worker running at: "2021-09-28T01:34:42.1416216+06:00"
2021-09-28 01:35:02.145 +06:00 [INF] no file to delete
2021-09-28 01:35:02.145 +06:00 [INF] Worker running at: "2021-09-28T01:35:02.1454211+06:00"
2021-09-28 01:35:22.159 +06:00 [INF] no file to delete
2021-09-28 01:35:22.159 +06:00 [INF] Worker running at: "2021-09-28T01:35:22.1594395+06:00"
2021-09-28 01:35:42.181 +06:00 [INF] no file to delete
2021-09-28 01:35:42.183 +06:00 [INF] Worker running at: "2021-09-28T01:35:42.1821670+06:00"
2021-09-28 01:36:02.191 +06:00 [INF] no file to delete
2021-09-28 01:36:02.191 +06:00 [INF] Worker running at: "2021-09-28T01:36:02.1917491+06:00"
2021-09-28 01:36:22.205 +06:00 [INF] no file to delete
2021-09-28 01:36:22.205 +06:00 [INF] Worker running at: "2021-09-28T01:36:22.2058800+06:00"
2021-09-28 01:36:42.220 +06:00 [INF] no file to delete
2021-09-28 01:36:42.220 +06:00 [INF] Worker running at: "2021-09-28T01:36:42.2201114+06:00"
2021-09-28 01:37:02.234 +06:00 [INF] no file to delete
2021-09-28 01:37:02.234 +06:00 [INF] Worker running at: "2021-09-28T01:37:02.2344271+06:00"
2021-09-28 01:37:22.244 +06:00 [INF] no file to delete
2021-09-28 01:37:22.244 +06:00 [INF] Worker running at: "2021-09-28T01:37:22.2441306+06:00"
2021-09-28 01:37:42.257 +06:00 [INF] no file to delete
2021-09-28 01:37:42.257 +06:00 [INF] Worker running at: "2021-09-28T01:37:42.2571044+06:00"
2021-09-28 01:38:02.261 +06:00 [INF] no file to delete
2021-09-28 01:38:02.261 +06:00 [INF] Worker running at: "2021-09-28T01:38:02.2611903+06:00"
2021-09-28 01:38:22.262 +06:00 [INF] no file to delete
2021-09-28 01:38:22.262 +06:00 [INF] Worker running at: "2021-09-28T01:38:22.2628342+06:00"
2021-09-28 01:38:42.266 +06:00 [INF] no file to delete
2021-09-28 01:38:42.297 +06:00 [INF] Worker running at: "2021-09-28T01:38:42.2971088+06:00"
2021-09-28 01:39:02.308 +06:00 [INF] no file to delete
2021-09-28 01:39:02.308 +06:00 [INF] Worker running at: "2021-09-28T01:39:02.3082296+06:00"
2021-09-28 01:39:22.320 +06:00 [INF] no file to delete
2021-09-28 01:39:22.320 +06:00 [INF] Worker running at: "2021-09-28T01:39:22.3202232+06:00"
2021-09-28 01:39:42.327 +06:00 [INF] no file to delete
2021-09-28 01:39:42.329 +06:00 [INF] Worker running at: "2021-09-28T01:39:42.3291871+06:00"
2021-09-28 01:40:02.345 +06:00 [INF] no file to delete
2021-09-28 01:40:02.345 +06:00 [INF] Worker running at: "2021-09-28T01:40:02.3452897+06:00"
2021-09-28 01:40:22.364 +06:00 [INF] no file to delete
2021-09-28 01:40:22.364 +06:00 [INF] Worker running at: "2021-09-28T01:40:22.3649549+06:00"
2021-09-28 01:40:42.370 +06:00 [INF] no file to delete
2021-09-28 01:40:42.370 +06:00 [INF] Worker running at: "2021-09-28T01:40:42.3703135+06:00"
2021-09-28 01:41:02.377 +06:00 [INF] no file to delete
2021-09-28 01:41:02.377 +06:00 [INF] Worker running at: "2021-09-28T01:41:02.3776178+06:00"
2021-09-28 01:41:22.394 +06:00 [INF] no file to delete
2021-09-28 01:41:22.394 +06:00 [INF] Worker running at: "2021-09-28T01:41:22.3944686+06:00"
2021-09-28 01:41:42.408 +06:00 [INF] no file to delete
2021-09-28 01:41:42.409 +06:00 [INF] Worker running at: "2021-09-28T01:41:42.4098034+06:00"
2021-09-28 01:42:02.418 +06:00 [INF] no file to delete
2021-09-28 01:42:02.418 +06:00 [INF] Worker running at: "2021-09-28T01:42:02.4184560+06:00"
2021-09-28 01:42:22.433 +06:00 [INF] no file to delete
2021-09-28 01:42:22.433 +06:00 [INF] Worker running at: "2021-09-28T01:42:22.4332866+06:00"
2021-09-28 01:42:42.434 +06:00 [INF] no file to delete
2021-09-28 01:42:42.436 +06:00 [INF] Worker running at: "2021-09-28T01:42:42.4365605+06:00"
2021-09-28 01:43:02.453 +06:00 [INF] no file to delete
2021-09-28 01:43:02.453 +06:00 [INF] Worker running at: "2021-09-28T01:43:02.4534988+06:00"
2021-09-28 01:43:22.474 +06:00 [INF] no file to delete
2021-09-28 01:43:22.474 +06:00 [INF] Worker running at: "2021-09-28T01:43:22.4746566+06:00"
2021-09-28 01:43:42.497 +06:00 [INF] no file to delete
2021-09-28 01:43:42.499 +06:00 [INF] Worker running at: "2021-09-28T01:43:42.4995374+06:00"
2021-09-28 01:44:02.507 +06:00 [INF] no file to delete
2021-09-28 01:44:02.507 +06:00 [INF] Worker running at: "2021-09-28T01:44:02.5073167+06:00"
2021-09-28 01:44:22.521 +06:00 [INF] no file to delete
2021-09-28 01:44:22.521 +06:00 [INF] Worker running at: "2021-09-28T01:44:22.5212306+06:00"
2021-09-28 01:44:42.528 +06:00 [INF] no file to delete
2021-09-28 01:44:42.528 +06:00 [INF] Worker running at: "2021-09-28T01:44:42.5288961+06:00"
2021-09-28 01:45:02.571 +06:00 [INF] no file to delete
2021-09-28 01:45:02.571 +06:00 [INF] Worker running at: "2021-09-28T01:45:02.5718487+06:00"
2021-09-28 01:45:22.583 +06:00 [INF] no file to delete
2021-09-28 01:45:22.583 +06:00 [INF] Worker running at: "2021-09-28T01:45:22.5831524+06:00"
2021-09-28 01:45:42.598 +06:00 [INF] no file to delete
2021-09-28 01:45:42.599 +06:00 [INF] Worker running at: "2021-09-28T01:45:42.5996543+06:00"
2021-09-28 01:46:02.609 +06:00 [INF] no file to delete
2021-09-28 01:46:02.609 +06:00 [INF] Worker running at: "2021-09-28T01:46:02.6093447+06:00"
2021-09-28 01:46:22.619 +06:00 [INF] no file to delete
2021-09-28 01:46:22.619 +06:00 [INF] Worker running at: "2021-09-28T01:46:22.6190658+06:00"
2021-09-28 01:46:42.634 +06:00 [INF] no file to delete
2021-09-28 01:46:42.634 +06:00 [INF] Worker running at: "2021-09-28T01:46:42.6348730+06:00"
2021-09-28 01:47:02.653 +06:00 [INF] no file to delete
2021-09-28 01:47:02.653 +06:00 [INF] Worker running at: "2021-09-28T01:47:02.6532255+06:00"
2021-09-28 01:47:22.655 +06:00 [INF] no file to delete
2021-09-28 01:47:22.655 +06:00 [INF] Worker running at: "2021-09-28T01:47:22.6551618+06:00"
2021-09-28 01:47:42.663 +06:00 [INF] no file to delete
2021-09-28 01:47:42.663 +06:00 [INF] Worker running at: "2021-09-28T01:47:42.6634826+06:00"
2021-09-28 01:48:02.703 +06:00 [INF] no file to delete
2021-09-28 01:48:02.703 +06:00 [INF] Worker running at: "2021-09-28T01:48:02.7030685+06:00"
2021-09-28 01:48:22.714 +06:00 [INF] no file to delete
2021-09-28 01:48:22.714 +06:00 [INF] Worker running at: "2021-09-28T01:48:22.7141516+06:00"
2021-09-28 01:48:42.724 +06:00 [INF] no file to delete
2021-09-28 01:48:42.724 +06:00 [INF] Worker running at: "2021-09-28T01:48:42.7243879+06:00"
2021-09-28 01:49:02.732 +06:00 [INF] no file to delete
2021-09-28 01:49:02.732 +06:00 [INF] Worker running at: "2021-09-28T01:49:02.7322538+06:00"
2021-09-28 01:49:22.744 +06:00 [INF] no file to delete
2021-09-28 01:49:22.744 +06:00 [INF] Worker running at: "2021-09-28T01:49:22.7448781+06:00"
2021-09-28 01:49:42.757 +06:00 [INF] no file to delete
2021-09-28 01:49:42.757 +06:00 [INF] Worker running at: "2021-09-28T01:49:42.7577984+06:00"
2021-09-28 01:50:02.768 +06:00 [INF] no file to delete
2021-09-28 01:50:02.768 +06:00 [INF] Worker running at: "2021-09-28T01:50:02.7684636+06:00"
2021-09-28 01:50:22.807 +06:00 [INF] no file to delete
2021-09-28 01:50:22.807 +06:00 [INF] Worker running at: "2021-09-28T01:50:22.8077379+06:00"
2021-09-28 01:50:42.819 +06:00 [INF] no file to delete
2021-09-28 01:50:42.819 +06:00 [INF] Worker running at: "2021-09-28T01:50:42.8196838+06:00"
2021-09-28 01:51:02.837 +06:00 [INF] no file to delete
2021-09-28 01:51:02.837 +06:00 [INF] Worker running at: "2021-09-28T01:51:02.8373486+06:00"
2021-09-28 01:51:22.847 +06:00 [INF] no file to delete
2021-09-28 01:51:22.847 +06:00 [INF] Worker running at: "2021-09-28T01:51:22.8471814+06:00"
2021-09-28 01:51:42.862 +06:00 [INF] no file to delete
2021-09-28 01:51:42.862 +06:00 [INF] Worker running at: "2021-09-28T01:51:42.8626142+06:00"
2021-09-28 01:52:02.875 +06:00 [INF] no file to delete
2021-09-28 01:52:02.875 +06:00 [INF] Worker running at: "2021-09-28T01:52:02.8753145+06:00"
2021-09-28 01:52:22.881 +06:00 [INF] no file to delete
2021-09-28 01:52:22.881 +06:00 [INF] Worker running at: "2021-09-28T01:52:22.8814178+06:00"
2021-09-28 01:52:42.888 +06:00 [INF] no file to delete
2021-09-28 01:52:42.889 +06:00 [INF] Worker running at: "2021-09-28T01:52:42.8898414+06:00"
2021-09-28 01:53:02.890 +06:00 [INF] no file to delete
2021-09-28 01:53:02.890 +06:00 [INF] Worker running at: "2021-09-28T01:53:02.8906392+06:00"
2021-09-28 01:53:22.897 +06:00 [INF] no file to delete
2021-09-28 01:53:22.897 +06:00 [INF] Worker running at: "2021-09-28T01:53:22.8972969+06:00"
2021-09-28 01:53:42.919 +06:00 [INF] no file to delete
2021-09-28 01:53:42.920 +06:00 [INF] Worker running at: "2021-09-28T01:53:42.9207540+06:00"
2021-09-28 01:54:02.928 +06:00 [INF] no file to delete
2021-09-28 01:54:02.928 +06:00 [INF] Worker running at: "2021-09-28T01:54:02.9289386+06:00"
2021-09-28 01:54:22.931 +06:00 [INF] no file to delete
2021-09-28 01:54:22.931 +06:00 [INF] Worker running at: "2021-09-28T01:54:22.9311919+06:00"
2021-09-28 01:54:42.936 +06:00 [INF] no file to delete
2021-09-28 01:54:42.936 +06:00 [INF] Worker running at: "2021-09-28T01:54:42.9364819+06:00"
2021-09-28 01:55:02.950 +06:00 [INF] no file to delete
2021-09-28 01:55:02.950 +06:00 [INF] Worker running at: "2021-09-28T01:55:02.9507063+06:00"
2021-09-28 01:55:22.960 +06:00 [INF] no file to delete
2021-09-28 01:55:22.960 +06:00 [INF] Worker running at: "2021-09-28T01:55:22.9605263+06:00"
2021-09-28 01:55:42.967 +06:00 [INF] no file to delete
2021-09-28 01:55:42.967 +06:00 [INF] Worker running at: "2021-09-28T01:55:42.9674764+06:00"
2021-09-28 01:56:02.972 +06:00 [INF] no file to delete
2021-09-28 01:56:02.972 +06:00 [INF] Worker running at: "2021-09-28T01:56:02.9729091+06:00"
2021-09-28 01:56:22.983 +06:00 [INF] no file to delete
2021-09-28 01:56:22.983 +06:00 [INF] Worker running at: "2021-09-28T01:56:22.9838278+06:00"
2021-09-28 01:56:42.985 +06:00 [INF] no file to delete
2021-09-28 01:56:42.986 +06:00 [INF] Worker running at: "2021-09-28T01:56:42.9868777+06:00"
2021-09-28 11:30:11.426 +06:00 [INF] Application Starting up
2021-09-28 11:30:13.555 +06:00 [INF] no file to delete
2021-09-28 11:30:13.558 +06:00 [INF] Worker running at: "2021-09-28T11:30:13.5578998+06:00"
2021-09-28 11:30:33.587 +06:00 [INF] no file to delete
2021-09-28 11:30:33.587 +06:00 [INF] Worker running at: "2021-09-28T11:30:33.5873513+06:00"
2021-09-28 11:30:47.787 +06:00 [INF] Application Starting up
2021-09-28 11:30:49.101 +06:00 [INF] no file to delete
2021-09-28 11:30:49.102 +06:00 [INF] Worker running at: "2021-09-28T11:30:49.1021315+06:00"
2021-09-28 11:31:09.116 +06:00 [INF] no file to delete
2021-09-28 11:31:09.116 +06:00 [INF] Worker running at: "2021-09-28T11:31:09.1161896+06:00"
2021-09-28 11:31:29.119 +06:00 [INF] no file to delete
2021-09-28 11:31:29.119 +06:00 [INF] Worker running at: "2021-09-28T11:31:29.1195168+06:00"
2021-09-28 11:31:49.137 +06:00 [INF] no file to delete
2021-09-28 11:31:49.137 +06:00 [INF] Worker running at: "2021-09-28T11:31:49.1378278+06:00"
2021-09-28 11:32:37.272 +06:00 [INF] Application Starting up
2021-09-28 11:32:38.722 +06:00 [INF] no file to delete
2021-09-28 11:32:38.723 +06:00 [INF] Worker running at: "2021-09-28T11:32:38.7230903+06:00"
2021-09-28 11:32:58.745 +06:00 [INF] no file to delete
2021-09-28 11:32:58.745 +06:00 [INF] Worker running at: "2021-09-28T11:32:58.7451416+06:00"
2021-09-28 11:33:18.758 +06:00 [INF] no file to delete
2021-09-28 11:33:18.758 +06:00 [INF] Worker running at: "2021-09-28T11:33:18.7586822+06:00"
2021-09-28 11:33:38.782 +06:00 [INF] no file to delete
2021-09-28 11:33:38.782 +06:00 [INF] Worker running at: "2021-09-28T11:33:38.7824567+06:00"
2021-09-28 11:33:58.801 +06:00 [INF] no file to delete
2021-09-28 11:33:58.801 +06:00 [INF] Worker running at: "2021-09-28T11:33:58.8015460+06:00"
2021-09-28 11:34:18.814 +06:00 [INF] no file to delete
2021-09-28 11:34:18.814 +06:00 [INF] Worker running at: "2021-09-28T11:34:18.8142141+06:00"
2021-09-28 11:34:38.843 +06:00 [INF] no file to delete
2021-09-28 11:34:38.843 +06:00 [INF] Worker running at: "2021-09-28T11:34:38.8439481+06:00"
2021-09-28 11:34:58.856 +06:00 [INF] no file to delete
2021-09-28 11:34:58.856 +06:00 [INF] Worker running at: "2021-09-28T11:34:58.8565551+06:00"
2021-09-28 11:35:18.861 +06:00 [INF] no file to delete
2021-09-28 11:35:18.861 +06:00 [INF] Worker running at: "2021-09-28T11:35:18.8619344+06:00"
2021-09-28 11:35:38.887 +06:00 [INF] no file to delete
2021-09-28 11:35:38.888 +06:00 [INF] Worker running at: "2021-09-28T11:35:38.8875493+06:00"
2021-09-28 11:35:58.899 +06:00 [INF] no file to delete
2021-09-28 11:35:58.899 +06:00 [INF] Worker running at: "2021-09-28T11:35:58.8993449+06:00"
2021-09-28 11:36:18.903 +06:00 [INF] no file to delete
2021-09-28 11:36:18.903 +06:00 [INF] Worker running at: "2021-09-28T11:36:18.9031828+06:00"
2021-09-28 11:36:38.920 +06:00 [INF] no file to delete
2021-09-28 11:36:38.920 +06:00 [INF] Worker running at: "2021-09-28T11:36:38.9201067+06:00"
2021-09-28 11:36:58.931 +06:00 [INF] no file to delete
2021-09-28 11:36:58.931 +06:00 [INF] Worker running at: "2021-09-28T11:36:58.9318590+06:00"
2021-09-28 11:37:18.936 +06:00 [INF] no file to delete
2021-09-28 11:37:18.936 +06:00 [INF] Worker running at: "2021-09-28T11:37:18.9368672+06:00"
2021-09-28 11:37:38.948 +06:00 [INF] no file to delete
2021-09-28 11:37:38.948 +06:00 [INF] Worker running at: "2021-09-28T11:37:38.9489263+06:00"
2021-09-28 11:37:58.964 +06:00 [INF] no file to delete
2021-09-28 11:37:58.964 +06:00 [INF] Worker running at: "2021-09-28T11:37:58.9643570+06:00"
2021-09-28 11:38:18.980 +06:00 [INF] no file to delete
2021-09-28 11:38:18.980 +06:00 [INF] Worker running at: "2021-09-28T11:38:18.9804466+06:00"
2021-09-28 11:38:38.997 +06:00 [INF] no file to delete
2021-09-28 11:38:38.999 +06:00 [INF] Worker running at: "2021-09-28T11:38:38.9990927+06:00"
2021-09-28 11:38:59.041 +06:00 [INF] no file to delete
2021-09-28 11:38:59.041 +06:00 [INF] Worker running at: "2021-09-28T11:38:59.0419371+06:00"
2021-09-28 11:39:19.050 +06:00 [INF] no file to delete
2021-09-28 11:39:19.050 +06:00 [INF] Worker running at: "2021-09-28T11:39:19.0505122+06:00"
2021-09-28 11:39:39.069 +06:00 [INF] no file to delete
2021-09-28 11:39:39.070 +06:00 [INF] Worker running at: "2021-09-28T11:39:39.0700125+06:00"
2021-09-28 12:00:33.704 +06:00 [INF] Application Starting up
2021-09-28 12:00:35.155 +06:00 [INF] no file to delete
2021-09-28 12:00:35.157 +06:00 [INF] Worker running at: "2021-09-28T12:00:35.1566169+06:00"
2021-09-28 12:00:55.180 +06:00 [INF] no file to delete
2021-09-28 12:00:55.180 +06:00 [INF] Worker running at: "2021-09-28T12:00:55.1808739+06:00"
2021-09-28 12:01:15.195 +06:00 [INF] no file to delete
2021-09-28 12:01:15.195 +06:00 [INF] Worker running at: "2021-09-28T12:01:15.1957372+06:00"
2021-09-28 12:01:35.208 +06:00 [INF] no file to delete
2021-09-28 12:01:35.208 +06:00 [INF] Worker running at: "2021-09-28T12:01:35.2088947+06:00"
2021-09-28 12:01:55.213 +06:00 [INF] no file to delete
2021-09-28 12:01:55.213 +06:00 [INF] Worker running at: "2021-09-28T12:01:55.2136371+06:00"
2021-09-28 12:02:15.224 +06:00 [INF] no file to delete
2021-09-28 12:02:15.224 +06:00 [INF] Worker running at: "2021-09-28T12:02:15.2246607+06:00"
2021-09-28 12:02:35.238 +06:00 [INF] no file to delete
2021-09-28 12:02:35.239 +06:00 [INF] Worker running at: "2021-09-28T12:02:35.2390603+06:00"
2021-09-28 12:02:55.256 +06:00 [INF] no file to delete
2021-09-28 12:02:55.256 +06:00 [INF] Worker running at: "2021-09-28T12:02:55.2568403+06:00"
2021-09-28 12:03:15.266 +06:00 [INF] no file to delete
2021-09-28 12:03:15.267 +06:00 [INF] Worker running at: "2021-09-28T12:03:15.2670152+06:00"
2021-09-28 12:03:35.289 +06:00 [INF] no file to delete
2021-09-28 12:03:35.289 +06:00 [INF] Worker running at: "2021-09-28T12:03:35.2895960+06:00"
2021-09-28 12:03:55.291 +06:00 [INF] no file to delete
2021-09-28 12:03:55.291 +06:00 [INF] Worker running at: "2021-09-28T12:03:55.2910976+06:00"
2021-09-28 12:04:15.301 +06:00 [INF] no file to delete
2021-09-28 12:04:15.301 +06:00 [INF] Worker running at: "2021-09-28T12:04:15.3018039+06:00"
2021-09-28 12:04:35.318 +06:00 [INF] no file to delete
2021-09-28 12:04:35.318 +06:00 [INF] Worker running at: "2021-09-28T12:04:35.3183891+06:00"
2021-09-28 12:04:55.330 +06:00 [INF] no file to delete
2021-09-28 12:04:55.331 +06:00 [INF] Worker running at: "2021-09-28T12:04:55.3309398+06:00"
2021-09-28 12:05:15.376 +06:00 [INF] no file to delete
2021-09-28 12:05:15.376 +06:00 [INF] Worker running at: "2021-09-28T12:05:15.3766377+06:00"
2021-09-28 12:05:35.401 +06:00 [INF] no file to delete
2021-09-28 12:05:35.401 +06:00 [INF] Worker running at: "2021-09-28T12:05:35.4011262+06:00"
2021-09-28 12:05:55.419 +06:00 [INF] no file to delete
2021-09-28 12:05:55.419 +06:00 [INF] Worker running at: "2021-09-28T12:05:55.4196717+06:00"
2021-09-28 12:06:15.425 +06:00 [INF] no file to delete
2021-09-28 12:06:15.425 +06:00 [INF] Worker running at: "2021-09-28T12:06:15.4256513+06:00"
2021-09-28 12:06:35.440 +06:00 [INF] no file to delete
2021-09-28 12:06:35.440 +06:00 [INF] Worker running at: "2021-09-28T12:06:35.4406684+06:00"
2021-09-28 12:06:55.462 +06:00 [INF] no file to delete
2021-09-28 12:06:55.462 +06:00 [INF] Worker running at: "2021-09-28T12:06:55.4622314+06:00"
2021-09-28 12:07:15.479 +06:00 [INF] no file to delete
2021-09-28 12:07:15.479 +06:00 [INF] Worker running at: "2021-09-28T12:07:15.4799503+06:00"
2021-09-28 12:07:35.490 +06:00 [INF] no file to delete
2021-09-28 12:07:35.490 +06:00 [INF] Worker running at: "2021-09-28T12:07:35.4901309+06:00"
2021-09-28 12:07:55.503 +06:00 [INF] no file to delete
2021-09-28 12:07:55.503 +06:00 [INF] Worker running at: "2021-09-28T12:07:55.5038982+06:00"
2021-09-28 12:08:15.515 +06:00 [INF] no file to delete
2021-09-28 12:08:15.515 +06:00 [INF] Worker running at: "2021-09-28T12:08:15.5157868+06:00"
2021-09-28 12:08:35.529 +06:00 [INF] no file to delete
2021-09-28 12:08:35.529 +06:00 [INF] Worker running at: "2021-09-28T12:08:35.5294829+06:00"
2021-09-28 12:08:55.544 +06:00 [INF] no file to delete
2021-09-28 12:08:55.544 +06:00 [INF] Worker running at: "2021-09-28T12:08:55.5441717+06:00"
2021-09-28 12:09:15.551 +06:00 [INF] no file to delete
2021-09-28 12:09:15.551 +06:00 [INF] Worker running at: "2021-09-28T12:09:15.5513535+06:00"
2021-09-28 12:09:35.553 +06:00 [INF] no file to delete
2021-09-28 12:09:35.555 +06:00 [INF] Worker running at: "2021-09-28T12:09:35.5550808+06:00"
2021-09-28 12:09:55.569 +06:00 [INF] no file to delete
2021-09-28 12:09:55.570 +06:00 [INF] Worker running at: "2021-09-28T12:09:55.5700294+06:00"
2021-09-28 12:10:15.579 +06:00 [INF] no file to delete
2021-09-28 12:10:15.579 +06:00 [INF] Worker running at: "2021-09-28T12:10:15.5793356+06:00"
2021-09-28 12:10:35.599 +06:00 [INF] no file to delete
2021-09-28 12:10:35.599 +06:00 [INF] Worker running at: "2021-09-28T12:10:35.5993311+06:00"
2021-09-28 12:10:55.604 +06:00 [INF] no file to delete
2021-09-28 12:10:55.604 +06:00 [INF] Worker running at: "2021-09-28T12:10:55.6044473+06:00"
2021-09-28 12:11:15.613 +06:00 [INF] no file to delete
2021-09-28 12:11:15.613 +06:00 [INF] Worker running at: "2021-09-28T12:11:15.6132026+06:00"
2021-09-28 12:11:35.626 +06:00 [INF] no file to delete
2021-09-28 12:11:35.627 +06:00 [INF] Worker running at: "2021-09-28T12:11:35.6279069+06:00"
2021-09-28 12:11:55.634 +06:00 [INF] no file to delete
2021-09-28 12:11:55.634 +06:00 [INF] Worker running at: "2021-09-28T12:11:55.6347268+06:00"
2021-09-28 12:12:15.644 +06:00 [INF] no file to delete
2021-09-28 12:12:15.644 +06:00 [INF] Worker running at: "2021-09-28T12:12:15.6444899+06:00"
2021-09-28 12:12:35.660 +06:00 [INF] no file to delete
2021-09-28 12:12:35.660 +06:00 [INF] Worker running at: "2021-09-28T12:12:35.6602961+06:00"
2021-09-28 16:14:30.138 +06:00 [INF] Application Starting up
2021-09-28 16:14:30.813 +06:00 [FTL] Application start-up failed
Autofac.Core.DependencyResolutionException: An exception was thrown while activating λ:Microsoft.Extensions.Hosting.IHostedService[] -> DataImporter.ImportWorker.Worker -> DataImporter.Info.Services.DataImporterService.
 ---> Autofac.Core.DependencyResolutionException: None of the constructors found with 'Autofac.Core.Activators.Reflection.DefaultConstructorFinder' on type 'DataImporter.Info.Services.DataImporterService' can be invoked with the available services and parameters:
Cannot resolve parameter 'DataImporter.Common.Utility.IDatetimeUtility iDatetimeUtility' of constructor 'Void .ctor(DataImporter.Info.UnitOfWorks.IDataUnitOfWork, DataImporter.Common.Utility.IDatetimeUtility)'.
   at Autofac.Core.Activators.Reflection.ReflectionActivator.GetAllBindings(ConstructorBinder[] availableConstructors, IComponentContext context, IEnumerable`1 parameters)
   at Autofac.Core.Activators.Reflection.ReflectionActivator.ActivateInstance(IComponentContext context, IEnumerable`1 parameters)
   at Autofac.Core.Activators.Reflection.ReflectionActivator.<ConfigurePipeline>b__11_0(ResolveRequestContext ctxt, Action`1 next)
   at Autofac.Core.Resolving.Middleware.DelegateMiddleware.Execute(ResolveRequestContext context, Action`1 next)
   at Autofac.Core.Resolving.Pipeline.ResolvePipelineBuilder.<>c__DisplayClass14_0.<BuildPipeline>b__1(ResolveRequestContext ctxt)
   at Autofac.Core.Resolving.Middleware.DisposalTrackingMiddleware.Execute(ResolveRequestContext context, Action`1 next)
   at Autofac.Core.Resolving.Pipeline.ResolvePipelineBuilder.<>c__DisplayClass14_0.<BuildPipeline>b__1(ResolveRequestContext ctxt)
   at Autofac.Core.Resolving.Middleware.ActivatorErrorHandlingMiddleware.Execute(ResolveRequestContext context, Action`1 next)
   --- End of inner exception stack trace ---
   at Autofac.Core.Resolving.Middleware.ActivatorErrorHandlingMiddleware.Execute(ResolveRequestContext context, Action`1 next)
   at Autofac.Core.Resolving.Pipeline.ResolvePipelineBuilder.<>c__DisplayClass14_0.<BuildPipeline>b__1(ResolveRequestContext ctxt)
   at Autofac.Core.Pipeline.ResolvePipeline.Invoke(ResolveRequestContext ctxt)
   at Autofac.Core.Resolving.Middleware.RegistrationPipelineInvokeMiddleware.Execute(ResolveRequestContext context, Action`1 next)
   at Autofac.Core.Resolving.Pipeline.ResolvePipelineBuilder.<>c__DisplayClass14_0.<BuildPipeline>b__1(ResolveRequestContext ctxt)
   at Autofac.Core.Resolving.Middleware.SharingMiddleware.Execute(ResolveRequestContext context, Action`1 next)
   at Autofac.Core.Resolving.Pipeline.ResolvePipelineBuilder.<>c__DisplayClass14_0.<BuildPipeline>b__1(ResolveRequestContext ctxt)
   at Autofac.Core.Resolving.Pipeline.ResolvePipelineBuilder.<>c__DisplayClass14_0.<BuildPipeline>b__1(ResolveRequestContext ctxt)
   at Autofac.Core.Resolving.Middleware.CircularDependencyDetectorMiddleware.Execute(ResolveRequestContext context, Action`1 next)
   at Autofac.Core.Resolving.Pipeline.ResolvePipelineBuilder.<>c__DisplayClass14_0.<BuildPipeline>b__1(ResolveRequestContext ctxt)
   at Autofac.Core.Pipeline.ResolvePipeline.Invoke(ResolveRequestContext ctxt)
   at Autofac.Core.Resolving.ResolveOperation.GetOrCreateInstance(ISharingLifetimeScope currentOperationScope, ResolveRequest request)
   at Autofac.Core.Resolving.ResolveOperation.ExecuteOperation(ResolveRequest request)
   at Autofac.Core.Resolving.ResolveOperation.Execute(ResolveRequest request)
   at Autofac.Core.Lifetime.LifetimeScope.ResolveComponent(ResolveRequest request)
   at Autofac.ResolutionExtensions.TryResolveService(IComponentContext context, Service service, IEnumerable`1 parameters, Object& instance)
   at Autofac.ResolutionExtensions.ResolveOptionalService(IComponentContext context, Service service, IEnumerable`1 parameters)
   at Autofac.ResolutionExtensions.ResolveOptional(IComponentContext context, Type serviceType, IEnumerable`1 parameters)
   at Autofac.ResolutionExtensions.ResolveOptional(IComponentContext context, Type serviceType)
   at Autofac.Extensions.DependencyInjection.AutofacServiceProvider.GetService(Type serviceType)
   at Microsoft.Extensions.DependencyInjection.ServiceProviderServiceExtensions.GetService[T](IServiceProvider provider)
   at Microsoft.Extensions.Hosting.Internal.Host.StartAsync(CancellationToken cancellationToken)
   at Microsoft.Extensions.Hosting.HostingAbstractionsHostExtensions.RunAsync(IHost host, CancellationToken token)
   at Microsoft.Extensions.Hosting.HostingAbstractionsHostExtensions.RunAsync(IHost host, CancellationToken token)
   at Microsoft.Extensions.Hosting.HostingAbstractionsHostExtensions.Run(IHost host)
   at DataImporter.ImportWorker.Program.Main(String[] args) in D:\#FinalProject\3\DataImporter.ImportWorker\Program.cs:line 47
2021-09-28 16:34:39.566 +06:00 [INF] Application Starting up
2021-09-28 16:34:46.356 +06:00 [INF] no file to delete
2021-09-28 16:34:46.357 +06:00 [INF] Worker running at: "2021-09-28T16:34:46.3569929+06:00"
2021-09-28 16:35:06.384 +06:00 [INF] no file to delete
2021-09-28 16:35:06.384 +06:00 [INF] Worker running at: "2021-09-28T16:35:06.3849212+06:00"
2021-09-28 16:35:26.394 +06:00 [INF] no file to delete
2021-09-28 16:35:26.394 +06:00 [INF] Worker running at: "2021-09-28T16:35:26.3942104+06:00"
2021-09-28 16:35:46.435 +06:00 [INF] no file to delete
2021-09-28 16:35:46.435 +06:00 [INF] Worker running at: "2021-09-28T16:35:46.4358340+06:00"
2021-09-28 16:36:06.449 +06:00 [INF] no file to delete
2021-09-28 16:36:06.449 +06:00 [INF] Worker running at: "2021-09-28T16:36:06.4495679+06:00"
2021-09-28 16:36:26.458 +06:00 [INF] no file to delete
2021-09-28 16:36:26.458 +06:00 [INF] Worker running at: "2021-09-28T16:36:26.4581704+06:00"
2021-09-28 16:36:46.476 +06:00 [INF] no file to delete
2021-09-28 16:36:46.476 +06:00 [INF] Worker running at: "2021-09-28T16:36:46.4763946+06:00"
2021-09-28 16:37:08.839 +06:00 [INF] no file to delete
2021-09-28 16:37:08.839 +06:00 [INF] Worker running at: "2021-09-28T16:37:08.8394565+06:00"
2021-09-28 16:37:28.880 +06:00 [INF] no file to delete
2021-09-28 16:37:28.880 +06:00 [INF] Worker running at: "2021-09-28T16:37:28.8806970+06:00"
2021-09-28 16:37:48.891 +06:00 [INF] no file to delete
2021-09-28 16:37:48.891 +06:00 [INF] Worker running at: "2021-09-28T16:37:48.8917279+06:00"
2021-09-28 16:38:08.911 +06:00 [INF] no file to delete
2021-09-28 16:38:08.911 +06:00 [INF] Worker running at: "2021-09-28T16:38:08.9116313+06:00"
2021-09-28 16:38:25.848 +06:00 [INF] Application Starting up
2021-09-28 16:38:47.228 +06:00 [INF] Application Starting up
2021-09-28 16:38:48.679 +06:00 [INF] no file to delete
2021-09-28 16:38:48.680 +06:00 [INF] Worker running at: "2021-09-28T16:38:48.6801128+06:00"
2021-09-28 16:39:08.693 +06:00 [INF] no file to delete
2021-09-28 16:39:08.693 +06:00 [INF] Worker running at: "2021-09-28T16:39:08.6937492+06:00"
2021-09-28 16:40:27.744 +06:00 [INF] Application Starting up
2021-09-28 16:40:29.253 +06:00 [INF] no file to delete
2021-09-28 16:40:29.255 +06:00 [INF] Worker running at: "2021-09-28T16:40:29.2546146+06:00"
2021-09-28 16:40:49.276 +06:00 [INF] no file to delete
2021-09-28 16:40:49.276 +06:00 [INF] Worker running at: "2021-09-28T16:40:49.2765771+06:00"
2021-09-28 16:41:39.542 +06:00 [INF] Application Starting up
2021-09-28 16:41:41.031 +06:00 [INF] no file to delete
2021-09-28 16:41:41.033 +06:00 [INF] Worker running at: "2021-09-28T16:41:41.0330686+06:00"
2021-09-28 16:42:01.052 +06:00 [INF] no file to delete
2021-09-28 16:42:01.052 +06:00 [INF] Worker running at: "2021-09-28T16:42:01.0528487+06:00"
2021-09-28 16:43:25.484 +06:00 [INF] Application Starting up
2021-09-28 16:43:27.008 +06:00 [INF] no file to delete
2021-09-28 16:43:27.010 +06:00 [INF] Worker running at: "2021-09-28T16:43:27.0098762+06:00"
2021-09-28 16:43:47.029 +06:00 [INF] no file to delete
2021-09-28 16:43:47.029 +06:00 [INF] Worker running at: "2021-09-28T16:43:47.0297874+06:00"
2021-09-28 16:44:23.280 +06:00 [INF] no file to delete
2021-09-28 16:44:23.280 +06:00 [INF] Worker running at: "2021-09-28T16:44:23.2809189+06:00"
2021-09-28 16:44:43.296 +06:00 [INF] no file to delete
2021-09-28 16:44:43.296 +06:00 [INF] Worker running at: "2021-09-28T16:44:43.2963659+06:00"
2021-09-28 16:45:03.307 +06:00 [INF] no file to delete
2021-09-28 16:45:03.308 +06:00 [INF] Worker running at: "2021-09-28T16:45:03.3079821+06:00"
2021-09-28 16:45:23.320 +06:00 [INF] no file to delete
2021-09-28 16:45:23.320 +06:00 [INF] Worker running at: "2021-09-28T16:45:23.3203611+06:00"
2021-09-28 16:45:43.324 +06:00 [INF] no file to delete
2021-09-28 16:45:43.324 +06:00 [INF] Worker running at: "2021-09-28T16:45:43.3249511+06:00"
2021-09-28 16:46:03.340 +06:00 [INF] no file to delete
2021-09-28 16:46:03.340 +06:00 [INF] Worker running at: "2021-09-28T16:46:03.3409755+06:00"
2021-09-28 16:46:21.846 +06:00 [INF] Application Starting up
2021-09-28 16:46:23.419 +06:00 [INF] no file to delete
2021-09-28 16:46:23.420 +06:00 [INF] Worker running at: "2021-09-28T16:46:23.4204041+06:00"
2021-09-28 16:46:43.441 +06:00 [INF] no file to delete
2021-09-28 16:46:43.441 +06:00 [INF] Worker running at: "2021-09-28T16:46:43.4415842+06:00"
2021-09-28 16:47:03.464 +06:00 [INF] no file to delete
2021-09-28 16:47:03.464 +06:00 [INF] Worker running at: "2021-09-28T16:47:03.4649624+06:00"
2021-09-28 16:48:16.845 +06:00 [INF] no file to delete
2021-09-28 16:48:16.845 +06:00 [INF] Worker running at: "2021-09-28T16:48:16.8451679+06:00"
2021-09-28 16:48:25.453 +06:00 [INF] Application Starting up
2021-09-28 16:48:26.937 +06:00 [INF] no file to delete
2021-09-28 16:48:26.939 +06:00 [INF] Worker running at: "2021-09-28T16:48:26.9385326+06:00"
2021-09-28 16:48:46.965 +06:00 [INF] no file to delete
2021-09-28 16:48:46.965 +06:00 [INF] Worker running at: "2021-09-28T16:48:46.9651749+06:00"
2021-09-28 16:49:12.642 +06:00 [INF] Application Starting up
2021-09-28 16:49:23.174 +06:00 [INF] Application Starting up
2021-09-28 16:49:24.588 +06:00 [INF] no file to delete
2021-09-28 16:49:24.590 +06:00 [INF] Worker running at: "2021-09-28T16:49:24.5899071+06:00"
2021-09-28 16:49:44.601 +06:00 [INF] no file to delete
2021-09-28 16:49:44.601 +06:00 [INF] Worker running at: "2021-09-28T16:49:44.6016353+06:00"
2021-09-28 16:54:07.386 +06:00 [INF] Application Starting up
2021-09-28 16:54:08.808 +06:00 [INF] no file to delete
2021-09-28 16:54:08.810 +06:00 [INF] Worker running at: "2021-09-28T16:54:08.8097848+06:00"
2021-09-28 16:54:28.838 +06:00 [INF] no file to delete
2021-09-28 16:54:28.838 +06:00 [INF] Worker running at: "2021-09-28T16:54:28.8384981+06:00"
2021-09-28 16:54:52.627 +06:00 [INF] no file to delete
2021-09-28 16:54:52.627 +06:00 [INF] Worker running at: "2021-09-28T16:54:52.6276163+06:00"
2021-09-28 17:12:56.616 +06:00 [INF] Application Starting up
2021-09-28 17:12:58.730 +06:00 [INF] no file to delete
2021-09-28 17:12:58.732 +06:00 [INF] Worker running at: "2021-09-28T17:12:58.7315062+06:00"
2021-09-28 17:13:18.755 +06:00 [INF] no file to delete
2021-09-28 17:13:18.755 +06:00 [INF] Worker running at: "2021-09-28T17:13:18.7554860+06:00"
2021-09-28 17:13:38.763 +06:00 [INF] no file to delete
2021-09-28 17:13:38.763 +06:00 [INF] Worker running at: "2021-09-28T17:13:38.7636305+06:00"
2021-09-28 17:13:58.778 +06:00 [INF] no file to delete
2021-09-28 17:13:58.778 +06:00 [INF] Worker running at: "2021-09-28T17:13:58.7784756+06:00"
2021-09-28 17:14:19.028 +06:00 [INF] Deleted 
2021-09-28 17:14:19.028 +06:00 [INF] Worker running at: "2021-09-28T17:14:19.0285338+06:00"
2021-09-28 17:14:39.111 +06:00 [INF] Deleted 
2021-09-28 17:14:39.112 +06:00 [INF] Worker running at: "2021-09-28T17:14:39.1120843+06:00"
2021-09-28 17:14:59.126 +06:00 [INF] no file to delete
2021-09-28 17:14:59.126 +06:00 [INF] Worker running at: "2021-09-28T17:14:59.1267118+06:00"
2021-09-28 17:15:20.097 +06:00 [INF] no file to delete
2021-09-28 17:15:20.097 +06:00 [INF] Worker running at: "2021-09-28T17:15:20.0973415+06:00"
2021-09-28 17:15:52.882 +06:00 [INF] no file to delete
2021-09-28 17:15:52.882 +06:00 [INF] Worker running at: "2021-09-28T17:15:52.8820923+06:00"
2021-09-28 17:16:43.147 +06:00 [INF] Application Starting up
2021-09-28 17:16:44.645 +06:00 [INF] no file to delete
2021-09-28 17:16:44.646 +06:00 [INF] Worker running at: "2021-09-28T17:16:44.6464030+06:00"
2021-09-28 17:20:34.532 +06:00 [INF] Application Starting up
2021-09-28 17:20:35.971 +06:00 [INF] no file to delete
2021-09-28 17:20:35.972 +06:00 [INF] Worker running at: "2021-09-28T17:20:35.9723669+06:00"
2021-09-28 17:20:55.983 +06:00 [INF] no file to delete
2021-09-28 17:20:55.983 +06:00 [INF] Worker running at: "2021-09-28T17:20:55.9831105+06:00"
2021-09-28 17:21:15.994 +06:00 [INF] no file to delete
2021-09-28 17:21:15.994 +06:00 [INF] Worker running at: "2021-09-28T17:21:15.9947381+06:00"
2021-09-28 17:21:36.249 +06:00 [INF] Deleted 
2021-09-28 17:21:36.249 +06:00 [INF] Worker running at: "2021-09-28T17:21:36.2492242+06:00"
2021-09-28 17:21:56.253 +06:00 [INF] no file to delete
2021-09-28 17:21:56.253 +06:00 [INF] Worker running at: "2021-09-28T17:21:56.2538470+06:00"
2021-09-28 17:22:16.268 +06:00 [INF] no file to delete
2021-09-28 17:22:16.268 +06:00 [INF] Worker running at: "2021-09-28T17:22:16.2681149+06:00"
2021-09-28 17:22:36.285 +06:00 [INF] no file to delete
2021-09-28 17:22:36.285 +06:00 [INF] Worker running at: "2021-09-28T17:22:36.2858909+06:00"
2021-09-28 17:22:56.296 +06:00 [INF] no file to delete
2021-09-28 17:22:56.296 +06:00 [INF] Worker running at: "2021-09-28T17:22:56.2961961+06:00"
2021-09-28 17:23:20.630 +06:00 [INF] Application Starting up
2021-09-28 17:23:22.193 +06:00 [INF] no file to delete
2021-09-28 17:23:22.195 +06:00 [INF] Worker running at: "2021-09-28T17:23:22.1947038+06:00"
2021-09-28 17:23:42.217 +06:00 [INF] no file to delete
2021-09-28 17:23:42.217 +06:00 [INF] Worker running at: "2021-09-28T17:23:42.2174602+06:00"
2021-09-28 17:24:02.222 +06:00 [INF] no file to delete
2021-09-28 17:24:02.222 +06:00 [INF] Worker running at: "2021-09-28T17:24:02.2221352+06:00"
2021-09-28 17:34:41.996 +06:00 [INF] Application Starting up
2021-09-28 17:34:43.621 +06:00 [INF] no file to delete
2021-09-28 17:34:43.623 +06:00 [INF] Worker running at: "2021-09-28T17:34:43.6228411+06:00"
2021-09-28 17:35:03.641 +06:00 [INF] no file to delete
2021-09-28 17:35:03.641 +06:00 [INF] Worker running at: "2021-09-28T17:35:03.6412681+06:00"
2021-09-28 17:35:23.661 +06:00 [INF] no file to delete
2021-09-28 17:35:23.661 +06:00 [INF] Worker running at: "2021-09-28T17:35:23.6616657+06:00"
2021-09-28 17:35:43.887 +06:00 [INF] Deleted 
2021-09-28 17:35:43.887 +06:00 [INF] Worker running at: "2021-09-28T17:35:43.8878700+06:00"
2021-09-28 17:36:03.901 +06:00 [INF] no file to delete
2021-09-28 17:36:03.901 +06:00 [INF] Worker running at: "2021-09-28T17:36:03.9018057+06:00"
2021-09-28 17:36:23.903 +06:00 [INF] no file to delete
2021-09-28 17:36:23.903 +06:00 [INF] Worker running at: "2021-09-28T17:36:23.9033517+06:00"
2021-09-28 17:36:43.915 +06:00 [INF] no file to delete
2021-09-28 17:36:43.916 +06:00 [INF] Worker running at: "2021-09-28T17:36:43.9160084+06:00"
2021-09-28 17:37:03.926 +06:00 [INF] no file to delete
2021-09-28 17:37:03.926 +06:00 [INF] Worker running at: "2021-09-28T17:37:03.9263401+06:00"
2021-09-28 17:37:23.945 +06:00 [INF] no file to delete
2021-09-28 17:37:23.945 +06:00 [INF] Worker running at: "2021-09-28T17:37:23.9458511+06:00"
2021-09-28 17:37:43.966 +06:00 [INF] no file to delete
2021-09-28 17:37:43.966 +06:00 [INF] Worker running at: "2021-09-28T17:37:43.9664534+06:00"
2021-09-28 17:38:03.973 +06:00 [INF] no file to delete
2021-09-28 17:38:03.973 +06:00 [INF] Worker running at: "2021-09-28T17:38:03.9738818+06:00"
2021-09-28 17:38:23.988 +06:00 [INF] no file to delete
2021-09-28 17:38:23.988 +06:00 [INF] Worker running at: "2021-09-28T17:38:23.9889231+06:00"
2021-09-28 17:38:44.003 +06:00 [INF] no file to delete
2021-09-28 17:38:44.004 +06:00 [INF] Worker running at: "2021-09-28T17:38:44.0040206+06:00"
2021-09-28 17:39:04.052 +06:00 [INF] no file to delete
2021-09-28 17:39:04.052 +06:00 [INF] Worker running at: "2021-09-28T17:39:04.0521270+06:00"
2021-09-28 17:39:24.069 +06:00 [INF] no file to delete
2021-09-28 17:39:24.069 +06:00 [INF] Worker running at: "2021-09-28T17:39:24.0699166+06:00"
2021-09-28 17:39:44.083 +06:00 [INF] no file to delete
2021-09-28 17:39:44.083 +06:00 [INF] Worker running at: "2021-09-28T17:39:44.0839250+06:00"
2021-09-28 17:40:04.095 +06:00 [INF] no file to delete
2021-09-28 17:40:04.095 +06:00 [INF] Worker running at: "2021-09-28T17:40:04.0953089+06:00"
2021-09-28 17:40:24.110 +06:00 [INF] no file to delete
2021-09-28 17:40:24.110 +06:00 [INF] Worker running at: "2021-09-28T17:40:24.1103990+06:00"
2021-09-28 17:40:44.129 +06:00 [INF] no file to delete
2021-09-28 17:40:44.129 +06:00 [INF] Worker running at: "2021-09-28T17:40:44.1295301+06:00"
2021-09-28 17:41:04.147 +06:00 [INF] no file to delete
2021-09-28 17:41:04.147 +06:00 [INF] Worker running at: "2021-09-28T17:41:04.1473615+06:00"
2021-09-28 17:41:24.163 +06:00 [INF] no file to delete
2021-09-28 17:41:24.163 +06:00 [INF] Worker running at: "2021-09-28T17:41:24.1630827+06:00"
2021-09-28 17:41:44.171 +06:00 [INF] no file to delete
2021-09-28 17:41:44.203 +06:00 [INF] Worker running at: "2021-09-28T17:41:44.2033768+06:00"
2021-09-28 17:42:04.209 +06:00 [INF] no file to delete
2021-09-28 17:42:04.209 +06:00 [INF] Worker running at: "2021-09-28T17:42:04.2096869+06:00"
2021-09-28 17:42:24.217 +06:00 [INF] no file to delete
2021-09-28 17:42:24.217 +06:00 [INF] Worker running at: "2021-09-28T17:42:24.2171601+06:00"
2021-09-28 17:42:44.225 +06:00 [INF] no file to delete
2021-09-28 17:42:44.226 +06:00 [INF] Worker running at: "2021-09-28T17:42:44.2264567+06:00"
2021-09-28 17:43:04.235 +06:00 [INF] no file to delete
2021-09-28 17:43:04.235 +06:00 [INF] Worker running at: "2021-09-28T17:43:04.2356664+06:00"
2021-09-28 18:00:11.287 +06:00 [INF] Application Starting up
2021-09-28 18:00:13.238 +06:00 [INF] no file to delete
2021-09-28 18:00:13.239 +06:00 [INF] Worker running at: "2021-09-28T18:00:13.2394262+06:00"
2021-09-28 18:00:33.264 +06:00 [INF] no file to delete
2021-09-28 18:00:33.264 +06:00 [INF] Worker running at: "2021-09-28T18:00:33.2643852+06:00"
2021-09-28 18:00:53.265 +06:00 [INF] no file to delete
2021-09-28 18:00:53.266 +06:00 [INF] Worker running at: "2021-09-28T18:00:53.2660614+06:00"
2021-09-28 18:01:13.284 +06:00 [INF] no file to delete
2021-09-28 18:01:13.285 +06:00 [INF] Worker running at: "2021-09-28T18:01:13.2857489+06:00"
2021-09-28 18:01:33.482 +06:00 [INF] Deleted 
2021-09-28 18:01:33.482 +06:00 [INF] Worker running at: "2021-09-28T18:01:33.4826931+06:00"
2021-09-28 18:01:53.497 +06:00 [INF] no file to delete
2021-09-28 18:01:53.497 +06:00 [INF] Worker running at: "2021-09-28T18:01:53.4975936+06:00"
2021-09-28 18:02:13.516 +06:00 [INF] no file to delete
2021-09-28 18:02:13.516 +06:00 [INF] Worker running at: "2021-09-28T18:02:13.5162784+06:00"
2021-09-28 18:02:33.519 +06:00 [INF] no file to delete
2021-09-28 18:02:33.519 +06:00 [INF] Worker running at: "2021-09-28T18:02:33.5192058+06:00"
2021-09-28 18:02:53.526 +06:00 [INF] no file to delete
2021-09-28 18:02:53.526 +06:00 [INF] Worker running at: "2021-09-28T18:02:53.5261512+06:00"
2021-09-28 18:03:13.537 +06:00 [INF] no file to delete
2021-09-28 18:03:13.537 +06:00 [INF] Worker running at: "2021-09-28T18:03:13.5371678+06:00"
2021-09-28 18:03:33.548 +06:00 [INF] no file to delete
2021-09-28 18:03:33.548 +06:00 [INF] Worker running at: "2021-09-28T18:03:33.5488241+06:00"
2021-09-28 18:03:53.559 +06:00 [INF] no file to delete
2021-09-28 18:03:53.560 +06:00 [INF] Worker running at: "2021-09-28T18:03:53.5600346+06:00"
2021-09-28 18:14:48.844 +06:00 [INF] Application Starting up
2021-09-28 18:14:50.681 +06:00 [INF] no file to delete
2021-09-28 18:14:50.683 +06:00 [INF] Worker running at: "2021-09-28T18:14:50.6826939+06:00"
2021-09-28 18:15:10.713 +06:00 [INF] no file to delete
2021-09-28 18:15:10.713 +06:00 [INF] Worker running at: "2021-09-28T18:15:10.7133615+06:00"
2021-09-28 18:15:30.729 +06:00 [INF] no file to delete
2021-09-28 18:15:30.729 +06:00 [INF] Worker running at: "2021-09-28T18:15:30.7292258+06:00"
2021-09-28 18:15:50.737 +06:00 [INF] no file to delete
2021-09-28 18:15:50.737 +06:00 [INF] Worker running at: "2021-09-28T18:15:50.7378451+06:00"
2021-09-28 18:16:10.755 +06:00 [INF] no file to delete
2021-09-28 18:16:10.755 +06:00 [INF] Worker running at: "2021-09-28T18:16:10.7551021+06:00"
2021-09-28 18:16:30.766 +06:00 [INF] no file to delete
2021-09-28 18:16:30.766 +06:00 [INF] Worker running at: "2021-09-28T18:16:30.7667509+06:00"
2021-09-28 18:16:50.790 +06:00 [INF] no file to delete
2021-09-28 18:16:50.790 +06:00 [INF] Worker running at: "2021-09-28T18:16:50.7907420+06:00"
2021-09-28 18:17:10.797 +06:00 [INF] no file to delete
2021-09-28 18:17:10.797 +06:00 [INF] Worker running at: "2021-09-28T18:17:10.7975176+06:00"
2021-09-28 18:17:30.826 +06:00 [INF] no file to delete
2021-09-28 18:17:30.826 +06:00 [INF] Worker running at: "2021-09-28T18:17:30.8262381+06:00"
2021-09-28 18:17:50.840 +06:00 [INF] no file to delete
2021-09-28 18:17:50.840 +06:00 [INF] Worker running at: "2021-09-28T18:17:50.8409320+06:00"
2021-09-28 18:18:10.848 +06:00 [INF] no file to delete
2021-09-28 18:18:10.848 +06:00 [INF] Worker running at: "2021-09-28T18:18:10.8488284+06:00"
2021-09-28 18:18:30.850 +06:00 [INF] no file to delete
2021-09-28 18:18:30.850 +06:00 [INF] Worker running at: "2021-09-28T18:18:30.8508856+06:00"
2021-09-28 18:18:50.860 +06:00 [INF] no file to delete
2021-09-28 18:18:50.860 +06:00 [INF] Worker running at: "2021-09-28T18:18:50.8608321+06:00"
2021-09-28 18:19:10.882 +06:00 [INF] no file to delete
2021-09-28 18:19:10.882 +06:00 [INF] Worker running at: "2021-09-28T18:19:10.8824344+06:00"
2021-09-28 18:19:30.903 +06:00 [INF] no file to delete
2021-09-28 18:19:30.903 +06:00 [INF] Worker running at: "2021-09-28T18:19:30.9031688+06:00"
2021-09-28 18:19:50.914 +06:00 [INF] no file to delete
2021-09-28 18:19:50.914 +06:00 [INF] Worker running at: "2021-09-28T18:19:50.9147282+06:00"
2021-09-28 18:20:10.919 +06:00 [INF] no file to delete
2021-09-28 18:20:10.919 +06:00 [INF] Worker running at: "2021-09-28T18:20:10.9199732+06:00"
2021-09-28 18:20:30.934 +06:00 [INF] no file to delete
2021-09-28 18:20:30.934 +06:00 [INF] Worker running at: "2021-09-28T18:20:30.9340648+06:00"
2021-09-28 18:20:50.939 +06:00 [INF] no file to delete
2021-09-28 18:20:50.941 +06:00 [INF] Worker running at: "2021-09-28T18:20:50.9410970+06:00"
2021-09-28 18:21:10.964 +06:00 [INF] no file to delete
2021-09-28 18:21:10.964 +06:00 [INF] Worker running at: "2021-09-28T18:21:10.9645772+06:00"
2021-09-28 18:21:30.975 +06:00 [INF] no file to delete
2021-09-28 18:21:30.975 +06:00 [INF] Worker running at: "2021-09-28T18:21:30.9752800+06:00"
2021-09-28 18:21:50.991 +06:00 [INF] no file to delete
2021-09-28 18:21:50.991 +06:00 [INF] Worker running at: "2021-09-28T18:21:50.9912889+06:00"
2021-09-28 18:22:11.006 +06:00 [INF] no file to delete
2021-09-28 18:22:11.006 +06:00 [INF] Worker running at: "2021-09-28T18:22:11.0061349+06:00"
2021-09-28 18:22:31.021 +06:00 [INF] no file to delete
2021-09-28 18:22:31.021 +06:00 [INF] Worker running at: "2021-09-28T18:22:31.0219230+06:00"
2021-09-28 18:22:51.031 +06:00 [INF] no file to delete
2021-09-28 18:22:51.031 +06:00 [INF] Worker running at: "2021-09-28T18:22:51.0311591+06:00"
2021-09-28 18:23:11.034 +06:00 [INF] no file to delete
2021-09-28 18:23:11.034 +06:00 [INF] Worker running at: "2021-09-28T18:23:11.0347242+06:00"
2021-09-28 18:23:31.037 +06:00 [INF] no file to delete
2021-09-28 18:23:31.037 +06:00 [INF] Worker running at: "2021-09-28T18:23:31.0378401+06:00"
2021-09-28 18:23:51.060 +06:00 [INF] no file to delete
2021-09-28 18:23:51.061 +06:00 [INF] Worker running at: "2021-09-28T18:23:51.0616048+06:00"
2021-09-28 18:24:11.077 +06:00 [INF] no file to delete
2021-09-28 18:24:11.077 +06:00 [INF] Worker running at: "2021-09-28T18:24:11.0774843+06:00"
2021-09-28 18:24:31.086 +06:00 [INF] no file to delete
2021-09-28 18:24:31.086 +06:00 [INF] Worker running at: "2021-09-28T18:24:31.0865408+06:00"
2021-09-28 18:24:51.125 +06:00 [INF] no file to delete
2021-09-28 18:24:51.125 +06:00 [INF] Worker running at: "2021-09-28T18:24:51.1258609+06:00"
2021-09-28 18:25:11.128 +06:00 [INF] no file to delete
2021-09-28 18:25:11.128 +06:00 [INF] Worker running at: "2021-09-28T18:25:11.1285787+06:00"
2021-09-28 18:25:31.133 +06:00 [INF] no file to delete
2021-09-28 18:25:31.133 +06:00 [INF] Worker running at: "2021-09-28T18:25:31.1333302+06:00"
2021-09-28 18:25:51.139 +06:00 [INF] no file to delete
2021-09-28 18:25:51.140 +06:00 [INF] Worker running at: "2021-09-28T18:25:51.1406277+06:00"
2021-09-28 18:26:11.161 +06:00 [INF] no file to delete
2021-09-28 18:26:11.161 +06:00 [INF] Worker running at: "2021-09-28T18:26:11.1613444+06:00"
2021-09-28 18:26:31.170 +06:00 [INF] no file to delete
2021-09-28 18:26:31.170 +06:00 [INF] Worker running at: "2021-09-28T18:26:31.1704028+06:00"
2021-09-28 18:26:51.182 +06:00 [INF] no file to delete
2021-09-28 18:26:51.183 +06:00 [INF] Worker running at: "2021-09-28T18:26:51.1830232+06:00"
2021-09-28 18:27:11.196 +06:00 [INF] no file to delete
2021-09-28 18:27:11.196 +06:00 [INF] Worker running at: "2021-09-28T18:27:11.1964439+06:00"
2021-09-28 18:27:25.031 +06:00 [INF] Application Starting up
2021-09-28 18:27:26.616 +06:00 [INF] no file to delete
2021-09-28 18:27:26.618 +06:00 [INF] Worker running at: "2021-09-28T18:27:26.6178905+06:00"
2021-09-28 18:27:46.641 +06:00 [INF] no file to delete
2021-09-28 18:27:46.641 +06:00 [INF] Worker running at: "2021-09-28T18:27:46.6416904+06:00"
2021-09-28 18:28:07.131 +06:00 [INF] Deleted 
2021-09-28 18:28:07.131 +06:00 [INF] Worker running at: "2021-09-28T18:28:07.1316435+06:00"
2021-09-28 18:28:27.143 +06:00 [INF] no file to delete
2021-09-28 18:28:27.144 +06:00 [INF] Worker running at: "2021-09-28T18:28:27.1439466+06:00"
2021-09-28 18:28:47.163 +06:00 [INF] no file to delete
2021-09-28 18:28:47.163 +06:00 [INF] Worker running at: "2021-09-28T18:28:47.1636921+06:00"
2021-09-28 18:29:07.178 +06:00 [INF] no file to delete
2021-09-28 18:29:07.178 +06:00 [INF] Worker running at: "2021-09-28T18:29:07.1785216+06:00"
2021-09-28 18:29:27.181 +06:00 [INF] no file to delete
2021-09-28 18:29:27.181 +06:00 [INF] Worker running at: "2021-09-28T18:29:27.1816369+06:00"
2021-09-28 18:29:47.187 +06:00 [INF] no file to delete
2021-09-28 18:29:47.187 +06:00 [INF] Worker running at: "2021-09-28T18:29:47.1875522+06:00"
2021-09-28 18:30:07.201 +06:00 [INF] no file to delete
2021-09-28 18:30:07.201 +06:00 [INF] Worker running at: "2021-09-28T18:30:07.2012780+06:00"
2021-09-28 18:30:27.206 +06:00 [INF] no file to delete
2021-09-28 18:30:27.206 +06:00 [INF] Worker running at: "2021-09-28T18:30:27.2061571+06:00"
2021-09-28 18:30:47.209 +06:00 [INF] no file to delete
2021-09-28 18:30:47.209 +06:00 [INF] Worker running at: "2021-09-28T18:30:47.2097583+06:00"
2021-09-28 18:31:07.254 +06:00 [INF] Deleted 
2021-09-28 18:31:07.254 +06:00 [INF] Worker running at: "2021-09-28T18:31:07.2543986+06:00"
2021-09-28 18:31:27.268 +06:00 [INF] no file to delete
2021-09-28 18:31:27.269 +06:00 [INF] Worker running at: "2021-09-28T18:31:27.2688855+06:00"
2021-09-28 18:31:47.280 +06:00 [INF] no file to delete
2021-09-28 18:31:47.281 +06:00 [INF] Worker running at: "2021-09-28T18:31:47.2810321+06:00"
2021-09-28 18:32:07.327 +06:00 [INF] Deleted 
2021-09-28 18:32:07.327 +06:00 [INF] Worker running at: "2021-09-28T18:32:07.3279636+06:00"
2021-09-28 18:32:27.373 +06:00 [INF] no file to delete
2021-09-28 18:32:27.373 +06:00 [INF] Worker running at: "2021-09-28T18:32:27.3735073+06:00"
2021-09-28 18:32:47.389 +06:00 [INF] no file to delete
2021-09-28 18:32:47.389 +06:00 [INF] Worker running at: "2021-09-28T18:32:47.3894062+06:00"
2021-09-28 18:33:07.394 +06:00 [INF] no file to delete
2021-09-28 18:33:07.394 +06:00 [INF] Worker running at: "2021-09-28T18:33:07.3942204+06:00"
2021-09-28 19:25:12.917 +06:00 [INF] Application Starting up
2021-09-28 19:25:14.537 +06:00 [INF] no file to delete
2021-09-28 19:25:14.538 +06:00 [INF] Worker running at: "2021-09-28T19:25:14.5380909+06:00"
2021-09-28 19:25:34.556 +06:00 [INF] no file to delete
2021-09-28 19:25:34.556 +06:00 [INF] Worker running at: "2021-09-28T19:25:34.5564412+06:00"
2021-09-28 19:25:54.571 +06:00 [INF] no file to delete
2021-09-28 19:25:54.571 +06:00 [INF] Worker running at: "2021-09-28T19:25:54.5715628+06:00"
2021-09-28 19:26:14.583 +06:00 [INF] no file to delete
2021-09-28 19:26:14.583 +06:00 [INF] Worker running at: "2021-09-28T19:26:14.5834500+06:00"
2021-09-28 19:26:34.584 +06:00 [INF] no file to delete
2021-09-28 19:26:34.584 +06:00 [INF] Worker running at: "2021-09-28T19:26:34.5848775+06:00"
2021-09-28 19:26:54.596 +06:00 [INF] no file to delete
2021-09-28 19:26:54.596 +06:00 [INF] Worker running at: "2021-09-28T19:26:54.5965400+06:00"
2021-09-28 19:27:14.611 +06:00 [INF] no file to delete
2021-09-28 19:27:14.611 +06:00 [INF] Worker running at: "2021-09-28T19:27:14.6119186+06:00"
2021-09-28 19:27:34.621 +06:00 [INF] no file to delete
2021-09-28 19:27:34.621 +06:00 [INF] Worker running at: "2021-09-28T19:27:34.6214401+06:00"
2021-09-28 19:27:54.833 +06:00 [INF] Deleted 
2021-09-28 19:27:54.833 +06:00 [INF] Worker running at: "2021-09-28T19:27:54.8339767+06:00"
2021-09-28 19:28:14.840 +06:00 [INF] no file to delete
2021-09-28 19:28:14.842 +06:00 [INF] Worker running at: "2021-09-28T19:28:14.8420649+06:00"
2021-09-28 19:28:34.844 +06:00 [INF] no file to delete
2021-09-28 19:28:34.844 +06:00 [INF] Worker running at: "2021-09-28T19:28:34.8446673+06:00"
2021-09-28 19:29:25.253 +06:00 [INF] Application Starting up
2021-09-28 19:29:26.764 +06:00 [INF] no file to delete
2021-09-28 19:29:26.765 +06:00 [INF] Worker running at: "2021-09-28T19:29:26.7651877+06:00"
2021-09-28 19:29:46.788 +06:00 [INF] no file to delete
2021-09-28 19:29:46.788 +06:00 [INF] Worker running at: "2021-09-28T19:29:46.7883267+06:00"
2021-09-28 19:37:27.802 +06:00 [INF] Application Starting up
2021-09-28 19:37:29.315 +06:00 [INF] no file to delete
2021-09-28 19:37:29.317 +06:00 [INF] Worker running at: "2021-09-28T19:37:29.3172331+06:00"
2021-09-28 19:37:49.333 +06:00 [INF] no file to delete
2021-09-28 19:37:49.333 +06:00 [INF] Worker running at: "2021-09-28T19:37:49.3336973+06:00"
2021-09-28 19:38:09.350 +06:00 [INF] no file to delete
2021-09-28 19:38:09.350 +06:00 [INF] Worker running at: "2021-09-28T19:38:09.3507105+06:00"
2021-09-28 19:38:29.367 +06:00 [INF] no file to delete
2021-09-28 19:38:29.367 +06:00 [INF] Worker running at: "2021-09-28T19:38:29.3672838+06:00"
2021-09-28 19:38:49.677 +06:00 [INF] Deleted 
2021-09-28 19:38:49.677 +06:00 [INF] Worker running at: "2021-09-28T19:38:49.6775513+06:00"
2021-09-28 19:39:09.728 +06:00 [INF] Deleted 
2021-09-28 19:39:09.728 +06:00 [INF] Worker running at: "2021-09-28T19:39:09.7288184+06:00"
2021-09-28 19:39:29.799 +06:00 [INF] Deleted 
2021-09-28 19:39:29.799 +06:00 [INF] Worker running at: "2021-09-28T19:39:29.7992197+06:00"
2021-09-28 19:39:49.930 +06:00 [INF] Deleted 
2021-09-28 19:39:49.930 +06:00 [INF] Worker running at: "2021-09-28T19:39:49.9306963+06:00"
2021-09-28 19:40:09.935 +06:00 [INF] no file to delete
2021-09-28 19:40:09.935 +06:00 [INF] Worker running at: "2021-09-28T19:40:09.9359710+06:00"
2021-09-28 19:40:29.953 +06:00 [INF] no file to delete
2021-09-28 19:40:29.953 +06:00 [INF] Worker running at: "2021-09-28T19:40:29.9535347+06:00"
2021-09-28 19:40:49.960 +06:00 [INF] no file to delete
2021-09-28 19:40:49.961 +06:00 [INF] Worker running at: "2021-09-28T19:40:49.9609811+06:00"
2021-09-28 19:41:10.002 +06:00 [INF] no file to delete
2021-09-28 19:41:10.002 +06:00 [INF] Worker running at: "2021-09-28T19:41:10.0021574+06:00"
2021-09-28 19:41:30.020 +06:00 [INF] no file to delete
2021-09-28 19:41:30.020 +06:00 [INF] Worker running at: "2021-09-28T19:41:30.0208363+06:00"
2021-09-28 19:41:50.035 +06:00 [INF] no file to delete
2021-09-28 19:41:50.035 +06:00 [INF] Worker running at: "2021-09-28T19:41:50.0355152+06:00"
2021-09-28 19:54:26.167 +06:00 [INF] Application Starting up
2021-09-28 19:54:27.800 +06:00 [INF] no file to delete
2021-09-28 19:54:27.801 +06:00 [INF] Worker running at: "2021-09-28T19:54:27.8012437+06:00"
2021-09-28 19:54:47.818 +06:00 [INF] no file to delete
2021-09-28 19:54:47.818 +06:00 [INF] Worker running at: "2021-09-28T19:54:47.8181029+06:00"
2021-09-28 19:55:07.850 +06:00 [INF] no file to delete
2021-09-28 19:55:07.850 +06:00 [INF] Worker running at: "2021-09-28T19:55:07.8508538+06:00"
2021-09-28 19:55:27.856 +06:00 [INF] no file to delete
2021-09-28 19:55:27.858 +06:00 [INF] Worker running at: "2021-09-28T19:55:27.8582234+06:00"
2021-09-28 19:55:48.136 +06:00 [INF] Deleted 
2021-09-28 19:55:48.136 +06:00 [INF] Worker running at: "2021-09-28T19:55:48.1364966+06:00"
2021-09-28 19:56:08.149 +06:00 [INF] no file to delete
2021-09-28 19:56:08.149 +06:00 [INF] Worker running at: "2021-09-28T19:56:08.1495702+06:00"
2021-09-28 19:56:28.161 +06:00 [INF] no file to delete
2021-09-28 19:56:28.161 +06:00 [INF] Worker running at: "2021-09-28T19:56:28.1614475+06:00"
2021-09-28 19:56:48.174 +06:00 [INF] no file to delete
2021-09-28 19:56:48.174 +06:00 [INF] Worker running at: "2021-09-28T19:56:48.1747534+06:00"
2021-09-28 19:57:08.217 +06:00 [INF] no file to delete
2021-09-28 19:57:08.217 +06:00 [INF] Worker running at: "2021-09-28T19:57:08.2174779+06:00"
2021-09-28 20:03:57.921 +06:00 [INF] Application Starting up
2021-09-28 20:03:59.554 +06:00 [INF] no file to delete
2021-09-28 20:03:59.555 +06:00 [INF] Worker running at: "2021-09-28T20:03:59.5550292+06:00"
2021-09-28 20:04:19.576 +06:00 [INF] no file to delete
2021-09-28 20:04:19.576 +06:00 [INF] Worker running at: "2021-09-28T20:04:19.5766555+06:00"
2021-09-28 20:04:39.581 +06:00 [INF] no file to delete
2021-09-28 20:04:39.581 +06:00 [INF] Worker running at: "2021-09-28T20:04:39.5817838+06:00"
2021-09-28 20:04:59.596 +06:00 [INF] no file to delete
2021-09-28 20:04:59.596 +06:00 [INF] Worker running at: "2021-09-28T20:04:59.5963046+06:00"
2021-09-28 20:22:38.882 +06:00 [INF] Application Starting up
2021-09-28 20:22:40.343 +06:00 [INF] no file to delete
2021-09-28 20:22:40.345 +06:00 [INF] Worker running at: "2021-09-28T20:22:40.3445897+06:00"
2021-09-28 20:23:00.370 +06:00 [INF] no file to delete
2021-09-28 20:23:00.371 +06:00 [INF] Worker running at: "2021-09-28T20:23:00.3710026+06:00"
2021-09-28 20:23:20.412 +06:00 [INF] no file to delete
2021-09-28 20:23:20.412 +06:00 [INF] Worker running at: "2021-09-28T20:23:20.4122513+06:00"
2021-09-28 20:23:40.688 +06:00 [INF] Deleted 
2021-09-28 20:23:40.688 +06:00 [INF] Worker running at: "2021-09-28T20:23:40.6885228+06:00"
2021-09-28 20:24:00.695 +06:00 [INF] no file to delete
2021-09-28 20:24:00.695 +06:00 [INF] Worker running at: "2021-09-28T20:24:00.6956062+06:00"
2021-09-28 20:24:20.699 +06:00 [INF] no file to delete
2021-09-28 20:24:20.699 +06:00 [INF] Worker running at: "2021-09-28T20:24:20.6998960+06:00"
2021-09-28 20:24:40.715 +06:00 [INF] no file to delete
2021-09-28 20:24:40.715 +06:00 [INF] Worker running at: "2021-09-28T20:24:40.7157451+06:00"
2021-09-28 21:09:30.335 +06:00 [INF] Application Starting up
2021-09-28 21:09:32.041 +06:00 [INF] no file to delete
2021-09-28 21:09:32.043 +06:00 [INF] Worker running at: "2021-09-28T21:09:32.0425585+06:00"
2021-09-28 21:10:40.443 +06:00 [INF] no file to delete
2021-09-28 21:10:40.443 +06:00 [INF] Worker running at: "2021-09-28T21:10:40.4436084+06:00"
2021-09-28 21:11:00.458 +06:00 [INF] no file to delete
2021-09-28 21:11:00.458 +06:00 [INF] Worker running at: "2021-09-28T21:11:00.4586136+06:00"
2021-09-28 21:11:20.470 +06:00 [INF] no file to delete
2021-09-28 21:11:20.470 +06:00 [INF] Worker running at: "2021-09-28T21:11:20.4708162+06:00"
2021-09-28 21:11:40.488 +06:00 [INF] no file to delete
2021-09-28 21:11:40.489 +06:00 [INF] Worker running at: "2021-09-28T21:11:40.4889888+06:00"
2021-09-28 21:12:00.500 +06:00 [INF] no file to delete
2021-09-28 21:12:00.501 +06:00 [INF] Worker running at: "2021-09-28T21:12:00.5009519+06:00"
2021-09-28 21:12:20.514 +06:00 [INF] no file to delete
2021-09-28 21:12:20.515 +06:00 [INF] Worker running at: "2021-09-28T21:12:20.5150447+06:00"
2021-09-28 21:13:19.762 +06:00 [INF] no file to delete
2021-09-28 21:13:19.762 +06:00 [INF] Worker running at: "2021-09-28T21:13:19.7625805+06:00"
2021-09-28 21:13:40.932 +06:00 [INF] no file to delete
2021-09-28 21:13:40.932 +06:00 [INF] Worker running at: "2021-09-28T21:13:40.9328511+06:00"
2021-09-28 21:16:12.497 +06:00 [INF] Application Starting up
2021-09-28 21:16:13.897 +06:00 [INF] no file to delete
2021-09-28 21:16:13.899 +06:00 [INF] Worker running at: "2021-09-28T21:16:13.8989016+06:00"
2021-09-28 21:16:33.916 +06:00 [INF] no file to delete
2021-09-28 21:16:33.916 +06:00 [INF] Worker running at: "2021-09-28T21:16:33.9168446+06:00"
2021-09-28 21:16:53.926 +06:00 [INF] no file to delete
2021-09-28 21:16:53.927 +06:00 [INF] Worker running at: "2021-09-28T21:16:53.9270946+06:00"
2021-09-28 21:17:13.944 +06:00 [INF] no file to delete
2021-09-28 21:17:13.944 +06:00 [INF] Worker running at: "2021-09-28T21:17:13.9445994+06:00"
2021-09-28 21:17:43.649 +06:00 [INF] Application Starting up
2021-09-28 21:17:45.075 +06:00 [INF] no file to delete
2021-09-28 21:17:45.077 +06:00 [INF] Worker running at: "2021-09-28T21:17:45.0767794+06:00"
2021-09-28 21:18:25.481 +06:00 [INF] no file to delete
2021-09-28 21:18:25.481 +06:00 [INF] Worker running at: "2021-09-28T21:18:25.4817129+06:00"
2021-09-28 21:18:46.616 +06:00 [INF] no file to delete
2021-09-28 21:18:46.616 +06:00 [INF] Worker running at: "2021-09-28T21:18:46.6163834+06:00"
2021-09-28 21:19:51.698 +06:00 [INF] Application Starting up
2021-09-28 21:19:53.122 +06:00 [INF] no file to delete
2021-09-28 21:19:53.123 +06:00 [INF] Worker running at: "2021-09-28T21:19:53.1231914+06:00"
2021-09-28 21:20:14.391 +06:00 [INF] no file to delete
2021-09-28 21:20:14.391 +06:00 [INF] Worker running at: "2021-09-28T21:20:14.3917063+06:00"
2021-09-28 21:28:09.822 +06:00 [INF] Application Starting up
2021-09-28 21:28:11.263 +06:00 [INF] no file to delete
2021-09-28 21:28:11.265 +06:00 [INF] Worker running at: "2021-09-28T21:28:11.2647977+06:00"
2021-09-28 21:42:24.180 +06:00 [INF] Application Starting up
2021-09-28 21:42:25.654 +06:00 [INF] no file to delete
2021-09-28 21:42:25.656 +06:00 [INF] Worker running at: "2021-09-28T21:42:25.6558774+06:00"
2021-09-28 21:42:45.680 +06:00 [INF] no file to delete
2021-09-28 21:42:45.680 +06:00 [INF] Worker running at: "2021-09-28T21:42:45.6805074+06:00"
2021-09-28 22:23:57.340 +06:00 [INF] Application Starting up
2021-09-28 22:23:58.913 +06:00 [INF] no file to delete
2021-09-28 22:23:58.915 +06:00 [INF] Worker running at: "2021-09-28T22:23:58.9149785+06:00"
2021-09-28 22:41:13.594 +06:00 [INF] Application Starting up
2021-09-28 22:41:15.148 +06:00 [INF] no file to delete
2021-09-28 22:41:15.150 +06:00 [INF] Worker running at: "2021-09-28T22:41:15.1495409+06:00"
2021-09-28 22:41:35.164 +06:00 [INF] no file to delete
2021-09-28 22:41:35.164 +06:00 [INF] Worker running at: "2021-09-28T22:41:35.1647302+06:00"
2021-09-28 22:42:25.069 +06:00 [INF] Application Starting up
2021-09-28 22:42:26.527 +06:00 [INF] no file to delete
2021-09-28 22:42:26.528 +06:00 [INF] Worker running at: "2021-09-28T22:42:26.5281155+06:00"
2021-09-28 22:42:46.555 +06:00 [INF] no file to delete
2021-09-28 22:42:46.555 +06:00 [INF] Worker running at: "2021-09-28T22:42:46.5558575+06:00"
2021-09-28 22:43:06.568 +06:00 [INF] no file to delete
2021-09-28 22:43:06.569 +06:00 [INF] Worker running at: "2021-09-28T22:43:06.5689872+06:00"
2021-09-28 22:43:43.119 +06:00 [INF] Application Starting up
2021-09-28 22:43:44.512 +06:00 [INF] no file to delete
2021-09-28 22:43:44.513 +06:00 [INF] Worker running at: "2021-09-28T22:43:44.5131699+06:00"
2021-09-28 22:44:04.530 +06:00 [INF] no file to delete
2021-09-28 22:44:04.530 +06:00 [INF] Worker running at: "2021-09-28T22:44:04.5300694+06:00"
2021-09-28 22:44:24.535 +06:00 [INF] no file to delete
2021-09-28 22:44:24.535 +06:00 [INF] Worker running at: "2021-09-28T22:44:24.5352003+06:00"
2021-09-28 22:44:44.543 +06:00 [INF] no file to delete
2021-09-28 22:44:44.543 +06:00 [INF] Worker running at: "2021-09-28T22:44:44.5437850+06:00"
2021-09-28 22:45:04.581 +06:00 [INF] no file to delete
2021-09-28 22:45:04.581 +06:00 [INF] Worker running at: "2021-09-28T22:45:04.5811876+06:00"
2021-09-28 22:54:45.409 +06:00 [INF] Application Starting up
2021-09-28 22:54:46.885 +06:00 [INF] no file to delete
2021-09-28 22:54:46.886 +06:00 [INF] Worker running at: "2021-09-28T22:54:46.8862186+06:00"
2021-09-28 22:55:06.915 +06:00 [INF] no file to delete
2021-09-28 22:55:06.915 +06:00 [INF] Worker running at: "2021-09-28T22:55:06.9150843+06:00"
2021-09-28 22:55:26.929 +06:00 [INF] no file to delete
2021-09-28 22:55:26.929 +06:00 [INF] Worker running at: "2021-09-28T22:55:26.9291623+06:00"
2021-09-28 22:55:46.948 +06:00 [INF] no file to delete
2021-09-28 22:55:46.948 +06:00 [INF] Worker running at: "2021-09-28T22:55:46.9483266+06:00"
2021-09-28 22:56:07.219 +06:00 [INF] Deleted 
2021-09-28 22:56:07.219 +06:00 [INF] Worker running at: "2021-09-28T22:56:07.2197322+06:00"
2021-09-28 22:56:27.243 +06:00 [INF] no file to delete
2021-09-28 22:56:27.243 +06:00 [INF] Worker running at: "2021-09-28T22:56:27.2434744+06:00"
2021-09-28 22:56:47.246 +06:00 [INF] no file to delete
2021-09-28 22:56:47.247 +06:00 [INF] Worker running at: "2021-09-28T22:56:47.2470776+06:00"
2021-09-28 22:57:07.267 +06:00 [INF] no file to delete
2021-09-28 22:57:07.267 +06:00 [INF] Worker running at: "2021-09-28T22:57:07.2678766+06:00"
2021-09-28 22:57:27.284 +06:00 [INF] no file to delete
2021-09-28 22:57:27.284 +06:00 [INF] Worker running at: "2021-09-28T22:57:27.2841034+06:00"
