2021-09-29 00:03:03.885 +06:00 [INF] Application Starting up
2021-09-29 20:01:28.405 +06:00 [INF] Application Starting up
2021-09-29 20:01:38.373 +06:00 [INF] User logged in.
2021-09-29 20:02:49.433 +06:00 [ERR] An unhandled exception has occurred while executing the request.
System.NullReferenceException: Object reference not set to an instance of an object.
   at DataImporter.Info.Services.ExportServices.GetExportHistory(Int32 groupId) in D:\#FinalProject\3\DataImporter.Info\Services\ExportServices.cs:line 90
   at DataImporter.Areas.User.Models.ExportStatusModel.MakeStatus(Int32 groupId, String email) in D:\#FinalProject\3\DataImporter\Areas\User\Models\ExportStatusModel.cs:line 42
   at DataImporter.Areas.User.Controllers.DataImporterController.EmailSender(EmailSenderModel emailSenderModel) in D:\#FinalProject\3\DataImporter\Areas\User\Controllers\DataImporterController.cs:line 338
   at lambda_method1150(Closure , Object , Object[] )
   at Microsoft.AspNetCore.Mvc.Infrastructure.ActionMethodExecutor.SyncActionResultExecutor.Execute(IActionResultTypeMapper mapper, ObjectMethodExecutor executor, Object controller, Object[] arguments)
   at Microsoft.AspNetCore.Mvc.Infrastructure.ControllerActionInvoker.InvokeActionMethodAsync()
   at Microsoft.AspNetCore.Mvc.Infrastructure.ControllerActionInvoker.Next(State& next, Scope& scope, Object& state, Boolean& isCompleted)
   at Microsoft.AspNetCore.Mvc.Infrastructure.ControllerActionInvoker.InvokeNextActionFilterAsync()
--- End of stack trace from previous location ---
   at Microsoft.AspNetCore.Mvc.Infrastructure.ControllerActionInvoker.Rethrow(ActionExecutedContextSealed context)
   at Microsoft.AspNetCore.Mvc.Infrastructure.ControllerActionInvoker.Next(State& next, Scope& scope, Object& state, Boolean& isCompleted)
   at Microsoft.AspNetCore.Mvc.Infrastructure.ControllerActionInvoker.InvokeInnerFilterAsync()
--- End of stack trace from previous location ---
   at Microsoft.AspNetCore.Mvc.Infrastructure.ResourceInvoker.<InvokeNextResourceFilter>g__Awaited|24_0(ResourceInvoker invoker, Task lastTask, State next, Scope scope, Object state, Boolean isCompleted)
   at Microsoft.AspNetCore.Mvc.Infrastructure.ResourceInvoker.Rethrow(ResourceExecutedContextSealed context)
   at Microsoft.AspNetCore.Mvc.Infrastructure.ResourceInvoker.Next(State& next, Scope& scope, Object& state, Boolean& isCompleted)
   at Microsoft.AspNetCore.Mvc.Infrastructure.ResourceInvoker.InvokeFilterPipelineAsync()
--- End of stack trace from previous location ---
   at Microsoft.AspNetCore.Mvc.Infrastructure.ResourceInvoker.<InvokeAsync>g__Awaited|17_0(ResourceInvoker invoker, Task task, IDisposable scope)
   at Microsoft.AspNetCore.Routing.EndpointMiddleware.<Invoke>g__AwaitRequestTask|6_0(Endpoint endpoint, Task requestTask, ILogger logger)
   at Microsoft.AspNetCore.Session.SessionMiddleware.Invoke(HttpContext context)
   at Microsoft.AspNetCore.Session.SessionMiddleware.Invoke(HttpContext context)
   at Microsoft.AspNetCore.Authorization.Policy.AuthorizationMiddlewareResultHandler.HandleAsync(RequestDelegate next, HttpContext context, AuthorizationPolicy policy, PolicyAuthorizationResult authorizeResult)
   at Microsoft.AspNetCore.Authorization.AuthorizationMiddleware.Invoke(HttpContext context)
   at Microsoft.AspNetCore.Authentication.AuthenticationMiddleware.Invoke(HttpContext context)
   at Microsoft.AspNetCore.Diagnostics.EntityFrameworkCore.MigrationsEndPointMiddleware.Invoke(HttpContext context)
   at Microsoft.AspNetCore.Diagnostics.DeveloperExceptionPageMiddleware.Invoke(HttpContext context)
2021-09-29 20:03:03.259 +06:00 [INF] Application Starting up
2021-09-29 20:03:16.494 +06:00 [INF] User logged in.
2021-09-29 20:07:22.777 +06:00 [INF] Application Starting up
2021-09-29 20:07:32.162 +06:00 [INF] User logged in.
2021-09-29 20:10:08.014 +06:00 [INF] Application Starting up
2021-09-29 20:10:15.641 +06:00 [INF] User logged in.
2021-09-29 20:13:35.452 +06:00 [INF] Application Starting up
2021-09-29 20:13:43.418 +06:00 [INF] User logged in.
2021-09-29 20:15:53.071 +06:00 [INF] Application Starting up
2021-09-29 20:16:10.302 +06:00 [INF] User logged in.
2021-09-29 20:17:07.712 +06:00 [ERR] An unhandled exception has occurred while executing the request.
System.NullReferenceException: Object reference not set to an instance of an object.
   at DataImporter.Info.Services.ExportServices.GetExportHistory(Int32 groupId) in D:\#FinalProject\3\DataImporter.Info\Services\ExportServices.cs:line 89
   at DataImporter.Areas.User.Models.ExportStatusModel.MakeStatus(Int32 groupId, String email) in D:\#FinalProject\3\DataImporter\Areas\User\Models\ExportStatusModel.cs:line 42
   at DataImporter.Areas.User.Controllers.DataImporterController.EmailSender(EmailSenderModel emailSenderModel) in D:\#FinalProject\3\DataImporter\Areas\User\Controllers\DataImporterController.cs:line 338
   at lambda_method999(Closure , Object , Object[] )
   at Microsoft.AspNetCore.Mvc.Infrastructure.ActionMethodExecutor.SyncActionResultExecutor.Execute(IActionResultTypeMapper mapper, ObjectMethodExecutor executor, Object controller, Object[] arguments)
   at Microsoft.AspNetCore.Mvc.Infrastructure.ControllerActionInvoker.InvokeActionMethodAsync()
   at Microsoft.AspNetCore.Mvc.Infrastructure.ControllerActionInvoker.Next(State& next, Scope& scope, Object& state, Boolean& isCompleted)
   at Microsoft.AspNetCore.Mvc.Infrastructure.ControllerActionInvoker.InvokeNextActionFilterAsync()
--- End of stack trace from previous location ---
   at Microsoft.AspNetCore.Mvc.Infrastructure.ControllerActionInvoker.Rethrow(ActionExecutedContextSealed context)
   at Microsoft.AspNetCore.Mvc.Infrastructure.ControllerActionInvoker.Next(State& next, Scope& scope, Object& state, Boolean& isCompleted)
   at Microsoft.AspNetCore.Mvc.Infrastructure.ControllerActionInvoker.InvokeInnerFilterAsync()
--- End of stack trace from previous location ---
   at Microsoft.AspNetCore.Mvc.Infrastructure.ResourceInvoker.<InvokeNextResourceFilter>g__Awaited|24_0(ResourceInvoker invoker, Task lastTask, State next, Scope scope, Object state, Boolean isCompleted)
   at Microsoft.AspNetCore.Mvc.Infrastructure.ResourceInvoker.Rethrow(ResourceExecutedContextSealed context)
   at Microsoft.AspNetCore.Mvc.Infrastructure.ResourceInvoker.Next(State& next, Scope& scope, Object& state, Boolean& isCompleted)
   at Microsoft.AspNetCore.Mvc.Infrastructure.ResourceInvoker.InvokeFilterPipelineAsync()
--- End of stack trace from previous location ---
   at Microsoft.AspNetCore.Mvc.Infrastructure.ResourceInvoker.<InvokeAsync>g__Awaited|17_0(ResourceInvoker invoker, Task task, IDisposable scope)
   at Microsoft.AspNetCore.Routing.EndpointMiddleware.<Invoke>g__AwaitRequestTask|6_0(Endpoint endpoint, Task requestTask, ILogger logger)
   at Microsoft.AspNetCore.Session.SessionMiddleware.Invoke(HttpContext context)
   at Microsoft.AspNetCore.Session.SessionMiddleware.Invoke(HttpContext context)
   at Microsoft.AspNetCore.Authorization.Policy.AuthorizationMiddlewareResultHandler.HandleAsync(RequestDelegate next, HttpContext context, AuthorizationPolicy policy, PolicyAuthorizationResult authorizeResult)
   at Microsoft.AspNetCore.Authorization.AuthorizationMiddleware.Invoke(HttpContext context)
   at Microsoft.AspNetCore.Authentication.AuthenticationMiddleware.Invoke(HttpContext context)
   at Microsoft.AspNetCore.Diagnostics.EntityFrameworkCore.MigrationsEndPointMiddleware.Invoke(HttpContext context)
   at Microsoft.AspNetCore.Diagnostics.DeveloperExceptionPageMiddleware.Invoke(HttpContext context)
2021-09-29 20:18:14.405 +06:00 [INF] Application Starting up
2021-09-29 20:18:22.417 +06:00 [INF] User logged in.
2021-09-29 20:21:06.683 +06:00 [INF] Application Starting up
2021-09-29 20:21:14.283 +06:00 [INF] User logged in.
2021-09-29 20:23:37.011 +06:00 [INF] Application Starting up
2021-09-29 20:23:45.492 +06:00 [INF] User logged in.
2021-09-29 20:25:11.824 +06:00 [INF] Application Starting up
2021-09-29 20:25:20.093 +06:00 [INF] User logged in.
2021-09-29 21:49:10.718 +06:00 [INF] Application Starting up
2021-09-29 21:51:29.615 +06:00 [INF] Application Starting up
2021-09-29 22:04:55.686 +06:00 [INF] Application Starting up
2021-09-29 22:05:27.920 +06:00 [INF] User logged in.
2021-09-29 23:07:22.120 +06:00 [INF] Application Starting up
2021-09-29 23:08:16.455 +06:00 [INF] User logged in.
2021-09-29 23:10:48.028 +06:00 [INF] User logged out.
