2021-10-19 12:47:56.520 +06:00 [INF] Application Starting up
2021-10-19 12:48:38.459 +06:00 [INF] Application Starting up
2021-10-19 12:51:54.050 +06:00 [INF] Application Starting up
2021-10-19 12:52:08.722 +06:00 [WRN] User validation failed: DuplicateUserName.
2021-10-19 12:53:38.215 +06:00 [WRN] User validation failed: DuplicateUserName.
2021-10-19 12:56:49.658 +06:00 [INF] Application Starting up
2021-10-19 12:57:01.288 +06:00 [WRN] Invalid password for user.
2021-10-19 12:57:01.290 +06:00 [WRN] User failed to provide the correct password.
2021-10-19 12:57:04.922 +06:00 [WRN] Invalid password for user.
2021-10-19 12:57:04.922 +06:00 [WRN] User failed to provide the correct password.
2021-10-19 12:57:18.341 +06:00 [WRN] User validation failed: DuplicateUserName.
2021-10-19 12:58:25.056 +06:00 [WRN] User validation failed: DuplicateUserName.
2021-10-19 13:00:59.023 +06:00 [INF] Application Starting up
2021-10-19 13:01:17.015 +06:00 [WRN] User validation failed: DuplicateUserName.
2021-10-19 13:01:50.665 +06:00 [WRN] User validation failed: DuplicateUserName.
2021-10-19 13:02:29.982 +06:00 [WRN] User validation failed: DuplicateUserName.
2021-10-19 13:06:08.964 +06:00 [INF] Application Starting up
2021-10-19 13:06:16.091 +06:00 [INF] User logged in.
2021-10-19 13:06:18.459 +06:00 [INF] User logged out.
2021-10-19 13:06:23.274 +06:00 [WRN] Invalid password for user.
2021-10-19 13:06:23.275 +06:00 [WRN] User failed to provide the correct password.
2021-10-19 13:07:44.336 +06:00 [INF] Application Starting up
2021-10-19 13:07:51.069 +06:00 [WRN] Invalid password for user.
2021-10-19 13:07:51.072 +06:00 [WRN] User failed to provide the correct password.
2021-10-19 13:08:02.057 +06:00 [INF] User logged in.
2021-10-19 13:08:04.443 +06:00 [INF] User logged out.
2021-10-19 13:08:27.320 +06:00 [WRN] Invalid password for user.
2021-10-19 13:08:27.320 +06:00 [WRN] User failed to provide the correct password.
2021-10-19 13:10:02.107 +06:00 [INF] Application Starting up
2021-10-19 13:10:14.565 +06:00 [WRN] User validation failed: DuplicateUserName.
2021-10-19 13:10:44.707 +06:00 [INF] Application Starting up
2021-10-19 13:10:57.114 +06:00 [WRN] User validation failed: DuplicateUserName.
2021-10-19 13:11:31.527 +06:00 [INF] Application Starting up
2021-10-19 13:11:44.608 +06:00 [WRN] User validation failed: DuplicateUserName.
2021-10-19 13:12:47.592 +06:00 [INF] Application Starting up
2021-10-19 13:13:08.853 +06:00 [WRN] User validation failed: DuplicateUserName.
2021-10-19 13:13:38.911 +06:00 [INF] Application Starting up
2021-10-19 13:13:53.001 +06:00 [WRN] User validation failed: DuplicateUserName.
2021-10-19 13:15:04.793 +06:00 [INF] Application Starting up
2021-10-19 13:15:24.140 +06:00 [WRN] User validation failed: DuplicateUserName.
2021-10-19 13:20:29.234 +06:00 [INF] Application Starting up
2021-10-19 13:28:00.543 +06:00 [INF] Application Starting up
2021-10-19 13:28:21.356 +06:00 [WRN] User validation failed: DuplicateUserName.
2021-10-19 13:30:26.764 +06:00 [INF] Application Starting up
2021-10-19 13:58:06.643 +06:00 [INF] Application Starting up
2021-10-19 13:58:42.710 +06:00 [INF] Application Starting up
2021-10-19 13:58:56.786 +06:00 [WRN] User validation failed: DuplicateUserName.
2021-10-19 13:59:16.509 +06:00 [INF] Application Starting up
2021-10-19 13:59:38.018 +06:00 [WRN] User validation failed: DuplicateUserName.
